<?xml version="1.0" encoding="UTF-8"?>
<!-- Generated by org.testng.reporters.JUnitXMLReporter -->
<testsuite ignored="0" hostname="NAIM" failures="3" tests="17" name="Tutorial Ninja functional Test" time="71.914" errors="0" timestamp="2023-09-26T04:18:36 EDT">
  <testcase classname="com.tutorialNinja.functionalTests.Draft" name="draftfail" time="9.821">
    <skipped/>
  </testcase> <!-- draftfail -->
  <testcase classname="com.tutorialNinja.functionalTests.R1dot1_TS002_LoginFunctionality" name="r1dot1_TS002_TC001" time="13.58"/>
  <testcase classname="com.tutorialNinja.functionalTests.R1dot2_TS006_ProductCompareFunctionality" name="r1dot2_TS006_TC001" time="14.289"/>
  <testcase classname="com.tutorialNinja.functionalTests.R1dot1_TS003_LogoutFunctionality" name="r1dot1_TS003_TC001" time="14.952"/>
  <testcase classname="com.tutorialNinja.functionalTests.Draft" name="draftfail" time="7.297">
    <skipped/>
  </testcase> <!-- draftfail -->
  <testcase classname="com.tutorialNinja.functionalTests.R1dot1_TS001_RegisterFunctionality" name="r1dot1_TS001_TC001" time="17.785">
    <skipped/>
  </testcase> <!-- r1dot1_TS001_TC001 -->
  <testcase classname="com.tutorialNinja.functionalTests.Draft" name="draftfail" time="5.9">
    <failure type="java.lang.AssertionError" message="expected [true] but found [false]">
      <![CDATA[java.lang.AssertionError: expected [true] but found [false]
at com.tutorialNinja.functionalTests.Draft.draftfail(Draft.java:23)
at java.base/java.util.concurrent.ThreadPoolExecutor.runWorker(ThreadPoolExecutor.java:1136)
at java.base/java.util.concurrent.ThreadPoolExecutor$Worker.run(ThreadPoolExecutor.java:635)
at java.base/java.lang.Thread.run(Thread.java:833)
... Removed 19 stack frames]]>
    </failure>
  </testcase> <!-- draftfail -->
  <testcase classname="com.tutorialNinja.functionalTests.R1dot2_TS005_ProductSearchFunctionality" name="r1dot2_TS005_TC001" time="10.15"/>
  <testcase classname="com.tutorialNinja.functionalTests.R1dot1_TS001_RegisterFunctionality" name="r1dot1_TS001_TC001" time="10.368">
    <skipped/>
  </testcase> <!-- r1dot1_TS001_TC001 -->
  <testcase classname="com.tutorialNinja.functionalTests.Draft" name="liginPagefail" time="4.946">
    <skipped/>
  </testcase> <!-- liginPagefail -->
  <testcase classname="com.tutorialNinja.functionalTests.Draft" name="liginPagefail" time="5.097">
    <skipped/>
  </testcase> <!-- liginPagefail -->
  <testcase classname="com.tutorialNinja.functionalTests.R1dot1_TS001_RegisterFunctionality" name="r1dot1_TS001_TC001" time="10.957">
    <failure type="java.lang.AssertionError" message="expected [true] but found [false]">
      <![CDATA[java.lang.AssertionError: expected [true] but found [false]
at com.tutorialNinja.functionalTests.R1dot1_TS001_RegisterFunctionality.r1dot1_TS001_TC001(R1dot1_TS001_RegisterFunctionality.java:42)
at java.base/java.util.concurrent.ThreadPoolExecutor.runWorker(ThreadPoolExecutor.java:1136)
at java.base/java.util.concurrent.ThreadPoolExecutor$Worker.run(ThreadPoolExecutor.java:635)
at java.base/java.lang.Thread.run(Thread.java:833)
... Removed 19 stack frames]]>
    </failure>
  </testcase> <!-- r1dot1_TS001_TC001 -->
  <testcase classname="com.tutorialNinja.functionalTests.Draft" name="liginPagefail" time="5.535">
    <failure type="java.lang.AssertionError" message="expected [Customer] but found [Account Login]">
      <![CDATA[java.lang.AssertionError: expected [Customer] but found [Account Login]
at com.tutorialNinja.functionalTests.Draft.liginPagefail(Draft.java:32)
at java.base/java.util.concurrent.ThreadPoolExecutor.runWorker(ThreadPoolExecutor.java:1136)
at java.base/java.util.concurrent.ThreadPoolExecutor$Worker.run(ThreadPoolExecutor.java:635)
at java.base/java.lang.Thread.run(Thread.java:833)
... Removed 18 stack frames]]>
    </failure>
  </testcase> <!-- liginPagefail -->
  <testcase classname="com.tutorialNinja.functionalTests.Draft" name="readExcelDraft" time="1.377"/>
  <testcase classname="com.tutorialNinja.functionalTests.R1dot1_TS001_RegisterFunctionality" name="r1dot1_TS001_TC003" time="11.415"/>
  <testcase classname="com.tutorialNinja.functionalTests.R1dot1_TS001_RegisterFunctionality" name="r1dot1_TS001_TC004" time="9.175"/>
  <testcase classname="com.tutorialNinja.functionalTests.R1dot1_TS001_RegisterFunctionality" name="r1dot1_TS001_TC028" time="10.308"/>
</testsuite> <!-- Tutorial Ninja functional Test -->
