<html>
<head>
<title>TestNG:  Tutorial Ninja functional Test</title>
<link href="../testng.css" rel="stylesheet" type="text/css" />
<link href="../my-testng.css" rel="stylesheet" type="text/css" />

<style type="text/css">
.log { display: none;} 
.stack-trace { display: none;} 
</style>
<script type="text/javascript">
<!--
function flip(e) {
  current = e.style.display;
  if (current == 'block') {
    e.style.display = 'none';
    return 0;
  }
  else {
    e.style.display = 'block';
    return 1;
  }
}

function toggleBox(szDivId, elem, msg1, msg2)
{
  var res = -1;  if (document.getElementById) {
    res = flip(document.getElementById(szDivId));
  }
  else if (document.all) {
    // this is the way old msie versions work
    res = flip(document.all[szDivId]);
  }
  if(elem) {
    if(res == 0) elem.innerHTML = msg1; else elem.innerHTML = msg2;
  }

}

function toggleAllBoxes() {
  if (document.getElementsByTagName) {
    d = document.getElementsByTagName('div');
    for (i = 0; i < d.length; i++) {
      if (d[i].className == 'log') {
        flip(d[i]);
      }
    }
  }
}

// -->
</script>

</head>
<body>
<h2 align='center'>Tutorial Ninja functional Test</h2><table border='1' align="center">
<tr>
<td>Tests passed/Failed/Skipped:</td><td>7/1/3</td>
</tr><tr>
<td>Started on:</td><td>Mon Sep 18 02:12:11 EDT 2023</td>
</tr>
<tr><td>Total time:</td><td>46 seconds (46318 ms)</td>
</tr><tr>
<td>Included groups:</td><td></td>
</tr><tr>
<td>Excluded groups:</td><td></td>
</tr>
</table><p/>
<small><i>(Hover the method name to see the test class name)</i></small><p/>
<table width='100%' border='1' class='invocation-failed'>
<tr><td colspan='4' align='center'><b>FAILED TESTS</b></td></tr>
<tr><td><b>Test method</b></td>
<td><b>Attribute(s)</b></td>
<td width="30%"><b>Exception</b></td>
<td width="10%"><b>Time (seconds)</b></td>
<td><b>Instance</b></td>
</tr>
<tr>
<td title='com.tutorialNinja.functionalTests.R1dot2_TS005_ProductSearchFunctionality.r1dot2_TS005_TC001()'><b>r1dot2_TS005_TC001</b><br>Test class: com.tutorialNinja.functionalTests.R1dot2_TS005_ProductSearchFunctionality<br>Test method: R1.2_TS005_TC001 As an user I should be able to search a product which is present in database.</td>
<td><div><pre>java.lang.AssertionError: expected [apple MacBook] but found [Search - Mac]
	at com.tutorialNinja.functionalTests.R1dot2_TS005_ProductSearchFunctionality.r1dot2_TS005_TC001(R1dot2_TS005_ProductSearchFunctionality.java:23)
	at java.base/java.util.concurrent.ThreadPoolExecutor.runWorker(ThreadPoolExecutor.java:1136)
	at java.base/java.util.concurrent.ThreadPoolExecutor$Worker.run(ThreadPoolExecutor.java:635)
	at java.base/java.lang.Thread.run(Thread.java:833)
... Removed 18 stack frames</pre></div><a href='#' onClick='toggleBox("stack-trace1585221014", this, "Click to show all stack frames", "Click to hide stack frames")'>Click to show all stack frames</a>
<div class='stack-trace' id='stack-trace1585221014'><pre>java.lang.AssertionError: expected [apple MacBook] but found [Search - Mac]
	at org.testng.Assert.fail(Assert.java:111)
	at org.testng.Assert.failNotEquals(Assert.java:1578)
	at org.testng.Assert.assertEqualsImpl(Assert.java:150)
	at org.testng.Assert.assertEquals(Assert.java:132)
	at org.testng.Assert.assertEquals(Assert.java:656)
	at org.testng.Assert.assertEquals(Assert.java:666)
	at com.tutorialNinja.functionalTests.R1dot2_TS005_ProductSearchFunctionality.r1dot2_TS005_TC001(R1dot2_TS005_ProductSearchFunctionality.java:23)
	at java.base/jdk.internal.reflect.NativeMethodAccessorImpl.invoke0(Native Method)
	at java.base/jdk.internal.reflect.NativeMethodAccessorImpl.invoke(NativeMethodAccessorImpl.java:77)
	at java.base/jdk.internal.reflect.DelegatingMethodAccessorImpl.invoke(DelegatingMethodAccessorImpl.java:43)
	at java.base/java.lang.reflect.Method.invoke(Method.java:568)
	at org.testng.internal.invokers.MethodInvocationHelper.invokeMethod(MethodInvocationHelper.java:139)
	at org.testng.internal.invokers.TestInvoker.invokeMethod(TestInvoker.java:664)
	at org.testng.internal.invokers.TestInvoker.retryFailed(TestInvoker.java:248)
	at org.testng.internal.invokers.MethodRunner.runInSequence(MethodRunner.java:62)
	at org.testng.internal.invokers.TestInvoker$MethodInvocationAgent.invoke(TestInvoker.java:957)
	at org.testng.internal.invokers.TestInvoker.invokeTestMethods(TestInvoker.java:200)
	at org.testng.internal.invokers.TestMethodWorker.invokeTestMethods(TestMethodWorker.java:148)
	at org.testng.internal.invokers.TestMethodWorker.run(TestMethodWorker.java:128)
	at java.base/java.util.concurrent.ThreadPoolExecutor.runWorker(ThreadPoolExecutor.java:1136)
	at java.base/java.util.concurrent.ThreadPoolExecutor$Worker.run(ThreadPoolExecutor.java:635)
	at java.base/java.lang.Thread.run(Thread.java:833)
</pre></div></td>
<td>7</td>
<td>com.tutorialNinja.functionalTests.R1dot2_TS005_ProductSearchFunctionality@1a677343</td></tr>
</table><p>
<table width='100%' border='1' class='invocation-passed'>
<tr><td colspan='4' align='center'><b>PASSED TESTS</b></td></tr>
<tr><td><b>Test method</b></td>
<td><b>Attribute(s)</b></td>
<td width="30%"><b>Exception</b></td>
<td width="10%"><b>Time (seconds)</b></td>
<td><b>Instance</b></td>
</tr>
<tr>
<td title='com.tutorialNinja.functionalTests.R1dot1_TS001_RegisterFunctionality.r1dot1_TS001_TC004()'><b>r1dot1_TS001_TC004</b><br>Test class: com.tutorialNinja.functionalTests.R1dot1_TS001_RegisterFunctionality<br>Test method: R1.1_TS001_TC004 Verify proper error messages are displayed for the mandatory fields, when you don't provide any fields in the 'Register Account' page and submit</td>
<td></td>
<td>8</td>
<td>com.tutorialNinja.functionalTests.R1dot1_TS001_RegisterFunctionality@185a6e9</td></tr>
<tr>
<td title='com.tutorialNinja.functionalTests.R1dot1_TS001_RegisterFunctionality.r1dot1_TS001_TC001()'><b>r1dot1_TS001_TC001</b><br>Test class: com.tutorialNinja.functionalTests.R1dot1_TS001_RegisterFunctionality<br>Test method: R1.1_TS001_TC001 As a user I should be able to Register an Account by providing only the Mandatory fields</td>
<td></td>
<td>16</td>
<td>com.tutorialNinja.functionalTests.R1dot1_TS001_RegisterFunctionality@185a6e9</td></tr>
<tr>
<td title='com.tutorialNinja.functionalTests.R1dot1_TS003_LogoutFunctionality.r1dot1_TS003_TC001()'><b>r1dot1_TS003_TC001</b><br>Test class: com.tutorialNinja.functionalTests.R1dot1_TS003_LogoutFunctionality<br>Test method: R1.1_TS003_TC001 Verify Logging out by selecting Logout option from 'My Account' drop menu</td>
<td></td>
<td>25</td>
<td>com.tutorialNinja.functionalTests.R1dot1_TS003_LogoutFunctionality@74e52ef6</td></tr>
<tr>
<td title='com.tutorialNinja.functionalTests.R1dot1_TS002_LoginFunctionality.r1dot1_TS002_TC001()'><b>r1dot1_TS002_TC001</b><br>Test class: com.tutorialNinja.functionalTests.R1dot1_TS002_LoginFunctionality<br>Test method: R1.1_TS002_TC001 Verify logging into the Application using valid credentials</td>
<td></td>
<td>13</td>
<td>com.tutorialNinja.functionalTests.R1dot1_TS002_LoginFunctionality@62ddbd7e</td></tr>
<tr>
<td title='com.tutorialNinja.functionalTests.R1dot1_TS001_RegisterFunctionality.r1dot1_TS001_TC028()'><b>r1dot1_TS001_TC028</b><br>Test class: com.tutorialNinja.functionalTests.R1dot1_TS001_RegisterFunctionality<br>Test method: R1.1_TS001_TC028 Verify the application throws proper error message when user click continue button without selecting privacy and policy check box.</td>
<td></td>
<td>9</td>
<td>com.tutorialNinja.functionalTests.R1dot1_TS001_RegisterFunctionality@185a6e9</td></tr>
<tr>
<td title='com.tutorialNinja.functionalTests.R1dot2_TS006_ProductCompareFunctionality.r1dot2_TS006_TC001()'><b>r1dot2_TS006_TC001</b><br>Test class: com.tutorialNinja.functionalTests.R1dot2_TS006_ProductCompareFunctionality<br>Test method: R1.2_TS006_TC001 As an user I should be able to select products for comparison.</td>
<td></td>
<td>9</td>
<td>com.tutorialNinja.functionalTests.R1dot2_TS006_ProductCompareFunctionality@6ed3ccb2</td></tr>
<tr>
<td title='com.tutorialNinja.functionalTests.R1dot1_TS001_RegisterFunctionality.r1dot1_TS001_TC003()'><b>r1dot1_TS001_TC003</b><br>Test class: com.tutorialNinja.functionalTests.R1dot1_TS001_RegisterFunctionality<br>Test method: R1.1_TS001_TC003 Verify Registering an Account by providing all the fields</td>
<td></td>
<td>10</td>
<td>com.tutorialNinja.functionalTests.R1dot1_TS001_RegisterFunctionality@185a6e9</td></tr>
</table><p>
<table width='100%' border='1' class='invocation-skipped'>
<tr><td colspan='4' align='center'><b>SKIPPED TESTS</b></td></tr>
<tr><td><b>Test method</b></td>
<td><b>Attribute(s)</b></td>
<td width="30%"><b>Exception</b></td>
<td width="10%"><b>Time (seconds)</b></td>
<td><b>Instance</b></td>
</tr>
<tr>
<td title='com.tutorialNinja.functionalTests.R1dot2_TS005_ProductSearchFunctionality.r1dot2_TS005_TC001()'><b>r1dot2_TS005_TC001</b><br>Test class: com.tutorialNinja.functionalTests.R1dot2_TS005_ProductSearchFunctionality<br>Test method: R1.2_TS005_TC001 As an user I should be able to search a product which is present in database.</td>
<td><div><pre>java.lang.AssertionError: expected [apple MacBook] but found [Search - Mac]
	at com.tutorialNinja.functionalTests.R1dot2_TS005_ProductSearchFunctionality.r1dot2_TS005_TC001(R1dot2_TS005_ProductSearchFunctionality.java:23)
	at java.base/java.util.concurrent.ThreadPoolExecutor.runWorker(ThreadPoolExecutor.java:1136)
	at java.base/java.util.concurrent.ThreadPoolExecutor$Worker.run(ThreadPoolExecutor.java:635)
	at java.base/java.lang.Thread.run(Thread.java:833)
... Removed 18 stack frames</pre></div><a href='#' onClick='toggleBox("stack-trace1700078341", this, "Click to show all stack frames", "Click to hide stack frames")'>Click to show all stack frames</a>
<div class='stack-trace' id='stack-trace1700078341'><pre>java.lang.AssertionError: expected [apple MacBook] but found [Search - Mac]
	at org.testng.Assert.fail(Assert.java:111)
	at org.testng.Assert.failNotEquals(Assert.java:1578)
	at org.testng.Assert.assertEqualsImpl(Assert.java:150)
	at org.testng.Assert.assertEquals(Assert.java:132)
	at org.testng.Assert.assertEquals(Assert.java:656)
	at org.testng.Assert.assertEquals(Assert.java:666)
	at com.tutorialNinja.functionalTests.R1dot2_TS005_ProductSearchFunctionality.r1dot2_TS005_TC001(R1dot2_TS005_ProductSearchFunctionality.java:23)
	at java.base/jdk.internal.reflect.NativeMethodAccessorImpl.invoke0(Native Method)
	at java.base/jdk.internal.reflect.NativeMethodAccessorImpl.invoke(NativeMethodAccessorImpl.java:77)
	at java.base/jdk.internal.reflect.DelegatingMethodAccessorImpl.invoke(DelegatingMethodAccessorImpl.java:43)
	at java.base/java.lang.reflect.Method.invoke(Method.java:568)
	at org.testng.internal.invokers.MethodInvocationHelper.invokeMethod(MethodInvocationHelper.java:139)
	at org.testng.internal.invokers.TestInvoker.invokeMethod(TestInvoker.java:664)
	at org.testng.internal.invokers.TestInvoker.invokeTestMethod(TestInvoker.java:227)
	at org.testng.internal.invokers.MethodRunner.runInSequence(MethodRunner.java:50)
	at org.testng.internal.invokers.TestInvoker$MethodInvocationAgent.invoke(TestInvoker.java:957)
	at org.testng.internal.invokers.TestInvoker.invokeTestMethods(TestInvoker.java:200)
	at org.testng.internal.invokers.TestMethodWorker.invokeTestMethods(TestMethodWorker.java:148)
	at org.testng.internal.invokers.TestMethodWorker.run(TestMethodWorker.java:128)
	at java.base/java.util.concurrent.ThreadPoolExecutor.runWorker(ThreadPoolExecutor.java:1136)
	at java.base/java.util.concurrent.ThreadPoolExecutor$Worker.run(ThreadPoolExecutor.java:635)
	at java.base/java.lang.Thread.run(Thread.java:833)
</pre></div></td>
<td>13</td>
<td>com.tutorialNinja.functionalTests.R1dot2_TS005_ProductSearchFunctionality@1a677343</td></tr>
<tr>
<td title='com.tutorialNinja.functionalTests.R1dot2_TS006_ProductCompareFunctionality.r1dot2_TS006_TC001()'><b>r1dot2_TS006_TC001</b><br>Test class: com.tutorialNinja.functionalTests.R1dot2_TS006_ProductCompareFunctionality<br>Test method: R1.2_TS006_TC001 As an user I should be able to select products for comparison.</td>
<td><div><pre>org.openqa.selenium.SessionNotCreatedException: Could not start a new session. Response code 500. Message: session not created
from no such execution context: uniqueContextId not found
  (Session info: chrome=116.0.5845.188) 
Host info: host: &apos;NAIM&apos;, ip: &apos;192.168.100.128&apos;
Build info: version: &apos;4.11.0&apos;, revision: &apos;040bc5406b&apos;
System info: os.name: &apos;Windows 11&apos;, os.arch: &apos;amd64&apos;, os.version: &apos;10.0&apos;, java.version: &apos;17.0.7&apos;
Driver info: org.openqa.selenium.chrome.ChromeDriver
Command: [null, newSession {capabilities=[Capabilities {browserName: chrome, goog:chromeOptions: {args: [--remote-allow-origins=*], binary: C:\Program Files\Google\Chr..., extensions: []}}]}]
	at org.openqa.selenium.remote.ProtocolHandshake.createSession(ProtocolHandshake.java:140)
	at org.openqa.selenium.remote.ProtocolHandshake.createSession(ProtocolHandshake.java:96)
	at org.openqa.selenium.remote.ProtocolHandshake.createSession(ProtocolHandshake.java:68)
	at org.openqa.selenium.remote.HttpCommandExecutor.execute(HttpCommandExecutor.java:163)
	at org.openqa.selenium.remote.service.DriverCommandExecutor.invokeExecute(DriverCommandExecutor.java:196)
	at org.openqa.selenium.remote.service.DriverCommandExecutor.execute(DriverCommandExecutor.java:171)
	at org.openqa.selenium.remote.RemoteWebDriver.execute(RemoteWebDriver.java:518)
	at org.openqa.selenium.remote.RemoteWebDriver.startSession(RemoteWebDriver.java:232)
	at org.openqa.selenium.remote.RemoteWebDriver.&lt;init&gt;(RemoteWebDriver.java:159)
	at org.openqa.selenium.chromium.ChromiumDriver.&lt;init&gt;(ChromiumDriver.java:108)
	at org.openqa.selenium.chrome.ChromeDriver.&lt;init&gt;(ChromeDriver.java:88)
	at org.openqa.selenium.chrome.ChromeDriver.&lt;init&gt;(ChromeDriver.java:83)
	at org.openqa.selenium.chrome.ChromeDriver.&lt;init&gt;(ChromeDriver.java:51)
	at com.tutorialNinja.base.InitialComponents.launchApplication(InitialComponents.java:35)
	at com.tutorialNinja.functionalTests.R1dot2_TS006_ProductCompareFunctionality.r1dot2_TS006_TC001(R1dot2_TS006_ProductCompareFunctionality.java:14)
	at java.base/java.util.concurrent.ThreadPoolExecutor.runWorker(ThreadPoolExecutor.java:1136)
	at java.base/java.util.concurrent.ThreadPoolExecutor$Worker.run(ThreadPoolExecutor.java:635)
	at java.base/java.lang.Thread.run(Thread.java:833)
... Removed 12 stack frames</pre></div><a href='#' onClick='toggleBox("stack-trace711168904", this, "Click to show all stack frames", "Click to hide stack frames")'>Click to show all stack frames</a>
<div class='stack-trace' id='stack-trace711168904'><pre>org.openqa.selenium.SessionNotCreatedException: Could not start a new session. Response code 500. Message: session not created
from no such execution context: uniqueContextId not found
  (Session info: chrome=116.0.5845.188) 
Host info: host: &apos;NAIM&apos;, ip: &apos;192.168.100.128&apos;
Build info: version: &apos;4.11.0&apos;, revision: &apos;040bc5406b&apos;
System info: os.name: &apos;Windows 11&apos;, os.arch: &apos;amd64&apos;, os.version: &apos;10.0&apos;, java.version: &apos;17.0.7&apos;
Driver info: org.openqa.selenium.chrome.ChromeDriver
Command: [null, newSession {capabilities=[Capabilities {browserName: chrome, goog:chromeOptions: {args: [--remote-allow-origins=*], binary: C:\Program Files\Google\Chr..., extensions: []}}]}]
	at org.openqa.selenium.remote.ProtocolHandshake.createSession(ProtocolHandshake.java:140)
	at org.openqa.selenium.remote.ProtocolHandshake.createSession(ProtocolHandshake.java:96)
	at org.openqa.selenium.remote.ProtocolHandshake.createSession(ProtocolHandshake.java:68)
	at org.openqa.selenium.remote.HttpCommandExecutor.execute(HttpCommandExecutor.java:163)
	at org.openqa.selenium.remote.service.DriverCommandExecutor.invokeExecute(DriverCommandExecutor.java:196)
	at org.openqa.selenium.remote.service.DriverCommandExecutor.execute(DriverCommandExecutor.java:171)
	at org.openqa.selenium.remote.RemoteWebDriver.execute(RemoteWebDriver.java:518)
	at org.openqa.selenium.remote.RemoteWebDriver.startSession(RemoteWebDriver.java:232)
	at org.openqa.selenium.remote.RemoteWebDriver.&lt;init&gt;(RemoteWebDriver.java:159)
	at org.openqa.selenium.chromium.ChromiumDriver.&lt;init&gt;(ChromiumDriver.java:108)
	at org.openqa.selenium.chrome.ChromeDriver.&lt;init&gt;(ChromeDriver.java:88)
	at org.openqa.selenium.chrome.ChromeDriver.&lt;init&gt;(ChromeDriver.java:83)
	at org.openqa.selenium.chrome.ChromeDriver.&lt;init&gt;(ChromeDriver.java:51)
	at com.tutorialNinja.base.InitialComponents.launchApplication(InitialComponents.java:35)
	at com.tutorialNinja.functionalTests.R1dot2_TS006_ProductCompareFunctionality.r1dot2_TS006_TC001(R1dot2_TS006_ProductCompareFunctionality.java:14)
	at java.base/jdk.internal.reflect.NativeMethodAccessorImpl.invoke0(Native Method)
	at java.base/jdk.internal.reflect.NativeMethodAccessorImpl.invoke(NativeMethodAccessorImpl.java:77)
	at java.base/jdk.internal.reflect.DelegatingMethodAccessorImpl.invoke(DelegatingMethodAccessorImpl.java:43)
	at java.base/java.lang.reflect.Method.invoke(Method.java:568)
	at org.testng.internal.invokers.MethodInvocationHelper.invokeMethod(MethodInvocationHelper.java:139)
	at org.testng.internal.invokers.TestInvoker.invokeMethod(TestInvoker.java:664)
	at org.testng.internal.invokers.TestInvoker.invokeTestMethod(TestInvoker.java:227)
	at org.testng.internal.invokers.MethodRunner.runInSequence(MethodRunner.java:50)
	at org.testng.internal.invokers.TestInvoker$MethodInvocationAgent.invoke(TestInvoker.java:957)
	at org.testng.internal.invokers.TestInvoker.invokeTestMethods(TestInvoker.java:200)
	at org.testng.internal.invokers.TestMethodWorker.invokeTestMethods(TestMethodWorker.java:148)
	at org.testng.internal.invokers.TestMethodWorker.run(TestMethodWorker.java:128)
	at java.base/java.util.concurrent.ThreadPoolExecutor.runWorker(ThreadPoolExecutor.java:1136)
	at java.base/java.util.concurrent.ThreadPoolExecutor$Worker.run(ThreadPoolExecutor.java:635)
	at java.base/java.lang.Thread.run(Thread.java:833)
</pre></div></td>
<td>5</td>
<td>com.tutorialNinja.functionalTests.R1dot2_TS006_ProductCompareFunctionality@6ed3ccb2</td></tr>
<tr>
<td title='com.tutorialNinja.functionalTests.R1dot2_TS005_ProductSearchFunctionality.r1dot2_TS005_TC001()'><b>r1dot2_TS005_TC001</b><br>Test class: com.tutorialNinja.functionalTests.R1dot2_TS005_ProductSearchFunctionality<br>Test method: R1.2_TS005_TC001 As an user I should be able to search a product which is present in database.</td>
<td><div><pre>java.lang.AssertionError: expected [apple MacBook] but found [Search - Mac]
	at com.tutorialNinja.functionalTests.R1dot2_TS005_ProductSearchFunctionality.r1dot2_TS005_TC001(R1dot2_TS005_ProductSearchFunctionality.java:23)
	at java.base/java.util.concurrent.ThreadPoolExecutor.runWorker(ThreadPoolExecutor.java:1136)
	at java.base/java.util.concurrent.ThreadPoolExecutor$Worker.run(ThreadPoolExecutor.java:635)
	at java.base/java.lang.Thread.run(Thread.java:833)
... Removed 18 stack frames</pre></div><a href='#' onClick='toggleBox("stack-trace4480347", this, "Click to show all stack frames", "Click to hide stack frames")'>Click to show all stack frames</a>
<div class='stack-trace' id='stack-trace4480347'><pre>java.lang.AssertionError: expected [apple MacBook] but found [Search - Mac]
	at org.testng.Assert.fail(Assert.java:111)
	at org.testng.Assert.failNotEquals(Assert.java:1578)
	at org.testng.Assert.assertEqualsImpl(Assert.java:150)
	at org.testng.Assert.assertEquals(Assert.java:132)
	at org.testng.Assert.assertEquals(Assert.java:656)
	at org.testng.Assert.assertEquals(Assert.java:666)
	at com.tutorialNinja.functionalTests.R1dot2_TS005_ProductSearchFunctionality.r1dot2_TS005_TC001(R1dot2_TS005_ProductSearchFunctionality.java:23)
	at java.base/jdk.internal.reflect.NativeMethodAccessorImpl.invoke0(Native Method)
	at java.base/jdk.internal.reflect.NativeMethodAccessorImpl.invoke(NativeMethodAccessorImpl.java:77)
	at java.base/jdk.internal.reflect.DelegatingMethodAccessorImpl.invoke(DelegatingMethodAccessorImpl.java:43)
	at java.base/java.lang.reflect.Method.invoke(Method.java:568)
	at org.testng.internal.invokers.MethodInvocationHelper.invokeMethod(MethodInvocationHelper.java:139)
	at org.testng.internal.invokers.TestInvoker.invokeMethod(TestInvoker.java:664)
	at org.testng.internal.invokers.TestInvoker.retryFailed(TestInvoker.java:248)
	at org.testng.internal.invokers.MethodRunner.runInSequence(MethodRunner.java:62)
	at org.testng.internal.invokers.TestInvoker$MethodInvocationAgent.invoke(TestInvoker.java:957)
	at org.testng.internal.invokers.TestInvoker.invokeTestMethods(TestInvoker.java:200)
	at org.testng.internal.invokers.TestMethodWorker.invokeTestMethods(TestMethodWorker.java:148)
	at org.testng.internal.invokers.TestMethodWorker.run(TestMethodWorker.java:128)
	at java.base/java.util.concurrent.ThreadPoolExecutor.runWorker(ThreadPoolExecutor.java:1136)
	at java.base/java.util.concurrent.ThreadPoolExecutor$Worker.run(ThreadPoolExecutor.java:635)
	at java.base/java.lang.Thread.run(Thread.java:833)
</pre></div></td>
<td>7</td>
<td>com.tutorialNinja.functionalTests.R1dot2_TS005_ProductSearchFunctionality@1a677343</td></tr>
</table><p>
</body>
</html>