<?xml version="1.0" encoding="UTF-8"?>
<!-- Generated by org.testng.reporters.JUnitXMLReporter -->
<testsuite ignored="11" hostname="NAIM" failures="2" tests="9" name="TutorialNinja functional negetive Test" time="27.52" errors="0" timestamp="2023-10-01T04:10:01 EDT">
  <testcase classname="com.tutorialNinja.functionalTests.R1dot3_TS012_CheckoutFunctionality" name="R1dot3_TS012_TC001" time="8.908"/>
  <testcase classname="com.tutorialNinja.functionalTests.Draft" name="loginPagefail" time="9.134">
    <skipped/>
  </testcase> <!-- loginPagefail -->
  <testcase classname="com.tutorialNinja.functionalTests.R1dot1_TS002_LoginFunctionality" name="r1dot1_TS002_TC003" time="11.222">
    <skipped/>
  </testcase> <!-- r1dot1_TS002_TC003 -->
  <testcase classname="com.tutorialNinja.functionalTests.R1dot1_TS001_RegisterFunctionality" name="r1dot1_TS001_TC004" time="11.395"/>
  <testcase classname="com.tutorialNinja.functionalTests.Draft" name="loginPagefail" time="4.777">
    <skipped/>
  </testcase> <!-- loginPagefail -->
  <testcase classname="com.tutorialNinja.functionalTests.R1dot1_TS002_LoginFunctionality" name="r1dot1_TS002_TC003" time="7.747">
    <skipped/>
  </testcase> <!-- r1dot1_TS002_TC003 -->
  <testcase classname="com.tutorialNinja.functionalTests.Draft" name="loginPagefail" time="5.878">
    <failure type="java.lang.AssertionError" message="expected [Customer] but found [Account Login]">
      <![CDATA[java.lang.AssertionError: expected [Customer] but found [Account Login]
at com.tutorialNinja.functionalTests.Draft.loginPagefail(Draft.java:33)
at java.base/java.util.concurrent.ThreadPoolExecutor.runWorker(ThreadPoolExecutor.java:1136)
at java.base/java.util.concurrent.ThreadPoolExecutor$Worker.run(ThreadPoolExecutor.java:635)
at java.base/java.lang.Thread.run(Thread.java:833)
... Removed 18 stack frames]]>
    </failure>
  </testcase> <!-- loginPagefail -->
  <testcase classname="com.tutorialNinja.functionalTests.R1dot1_TS001_RegisterFunctionality" name="r1dot1_TS001_TC028" time="10.251"/>
  <testcase classname="com.tutorialNinja.functionalTests.R1dot1_TS002_LoginFunctionality" name="r1dot1_TS002_TC003" time="7.376">
    <failure type="java.lang.AssertionError" message="expected [true] but found [false]">
      <![CDATA[java.lang.AssertionError: expected [true] but found [false]
at com.tutorialNinja.functionalTests.R1dot1_TS002_LoginFunctionality.r1dot1_TS002_TC003(R1dot1_TS002_LoginFunctionality.java:39)
at java.base/java.util.concurrent.ThreadPoolExecutor.runWorker(ThreadPoolExecutor.java:1136)
at java.base/java.util.concurrent.ThreadPoolExecutor$Worker.run(ThreadPoolExecutor.java:635)
at java.base/java.lang.Thread.run(Thread.java:833)
... Removed 16 stack frames]]>
    </failure>
  </testcase> <!-- r1dot1_TS002_TC003 -->
  <testcase classname="com.tutorialNinja.functionalTests.Draft" name="testHomePageNav" time="0.0">
    <ignored/>
  </testcase> <!-- testHomePageNav -->
  <testcase classname="com.tutorialNinja.functionalTests.Draft" name="testHomepageFeaturedProduct" time="0.0">
    <ignored/>
  </testcase> <!-- testHomepageFeaturedProduct -->
  <testcase classname="com.tutorialNinja.functionalTests.R1dot2_TS005_ProductSearchFunctionality" name="r1dot2_TS005_TC001" time="0.0">
    <ignored/>
  </testcase> <!-- r1dot2_TS005_TC001 -->
  <testcase classname="com.tutorialNinja.functionalTests.Draft" name="readExcelDraft" time="0.0">
    <ignored/>
  </testcase> <!-- readExcelDraft -->
  <testcase classname="com.tutorialNinja.functionalTests.R1dot2_TS005_ProductSearchFunctionality" name="R1dot2_TS005_TC024" time="0.0">
    <ignored/>
  </testcase> <!-- R1dot2_TS005_TC024 -->
  <testcase classname="com.tutorialNinja.functionalTests.R1dot1_TS002_LoginFunctionality" name="r1dot1_TS002_TC001" time="0.0">
    <ignored/>
  </testcase> <!-- r1dot1_TS002_TC001 -->
  <testcase classname="com.tutorialNinja.functionalTests.R1dot1_TS003_LogoutFunctionality" name="r1dot1_TS003_TC001" time="0.0">
    <ignored/>
  </testcase> <!-- r1dot1_TS003_TC001 -->
  <testcase classname="com.tutorialNinja.functionalTests.R1dot2_TS006_ProductCompareFunctionality" name="r1dot2_TS006_TC001" time="0.0">
    <ignored/>
  </testcase> <!-- r1dot2_TS006_TC001 -->
  <testcase classname="com.tutorialNinja.functionalTests.R1dot1_TS001_RegisterFunctionality" name="r1dot1_TS001_TC003" time="0.0">
    <ignored/>
  </testcase> <!-- r1dot1_TS001_TC003 -->
  <testcase classname="com.tutorialNinja.functionalTests.Draft" name="draftfail" time="0.0">
    <ignored/>
  </testcase> <!-- draftfail -->
  <testcase classname="com.tutorialNinja.functionalTests.R1dot1_TS001_RegisterFunctionality" name="r1dot1_TS001_TC001" time="0.0">
    <ignored/>
  </testcase> <!-- r1dot1_TS001_TC001 -->
</testsuite> <!-- TutorialNinja functional negetive Test -->
