





<!DOCTYPE html>
<html>

<head>
    <meta charset="utf-8">
    <meta name="viewport" content="width=device-width, initial-scale=1, shrink-to-fit=no">
    <title>Open Cart functional test</title>
        <link rel="apple-touch-icon" href="https://cdn.jsdelivr.net/gh/extent-framework/extent-github-cdn@b00a2d0486596e73dd7326beacf352c639623a0e/commons/img/logo.png">
        <link rel="shortcut icon" href="https://cdn.jsdelivr.net/gh/extent-framework/extent-github-cdn@b00a2d0486596e73dd7326beacf352c639623a0e/commons/img/logo.png">
	    <link href="https://cdn.jsdelivr.net/gh/extent-framework/extent-github-cdn@7e408aed24af91e1ad76f49a74ecfa0ef1d97cfb/spark/css/spark-style.css" rel="stylesheet" />
        <link href="https://stackpath.bootstrapcdn.com/font-awesome/4.7.0/css/font-awesome.min.css" rel="stylesheet">
<style type="text/css">

</style></head>    <script src="https://cdn.rawgit.com/extent-framework/extent-github-cdn/7cc78ce/spark/js/jsontree.js"></script>
<body class="spa -report standard">
    <div class="app header-dark side-nav-folded">
        <div class="layout">
<div class="header navbar">
    <div class="header-container">
        <div class="nav-logo">
          <a href="index.html">
            <div class="logo logo-dark" style="background-image: url('https://cdn.rawgit.com/extent-framework/extent-github-cdn/d74480e/commons/img/logo.png')"></div>
            <div class="logo logo-white" style="background-image: url('https://cdn.rawgit.com/extent-framework/extent-github-cdn/d74480e/commons/img/logo.png')"></div>
          </a>
        </div>
        <ul class="nav-left">
          <li>
            <a class="sidenav-fold-toggler" href="javascript:void(0);">
              <i class="fa fa-bars"></i>
            </a>
            <a class="sidenav-expand-toggler" href="javascript:void(0);">
              <i class="fa fa-bars"></i>
            </a>
          </li>
          <li class="search-box">
            <a class="search-toggle" href="javascript:void(0);">
              <i class="search-icon fa fa-search"></i>
              <i class="search-icon-close fa fa-close"></i>
            </a>
          </li>
          <li class="search-input">
            <input id="search-tests" class="form-control" type="text" placeholder="Type to search...">
          </li>
        </ul>
        <ul class="nav-right">
          <li class="m-r-10">
            <a href="#">
              <span class="badge badge-primary">Tutorial Ninja functional Regression Test 2023_10_10_02_01_48</span>
            </a>
          </li>
            <li class="m-r-10">
                <a href="#">
                    <span class="badge badge-primary">Oct 10, 2023 02:01:48 AM</span>
                </a>
            </li>
        </ul>
    </div>
</div><div class="side-nav side-nav-folded">
  <div class="side-nav-inner">
    <ul class="side-nav-menu scrollable">
      <li class="nav-item dropdown" onclick="toggleView('test-view')">
        <a id="nav-test" class="dropdown-toggle" href="index.html">
          <span class="icon-holder">
            <i class="fa fa-align-left"></i>
          </span>
          <span class="title">Tests</span>
        </a>
      </li>
            <li class="nav-item dropdown" onclick="toggleView('dashboard-view')">
        <a id="nav-dashboard" class="dropdown-toggle" href="dashboard.html">
          <span class="icon-holder">
            <i class="fa fa-bar-chart"></i>
          </span>
          <span class="title">Dashboard</span>
        </a>
      </li>
    </ul>
  </div>
</div>            <div class="page-container">
                <div class="main-content">
<div class="test-wrapper row test-view">
	<div class="test-list">
		<div class="test-list-tools">
			<ul class="tools pull-left">
				<li>
					<a href="">
					<span class="font-size-14">Tests</span>
					</a>
				</li>
			</ul>
			<ul class="tools text-right">
				<li class="user-profile dropdown dropdown-animated scale-left">
					<a href="#" class="dropdown-toggle" data-toggle="dropdown">
					<i class="fa fa-exclamation-circle"></i>
					</a>
					<ul id="status-toggle" class="dropdown-menu dropdown-md p-v-0">
						<a class="dropdown-item" status="pass" href="#"><span>Pass</span><span class="status success pull-right"></span></a>
						<a class="dropdown-item" status="fail" href="#"><span>Fail</span><span class="status danger pull-right"></span></a>
						
						
						
						
						<div class="dropdown-divider"></div>
						<a status="clear" class="dropdown-item" href="#"><span>Clear</span><span class="pull-right"><i class="fa fa-close"></i></span></a>
					</ul>
				</li>
			</ul>
		</div>
		<div class="test-list-wrapper scrollable">
			<ul class="test-list-item">
				<li class="test-item"  status="pass" test-id="1"
					author=""
					tag=""
					device="">
					<div class="status-avatar pass-bg">
						<i class="fa fa-check text-white"></i>
					</div>
					<div class="open-test">
						<div class="test-detail">
							<p class="name">R1.1_TS001_TC001 As a user I should be able to Register an Account by providing only the Mandatory fields</p>
							<p class="duration text-sm">0h 0m 16s+53ms</p>
							<span class="datetime">02:01:49 AM</span>
						</div>
					</div>
					<div class="test-contents d-none">
						<div class="detail-head">
							<div class="p-v-10 d-inline-block">
								<div class="info">
									<h5 class="test-status text-pass">R1.1_TS001_TC001 As a user I should be able to Register an Account by providing only the Mandatory fields</h5>
									<span class='badge badge-success'>10.10.2023 02:01:49</span>
									<span class='badge badge-danger'>10.10.2023 02:02:05</span>
									<span class='badge badge-default'>0h 0m 16s+53ms</span>
								</div>
								<div class="m-t-10 m-l-5">
									
								</div>
							</div>
						</div>
<div class="detail-body mt-4">                                              
<table class="table table-sm">
	<thead><tr>
		<th class="status-col">Status</th>
		<th class="timestamp-col">Timestamp</th>
		<th class="details-col">Details</th>
	</tr></thead>
	<tbody>
			<tr class="event-row">
				<td><i class="fa fa-check text-pass"></i></td>
				<td>2:02:05 AM</td>
				<td>
						Test passed
				</td>
			</tr>
	</tbody>
</table>
</div>
					</div>
				</li>
				<li class="test-item"  status="pass" test-id="4"
					author=""
					tag=""
					device="">
					<div class="status-avatar pass-bg">
						<i class="fa fa-check text-white"></i>
					</div>
					<div class="open-test">
						<div class="test-detail">
							<p class="name">R1.3_TS012_TC001 As a user I shouldn't be able to  navigate to Checkout page when there is no product in the Shopping Cart</p>
							<p class="duration text-sm">0h 0m 10s+349ms</p>
							<span class="datetime">02:01:49 AM</span>
						</div>
					</div>
					<div class="test-contents d-none">
						<div class="detail-head">
							<div class="p-v-10 d-inline-block">
								<div class="info">
									<h5 class="test-status text-pass">R1.3_TS012_TC001 As a user I shouldn't be able to  navigate to Checkout page when there is no product in the Shopping Cart</h5>
									<span class='badge badge-success'>10.10.2023 02:01:49</span>
									<span class='badge badge-danger'>10.10.2023 02:01:59</span>
									<span class='badge badge-default'>0h 0m 10s+349ms</span>
								</div>
								<div class="m-t-10 m-l-5">
									
								</div>
							</div>
						</div>
<div class="detail-body mt-4">                                              
<table class="table table-sm">
	<thead><tr>
		<th class="status-col">Status</th>
		<th class="timestamp-col">Timestamp</th>
		<th class="details-col">Details</th>
	</tr></thead>
	<tbody>
			<tr class="event-row">
				<td><i class="fa fa-check text-pass"></i></td>
				<td>2:01:59 AM</td>
				<td>
						Test passed
				</td>
			</tr>
	</tbody>
</table>
</div>
					</div>
				</li>
				<li class="test-item"  status="pass" test-id="5"
					author=""
					tag=""
					device="">
					<div class="status-avatar pass-bg">
						<i class="fa fa-check text-white"></i>
					</div>
					<div class="open-test">
						<div class="test-detail">
							<p class="name">R1.1_TS002_TC001 Verify logging into the Application using valid credentials</p>
							<p class="duration text-sm">0h 0m 15s+254ms</p>
							<span class="datetime">02:01:49 AM</span>
						</div>
					</div>
					<div class="test-contents d-none">
						<div class="detail-head">
							<div class="p-v-10 d-inline-block">
								<div class="info">
									<h5 class="test-status text-pass">R1.1_TS002_TC001 Verify logging into the Application using valid credentials</h5>
									<span class='badge badge-success'>10.10.2023 02:01:49</span>
									<span class='badge badge-danger'>10.10.2023 02:02:04</span>
									<span class='badge badge-default'>0h 0m 15s+254ms</span>
								</div>
								<div class="m-t-10 m-l-5">
									
								</div>
							</div>
						</div>
<div class="detail-body mt-4">                                              
<table class="table table-sm">
	<thead><tr>
		<th class="status-col">Status</th>
		<th class="timestamp-col">Timestamp</th>
		<th class="details-col">Details</th>
	</tr></thead>
	<tbody>
			<tr class="event-row">
				<td><i class="fa fa-check text-pass"></i></td>
				<td>2:02:04 AM</td>
				<td>
						Test passed
				</td>
			</tr>
	</tbody>
</table>
</div>
					</div>
				</li>
				<li class="test-item"  status="pass" test-id="3"
					author=""
					tag=""
					device="">
					<div class="status-avatar pass-bg">
						<i class="fa fa-check text-white"></i>
					</div>
					<div class="open-test">
						<div class="test-detail">
							<p class="name">negetive test case draftfail</p>
							<p class="duration text-sm">0h 0m 18s+499ms</p>
							<span class="datetime">02:01:49 AM</span>
						</div>
					</div>
					<div class="test-contents d-none">
						<div class="detail-head">
							<div class="p-v-10 d-inline-block">
								<div class="info">
									<h5 class="test-status text-pass">negetive test case draftfail</h5>
									<span class='badge badge-success'>10.10.2023 02:01:49</span>
									<span class='badge badge-danger'>10.10.2023 02:02:07</span>
									<span class='badge badge-default'>0h 0m 18s+499ms</span>
								</div>
								<div class="m-t-10 m-l-5">
									
								</div>
							</div>
						</div>
<div class="detail-body mt-4">                                              
<table class="table table-sm">
	<thead><tr>
		<th class="status-col">Status</th>
		<th class="timestamp-col">Timestamp</th>
		<th class="details-col">Details</th>
	</tr></thead>
	<tbody>
			<tr class="event-row">
				<td><i class="fa fa-info text-info"></i></td>
				<td>2:02:07 AM</td>
				<td>
						There is exception in execution and skipped for another try java.lang.AssertionError: expected [true] but found [false]
				</td>
			</tr>
	</tbody>
</table>
</div>
					</div>
				</li>
				<li class="test-item"  status="pass" test-id="2"
					author=""
					tag=""
					device="">
					<div class="status-avatar pass-bg">
						<i class="fa fa-check text-white"></i>
					</div>
					<div class="open-test">
						<div class="test-detail">
							<p class="name">R1.2_TS006_TC001 As an user I should be able to select products for comparison.</p>
							<p class="duration text-sm">0h 0m 18s+756ms</p>
							<span class="datetime">02:01:49 AM</span>
						</div>
					</div>
					<div class="test-contents d-none">
						<div class="detail-head">
							<div class="p-v-10 d-inline-block">
								<div class="info">
									<h5 class="test-status text-pass">R1.2_TS006_TC001 As an user I should be able to select products for comparison.</h5>
									<span class='badge badge-success'>10.10.2023 02:01:49</span>
									<span class='badge badge-danger'>10.10.2023 02:02:07</span>
									<span class='badge badge-default'>0h 0m 18s+756ms</span>
								</div>
								<div class="m-t-10 m-l-5">
									
								</div>
							</div>
						</div>
<div class="detail-body mt-4">                                              
<table class="table table-sm">
	<thead><tr>
		<th class="status-col">Status</th>
		<th class="timestamp-col">Timestamp</th>
		<th class="details-col">Details</th>
	</tr></thead>
	<tbody>
			<tr class="event-row">
				<td><i class="fa fa-check text-pass"></i></td>
				<td>2:02:07 AM</td>
				<td>
						Test passed
				</td>
			</tr>
	</tbody>
</table>
</div>
					</div>
				</li>
				<li class="test-item"  status="pass" test-id="6"
					author=""
					tag=""
					device="">
					<div class="status-avatar pass-bg">
						<i class="fa fa-check text-white"></i>
					</div>
					<div class="open-test">
						<div class="test-detail">
							<p class="name">R1.1_TS003_TC001 Verify Logging out by selecting Logout option from 'My Account' drop menu</p>
							<p class="duration text-sm">0h 0m 10s+784ms</p>
							<span class="datetime">02:01:59 AM</span>
						</div>
					</div>
					<div class="test-contents d-none">
						<div class="detail-head">
							<div class="p-v-10 d-inline-block">
								<div class="info">
									<h5 class="test-status text-pass">R1.1_TS003_TC001 Verify Logging out by selecting Logout option from 'My Account' drop menu</h5>
									<span class='badge badge-success'>10.10.2023 02:01:59</span>
									<span class='badge badge-danger'>10.10.2023 02:02:10</span>
									<span class='badge badge-default'>0h 0m 10s+784ms</span>
								</div>
								<div class="m-t-10 m-l-5">
									
								</div>
							</div>
						</div>
<div class="detail-body mt-4">                                              
<table class="table table-sm">
	<thead><tr>
		<th class="status-col">Status</th>
		<th class="timestamp-col">Timestamp</th>
		<th class="details-col">Details</th>
	</tr></thead>
	<tbody>
			<tr class="event-row">
				<td><i class="fa fa-check text-pass"></i></td>
				<td>2:02:10 AM</td>
				<td>
						Test passed
				</td>
			</tr>
	</tbody>
</table>
</div>
					</div>
				</li>
				<li class="test-item"  status="pass" test-id="7"
					author=""
					tag=""
					device="">
					<div class="status-avatar pass-bg">
						<i class="fa fa-check text-white"></i>
					</div>
					<div class="open-test">
						<div class="test-detail">
							<p class="name">R1.1_TS002_TC002 Verify logging into the Application using invalid credentials (i.e. Invalid email address and Invalid Password)</p>
							<p class="duration text-sm">0h 0m 10s+985ms</p>
							<span class="datetime">02:02:04 AM</span>
						</div>
					</div>
					<div class="test-contents d-none">
						<div class="detail-head">
							<div class="p-v-10 d-inline-block">
								<div class="info">
									<h5 class="test-status text-pass">R1.1_TS002_TC002 Verify logging into the Application using invalid credentials (i.e. Invalid email address and Invalid Password)</h5>
									<span class='badge badge-success'>10.10.2023 02:02:04</span>
									<span class='badge badge-danger'>10.10.2023 02:02:15</span>
									<span class='badge badge-default'>0h 0m 10s+985ms</span>
								</div>
								<div class="m-t-10 m-l-5">
									
								</div>
							</div>
						</div>
<div class="detail-body mt-4">                                              
<table class="table table-sm">
	<thead><tr>
		<th class="status-col">Status</th>
		<th class="timestamp-col">Timestamp</th>
		<th class="details-col">Details</th>
	</tr></thead>
	<tbody>
			<tr class="event-row">
				<td><i class="fa fa-info text-info"></i></td>
				<td>2:02:15 AM</td>
				<td>
						There is exception in execution and skipped for another try java.lang.AssertionError: expected [true] but found [false]
				</td>
			</tr>
	</tbody>
</table>
</div>
					</div>
				</li>
				<li class="test-item"  status="pass" test-id="8"
					author=""
					tag=""
					device="">
					<div class="status-avatar pass-bg">
						<i class="fa fa-check text-white"></i>
					</div>
					<div class="open-test">
						<div class="test-detail">
							<p class="name">R1.1_TS001_TC003 Verify Registering an Account by providing all the fields</p>
							<p class="duration text-sm">0h 0m 14s+575ms</p>
							<span class="datetime">02:02:05 AM</span>
						</div>
					</div>
					<div class="test-contents d-none">
						<div class="detail-head">
							<div class="p-v-10 d-inline-block">
								<div class="info">
									<h5 class="test-status text-pass">R1.1_TS001_TC003 Verify Registering an Account by providing all the fields</h5>
									<span class='badge badge-success'>10.10.2023 02:02:05</span>
									<span class='badge badge-danger'>10.10.2023 02:02:20</span>
									<span class='badge badge-default'>0h 0m 14s+575ms</span>
								</div>
								<div class="m-t-10 m-l-5">
									
								</div>
							</div>
						</div>
<div class="detail-body mt-4">                                              
<table class="table table-sm">
	<thead><tr>
		<th class="status-col">Status</th>
		<th class="timestamp-col">Timestamp</th>
		<th class="details-col">Details</th>
	</tr></thead>
	<tbody>
			<tr class="event-row">
				<td><i class="fa fa-check text-pass"></i></td>
				<td>2:02:20 AM</td>
				<td>
						Test passed
				</td>
			</tr>
	</tbody>
</table>
</div>
					</div>
				</li>
				<li class="test-item"  status="pass" test-id="9"
					author=""
					tag=""
					device="">
					<div class="status-avatar pass-bg">
						<i class="fa fa-check text-white"></i>
					</div>
					<div class="open-test">
						<div class="test-detail">
							<p class="name">negetive test case draftfail</p>
							<p class="duration text-sm">0h 0m 6s+784ms</p>
							<span class="datetime">02:02:08 AM</span>
						</div>
					</div>
					<div class="test-contents d-none">
						<div class="detail-head">
							<div class="p-v-10 d-inline-block">
								<div class="info">
									<h5 class="test-status text-pass">negetive test case draftfail</h5>
									<span class='badge badge-success'>10.10.2023 02:02:08</span>
									<span class='badge badge-danger'>10.10.2023 02:02:15</span>
									<span class='badge badge-default'>0h 0m 6s+784ms</span>
								</div>
								<div class="m-t-10 m-l-5">
									
								</div>
							</div>
						</div>
<div class="detail-body mt-4">                                              
<table class="table table-sm">
	<thead><tr>
		<th class="status-col">Status</th>
		<th class="timestamp-col">Timestamp</th>
		<th class="details-col">Details</th>
	</tr></thead>
	<tbody>
			<tr class="event-row">
				<td><i class="fa fa-info text-info"></i></td>
				<td>2:02:15 AM</td>
				<td>
						There is exception in execution and skipped for another try java.lang.AssertionError: expected [true] but found [false]
				</td>
			</tr>
	</tbody>
</table>
</div>
					</div>
				</li>
				<li class="test-item"  status="pass" test-id="10"
					author=""
					tag=""
					device="">
					<div class="status-avatar pass-bg">
						<i class="fa fa-check text-white"></i>
					</div>
					<div class="open-test">
						<div class="test-detail">
							<p class="name">R1.1_TS004_TC001 as a Registered user I should be able to reset my password by using "Forgotten Password" link in "Returning Customer" Login box</p>
							<p class="duration text-sm">0h 0m 10s+897ms</p>
							<span class="datetime">02:02:08 AM</span>
						</div>
					</div>
					<div class="test-contents d-none">
						<div class="detail-head">
							<div class="p-v-10 d-inline-block">
								<div class="info">
									<h5 class="test-status text-pass">R1.1_TS004_TC001 as a Registered user I should be able to reset my password by using "Forgotten Password" link in "Returning Customer" Login box</h5>
									<span class='badge badge-success'>10.10.2023 02:02:08</span>
									<span class='badge badge-danger'>10.10.2023 02:02:19</span>
									<span class='badge badge-default'>0h 0m 10s+897ms</span>
								</div>
								<div class="m-t-10 m-l-5">
									
								</div>
							</div>
						</div>
<div class="detail-body mt-4">                                              
<table class="table table-sm">
	<thead><tr>
		<th class="status-col">Status</th>
		<th class="timestamp-col">Timestamp</th>
		<th class="details-col">Details</th>
	</tr></thead>
	<tbody>
			<tr class="event-row">
				<td><i class="fa fa-check text-pass"></i></td>
				<td>2:02:19 AM</td>
				<td>
						Test passed
				</td>
			</tr>
	</tbody>
</table>
</div>
					</div>
				</li>
				<li class="test-item"  status="pass" test-id="11"
					author=""
					tag=""
					device="">
					<div class="status-avatar pass-bg">
						<i class="fa fa-check text-white"></i>
					</div>
					<div class="open-test">
						<div class="test-detail">
							<p class="name">R1.1_TS003_TC002 Verify Logging out by selecting Logout option from 'Right Column' options</p>
							<p class="duration text-sm">0h 0m 10s+682ms</p>
							<span class="datetime">02:02:11 AM</span>
						</div>
					</div>
					<div class="test-contents d-none">
						<div class="detail-head">
							<div class="p-v-10 d-inline-block">
								<div class="info">
									<h5 class="test-status text-pass">R1.1_TS003_TC002 Verify Logging out by selecting Logout option from 'Right Column' options</h5>
									<span class='badge badge-success'>10.10.2023 02:02:11</span>
									<span class='badge badge-danger'>10.10.2023 02:02:22</span>
									<span class='badge badge-default'>0h 0m 10s+682ms</span>
								</div>
								<div class="m-t-10 m-l-5">
									
								</div>
							</div>
						</div>
<div class="detail-body mt-4">                                              
<table class="table table-sm">
	<thead><tr>
		<th class="status-col">Status</th>
		<th class="timestamp-col">Timestamp</th>
		<th class="details-col">Details</th>
	</tr></thead>
	<tbody>
			<tr class="event-row">
				<td><i class="fa fa-check text-pass"></i></td>
				<td>2:02:22 AM</td>
				<td>
						Test passed
				</td>
			</tr>
	</tbody>
</table>
</div>
					</div>
				</li>
				<li class="test-item"  status="fail" test-id="12"
					author=""
					tag=""
					device="">
					<div class="status-avatar fail-bg">
						<i class="fa fa-times text-white"></i>
					</div>
					<div class="open-test">
						<div class="test-detail">
							<p class="name">negetive test case draftfail</p>
							<p class="duration text-sm">0h 0m 7s+332ms</p>
							<span class="datetime">02:02:15 AM</span>
						</div>
					</div>
					<div class="test-contents d-none">
						<div class="detail-head">
							<div class="p-v-10 d-inline-block">
								<div class="info">
									<h5 class="test-status text-fail">negetive test case draftfail</h5>
									<span class='badge badge-success'>10.10.2023 02:02:15</span>
									<span class='badge badge-danger'>10.10.2023 02:02:22</span>
									<span class='badge badge-default'>0h 0m 7s+332ms</span>
								</div>
								<div class="m-t-10 m-l-5">
									
								</div>
							</div>
						</div>
<div class="detail-body mt-4">                                              
<table class="table table-sm">
	<thead><tr>
		<th class="status-col">Status</th>
		<th class="timestamp-col">Timestamp</th>
		<th class="details-col">Details</th>
	</tr></thead>
	<tbody>
			<tr class="event-row">
				<td><i class="fa fa-times text-fail"></i></td>
				<td>2:02:22 AM</td>
				<td>
						Test failed. java.lang.AssertionError: expected [true] but found [false]
				</td>
			</tr>
	</tbody>
</table>
</div>
<div class="detail-foot">
	<ul class="attachments">
			<img class='r-img' onerror='this.style.display="none"' data-featherlight='C:\Users\naimn\DEV\IDE\eclipse\tutorialNinja//reports//draftfail.png' src='C:\Users\naimn\DEV\IDE\eclipse\tutorialNinja//reports//draftfail.png'>
	</ul>
</div>
					</div>
				</li>
				<li class="test-item"  status="pass" test-id="13"
					author=""
					tag=""
					device="">
					<div class="status-avatar pass-bg">
						<i class="fa fa-check text-white"></i>
					</div>
					<div class="open-test">
						<div class="test-detail">
							<p class="name">R1.1_TS002_TC002 Verify logging into the Application using invalid credentials (i.e. Invalid email address and Invalid Password)</p>
							<p class="duration text-sm">0h 0m 10s+57ms</p>
							<span class="datetime">02:02:16 AM</span>
						</div>
					</div>
					<div class="test-contents d-none">
						<div class="detail-head">
							<div class="p-v-10 d-inline-block">
								<div class="info">
									<h5 class="test-status text-pass">R1.1_TS002_TC002 Verify logging into the Application using invalid credentials (i.e. Invalid email address and Invalid Password)</h5>
									<span class='badge badge-success'>10.10.2023 02:02:16</span>
									<span class='badge badge-danger'>10.10.2023 02:02:26</span>
									<span class='badge badge-default'>0h 0m 10s+57ms</span>
								</div>
								<div class="m-t-10 m-l-5">
									
								</div>
							</div>
						</div>
<div class="detail-body mt-4">                                              
<table class="table table-sm">
	<thead><tr>
		<th class="status-col">Status</th>
		<th class="timestamp-col">Timestamp</th>
		<th class="details-col">Details</th>
	</tr></thead>
	<tbody>
			<tr class="event-row">
				<td><i class="fa fa-info text-info"></i></td>
				<td>2:02:26 AM</td>
				<td>
						There is exception in execution and skipped for another try java.lang.AssertionError: expected [true] but found [false]
				</td>
			</tr>
	</tbody>
</table>
</div>
					</div>
				</li>
				<li class="test-item"  status="pass" test-id="14"
					author=""
					tag=""
					device="">
					<div class="status-avatar pass-bg">
						<i class="fa fa-check text-white"></i>
					</div>
					<div class="open-test">
						<div class="test-detail">
							<p class="name">R1.1_TS004_TC002 as a Registered user I should be able to reset my password by using "Forgotten Password" link in right column</p>
							<p class="duration text-sm">0h 0m 10s+243ms</p>
							<span class="datetime">02:02:19 AM</span>
						</div>
					</div>
					<div class="test-contents d-none">
						<div class="detail-head">
							<div class="p-v-10 d-inline-block">
								<div class="info">
									<h5 class="test-status text-pass">R1.1_TS004_TC002 as a Registered user I should be able to reset my password by using "Forgotten Password" link in right column</h5>
									<span class='badge badge-success'>10.10.2023 02:02:19</span>
									<span class='badge badge-danger'>10.10.2023 02:02:30</span>
									<span class='badge badge-default'>0h 0m 10s+243ms</span>
								</div>
								<div class="m-t-10 m-l-5">
									
								</div>
							</div>
						</div>
<div class="detail-body mt-4">                                              
<table class="table table-sm">
	<thead><tr>
		<th class="status-col">Status</th>
		<th class="timestamp-col">Timestamp</th>
		<th class="details-col">Details</th>
	</tr></thead>
	<tbody>
			<tr class="event-row">
				<td><i class="fa fa-check text-pass"></i></td>
				<td>2:02:30 AM</td>
				<td>
						Test passed
				</td>
			</tr>
	</tbody>
</table>
</div>
					</div>
				</li>
				<li class="test-item"  status="pass" test-id="15"
					author=""
					tag=""
					device="">
					<div class="status-avatar pass-bg">
						<i class="fa fa-check text-white"></i>
					</div>
					<div class="open-test">
						<div class="test-detail">
							<p class="name">R1.1_TS001_TC004 Verify proper error messages are displayed for the mandatory fields, when you don't provide any mandatory fields in the 'Register Account' page and submit</p>
							<p class="duration text-sm">0h 0m 10s+97ms</p>
							<span class="datetime">02:02:20 AM</span>
						</div>
					</div>
					<div class="test-contents d-none">
						<div class="detail-head">
							<div class="p-v-10 d-inline-block">
								<div class="info">
									<h5 class="test-status text-pass">R1.1_TS001_TC004 Verify proper error messages are displayed for the mandatory fields, when you don't provide any mandatory fields in the 'Register Account' page and submit</h5>
									<span class='badge badge-success'>10.10.2023 02:02:20</span>
									<span class='badge badge-danger'>10.10.2023 02:02:30</span>
									<span class='badge badge-default'>0h 0m 10s+97ms</span>
								</div>
								<div class="m-t-10 m-l-5">
									
								</div>
							</div>
						</div>
<div class="detail-body mt-4">                                              
<table class="table table-sm">
	<thead><tr>
		<th class="status-col">Status</th>
		<th class="timestamp-col">Timestamp</th>
		<th class="details-col">Details</th>
	</tr></thead>
	<tbody>
			<tr class="event-row">
				<td><i class="fa fa-check text-pass"></i></td>
				<td>2:02:30 AM</td>
				<td>
						Test passed
				</td>
			</tr>
	</tbody>
</table>
</div>
					</div>
				</li>
				<li class="test-item"  status="pass" test-id="16"
					author=""
					tag=""
					device="">
					<div class="status-avatar pass-bg">
						<i class="fa fa-check text-white"></i>
					</div>
					<div class="open-test">
						<div class="test-detail">
							<p class="name">R1.1_TS003_TC003 Verify the Application session status, after logging and closing the Browser without logging out</p>
							<p class="duration text-sm">0h 0m 27s+600ms</p>
							<span class="datetime">02:02:23 AM</span>
						</div>
					</div>
					<div class="test-contents d-none">
						<div class="detail-head">
							<div class="p-v-10 d-inline-block">
								<div class="info">
									<h5 class="test-status text-pass">R1.1_TS003_TC003 Verify the Application session status, after logging and closing the Browser without logging out</h5>
									<span class='badge badge-success'>10.10.2023 02:02:23</span>
									<span class='badge badge-danger'>10.10.2023 02:02:51</span>
									<span class='badge badge-default'>0h 0m 27s+600ms</span>
								</div>
								<div class="m-t-10 m-l-5">
									
								</div>
							</div>
						</div>
<div class="detail-body mt-4">                                              
<table class="table table-sm">
	<thead><tr>
		<th class="status-col">Status</th>
		<th class="timestamp-col">Timestamp</th>
		<th class="details-col">Details</th>
	</tr></thead>
	<tbody>
			<tr class="event-row">
				<td><i class="fa fa-info text-info"></i></td>
				<td>2:02:51 AM</td>
				<td>
						There is exception in execution and skipped for another try org.openqa.selenium.NoSuchElementException: no such element: Unable to locate element: {"method":"xpath","selector":"//ul[@class='dropdown-menu dropdown-menu-right']//a[text()='My Account']"}
  (Session info: chrome=117.0.5938.150)
For documentation on this error, please visit: https://www.selenium.dev/documentation/webdriver/troubleshooting/errors#no-such-element-exception
Build info: version: '4.12.1', revision: '8e34639b11'
System info: os.name: 'Windows 11', os.arch: 'amd64', os.version: '10.0', java.version: '17.0.7'
Driver info: org.openqa.selenium.chrome.ChromeDriver
Command: [2774c940c5c43e05bb10b2f8aa4fde41, findElement {using=xpath, value=//ul[@class='dropdown-menu dropdown-menu-right']//a[text()='My Account']}]
Capabilities {acceptInsecureCerts: false, browserName: chrome, browserVersion: 117.0.5938.150, chrome: {chromedriverVersion: 117.0.5938.149 (e3344ddefa1..., userDataDir: C:\Users\naimn\AppData\Loca...}, fedcm:accounts: true, goog:chromeOptions: {debuggerAddress: localhost:53722}, networkConnectionEnabled: false, pageLoadStrategy: normal, platformName: windows, proxy: Proxy(), se:cdp: ws://localhost:53722/devtoo..., se:cdpVersion: 117.0.5938.150, setWindowRect: true, strictFileInteractability: false, timeouts: {implicit: 0, pageLoad: 300000, script: 30000}, unhandledPromptBehavior: dismiss and notify, webauthn:extension:credBlob: true, webauthn:extension:largeBlob: true, webauthn:extension:minPinLength: true, webauthn:extension:prf: true, webauthn:virtualAuthenticators: true}
Session ID: 2774c940c5c43e05bb10b2f8aa4fde41
				</td>
			</tr>
	</tbody>
</table>
</div>
					</div>
				</li>
				<li class="test-item"  status="pass" test-id="17"
					author=""
					tag=""
					device="">
					<div class="status-avatar pass-bg">
						<i class="fa fa-check text-white"></i>
					</div>
					<div class="open-test">
						<div class="test-detail">
							<p class="name">negetive test case loginPagefail</p>
							<p class="duration text-sm">0h 0m 6s+219ms</p>
							<span class="datetime">02:02:23 AM</span>
						</div>
					</div>
					<div class="test-contents d-none">
						<div class="detail-head">
							<div class="p-v-10 d-inline-block">
								<div class="info">
									<h5 class="test-status text-pass">negetive test case loginPagefail</h5>
									<span class='badge badge-success'>10.10.2023 02:02:23</span>
									<span class='badge badge-danger'>10.10.2023 02:02:30</span>
									<span class='badge badge-default'>0h 0m 6s+219ms</span>
								</div>
								<div class="m-t-10 m-l-5">
									
								</div>
							</div>
						</div>
<div class="detail-body mt-4">                                              
<table class="table table-sm">
	<thead><tr>
		<th class="status-col">Status</th>
		<th class="timestamp-col">Timestamp</th>
		<th class="details-col">Details</th>
	</tr></thead>
	<tbody>
			<tr class="event-row">
				<td><i class="fa fa-info text-info"></i></td>
				<td>2:02:30 AM</td>
				<td>
						There is exception in execution and skipped for another try java.lang.AssertionError: expected [Customer] but found [Account Login]
				</td>
			</tr>
	</tbody>
</table>
</div>
					</div>
				</li>
				<li class="test-item"  status="fail" test-id="18"
					author=""
					tag=""
					device="">
					<div class="status-avatar fail-bg">
						<i class="fa fa-times text-white"></i>
					</div>
					<div class="open-test">
						<div class="test-detail">
							<p class="name">R1.1_TS002_TC002 Verify logging into the Application using invalid credentials (i.e. Invalid email address and Invalid Password)</p>
							<p class="duration text-sm">0h 0m 10s+891ms</p>
							<span class="datetime">02:02:26 AM</span>
						</div>
					</div>
					<div class="test-contents d-none">
						<div class="detail-head">
							<div class="p-v-10 d-inline-block">
								<div class="info">
									<h5 class="test-status text-fail">R1.1_TS002_TC002 Verify logging into the Application using invalid credentials (i.e. Invalid email address and Invalid Password)</h5>
									<span class='badge badge-success'>10.10.2023 02:02:26</span>
									<span class='badge badge-danger'>10.10.2023 02:02:37</span>
									<span class='badge badge-default'>0h 0m 10s+891ms</span>
								</div>
								<div class="m-t-10 m-l-5">
									
								</div>
							</div>
						</div>
<div class="detail-body mt-4">                                              
<table class="table table-sm">
	<thead><tr>
		<th class="status-col">Status</th>
		<th class="timestamp-col">Timestamp</th>
		<th class="details-col">Details</th>
	</tr></thead>
	<tbody>
			<tr class="event-row">
				<td><i class="fa fa-times text-fail"></i></td>
				<td>2:02:37 AM</td>
				<td>
						Test failed. java.lang.AssertionError: expected [true] but found [false]
				</td>
			</tr>
	</tbody>
</table>
</div>
<div class="detail-foot">
	<ul class="attachments">
			<img class='r-img' onerror='this.style.display="none"' data-featherlight='C:\Users\naimn\DEV\IDE\eclipse\tutorialNinja//reports//r1dot1_TS002_TC002.png' src='C:\Users\naimn\DEV\IDE\eclipse\tutorialNinja//reports//r1dot1_TS002_TC002.png'>
	</ul>
</div>
					</div>
				</li>
				<li class="test-item"  status="pass" test-id="19"
					author=""
					tag=""
					device="">
					<div class="status-avatar pass-bg">
						<i class="fa fa-check text-white"></i>
					</div>
					<div class="open-test">
						<div class="test-detail">
							<p class="name">negetive test case loginPagefail</p>
							<p class="duration text-sm">0h 0m 6s+202ms</p>
							<span class="datetime">02:02:30 AM</span>
						</div>
					</div>
					<div class="test-contents d-none">
						<div class="detail-head">
							<div class="p-v-10 d-inline-block">
								<div class="info">
									<h5 class="test-status text-pass">negetive test case loginPagefail</h5>
									<span class='badge badge-success'>10.10.2023 02:02:30</span>
									<span class='badge badge-danger'>10.10.2023 02:02:36</span>
									<span class='badge badge-default'>0h 0m 6s+202ms</span>
								</div>
								<div class="m-t-10 m-l-5">
									
								</div>
							</div>
						</div>
<div class="detail-body mt-4">                                              
<table class="table table-sm">
	<thead><tr>
		<th class="status-col">Status</th>
		<th class="timestamp-col">Timestamp</th>
		<th class="details-col">Details</th>
	</tr></thead>
	<tbody>
			<tr class="event-row">
				<td><i class="fa fa-info text-info"></i></td>
				<td>2:02:36 AM</td>
				<td>
						There is exception in execution and skipped for another try java.lang.AssertionError: expected [Customer] but found [Account Login]
				</td>
			</tr>
	</tbody>
</table>
</div>
					</div>
				</li>
				<li class="test-item"  status="pass" test-id="20"
					author=""
					tag=""
					device="">
					<div class="status-avatar pass-bg">
						<i class="fa fa-check text-white"></i>
					</div>
					<div class="open-test">
						<div class="test-detail">
							<p class="name">R1.2_TS005_TC001 As an user I should be able to search a product which is present in database.</p>
							<p class="duration text-sm">0h 0m 12s+913ms</p>
							<span class="datetime">02:02:30 AM</span>
						</div>
					</div>
					<div class="test-contents d-none">
						<div class="detail-head">
							<div class="p-v-10 d-inline-block">
								<div class="info">
									<h5 class="test-status text-pass">R1.2_TS005_TC001 As an user I should be able to search a product which is present in database.</h5>
									<span class='badge badge-success'>10.10.2023 02:02:30</span>
									<span class='badge badge-danger'>10.10.2023 02:02:43</span>
									<span class='badge badge-default'>0h 0m 12s+913ms</span>
								</div>
								<div class="m-t-10 m-l-5">
									
								</div>
							</div>
						</div>
<div class="detail-body mt-4">                                              
<table class="table table-sm">
	<thead><tr>
		<th class="status-col">Status</th>
		<th class="timestamp-col">Timestamp</th>
		<th class="details-col">Details</th>
	</tr></thead>
	<tbody>
			<tr class="event-row">
				<td><i class="fa fa-check text-pass"></i></td>
				<td>2:02:43 AM</td>
				<td>
						Test passed
				</td>
			</tr>
	</tbody>
</table>
</div>
					</div>
				</li>
				<li class="test-item"  status="pass" test-id="21"
					author=""
					tag=""
					device="">
					<div class="status-avatar pass-bg">
						<i class="fa fa-check text-white"></i>
					</div>
					<div class="open-test">
						<div class="test-detail">
							<p class="name">R1.1_TS001_TC028 Verify the application throws proper error message when user click continue button without selecting privacy and policy check box.</p>
							<p class="duration text-sm">0h 0m 11s+855ms</p>
							<span class="datetime">02:02:31 AM</span>
						</div>
					</div>
					<div class="test-contents d-none">
						<div class="detail-head">
							<div class="p-v-10 d-inline-block">
								<div class="info">
									<h5 class="test-status text-pass">R1.1_TS001_TC028 Verify the application throws proper error message when user click continue button without selecting privacy and policy check box.</h5>
									<span class='badge badge-success'>10.10.2023 02:02:31</span>
									<span class='badge badge-danger'>10.10.2023 02:02:42</span>
									<span class='badge badge-default'>0h 0m 11s+855ms</span>
								</div>
								<div class="m-t-10 m-l-5">
									
								</div>
							</div>
						</div>
<div class="detail-body mt-4">                                              
<table class="table table-sm">
	<thead><tr>
		<th class="status-col">Status</th>
		<th class="timestamp-col">Timestamp</th>
		<th class="details-col">Details</th>
	</tr></thead>
	<tbody>
			<tr class="event-row">
				<td><i class="fa fa-check text-pass"></i></td>
				<td>2:02:42 AM</td>
				<td>
						Test passed
				</td>
			</tr>
	</tbody>
</table>
</div>
					</div>
				</li>
				<li class="test-item"  status="fail" test-id="22"
					author=""
					tag=""
					device="">
					<div class="status-avatar fail-bg">
						<i class="fa fa-times text-white"></i>
					</div>
					<div class="open-test">
						<div class="test-detail">
							<p class="name">negetive test case loginPagefail</p>
							<p class="duration text-sm">0h 0m 5s+485ms</p>
							<span class="datetime">02:02:36 AM</span>
						</div>
					</div>
					<div class="test-contents d-none">
						<div class="detail-head">
							<div class="p-v-10 d-inline-block">
								<div class="info">
									<h5 class="test-status text-fail">negetive test case loginPagefail</h5>
									<span class='badge badge-success'>10.10.2023 02:02:36</span>
									<span class='badge badge-danger'>10.10.2023 02:02:42</span>
									<span class='badge badge-default'>0h 0m 5s+485ms</span>
								</div>
								<div class="m-t-10 m-l-5">
									
								</div>
							</div>
						</div>
<div class="detail-body mt-4">                                              
<table class="table table-sm">
	<thead><tr>
		<th class="status-col">Status</th>
		<th class="timestamp-col">Timestamp</th>
		<th class="details-col">Details</th>
	</tr></thead>
	<tbody>
			<tr class="event-row">
				<td><i class="fa fa-times text-fail"></i></td>
				<td>2:02:42 AM</td>
				<td>
						Test failed. java.lang.AssertionError: expected [Customer] but found [Account Login]
				</td>
			</tr>
	</tbody>
</table>
</div>
<div class="detail-foot">
	<ul class="attachments">
			<img class='r-img' onerror='this.style.display="none"' data-featherlight='C:\Users\naimn\DEV\IDE\eclipse\tutorialNinja//reports//loginPagefail.png' src='C:\Users\naimn\DEV\IDE\eclipse\tutorialNinja//reports//loginPagefail.png'>
	</ul>
</div>
					</div>
				</li>
				<li class="test-item"  status="pass" test-id="23"
					author=""
					tag=""
					device="">
					<div class="status-avatar pass-bg">
						<i class="fa fa-check text-white"></i>
					</div>
					<div class="open-test">
						<div class="test-detail">
							<p class="name">R1.1_TS002_TC003 Verify logging into the Application using invalid email address and valid Password</p>
							<p class="duration text-sm">0h 0m 9s+169ms</p>
							<span class="datetime">02:02:39 AM</span>
						</div>
					</div>
					<div class="test-contents d-none">
						<div class="detail-head">
							<div class="p-v-10 d-inline-block">
								<div class="info">
									<h5 class="test-status text-pass">R1.1_TS002_TC003 Verify logging into the Application using invalid email address and valid Password</h5>
									<span class='badge badge-success'>10.10.2023 02:02:39</span>
									<span class='badge badge-danger'>10.10.2023 02:02:48</span>
									<span class='badge badge-default'>0h 0m 9s+169ms</span>
								</div>
								<div class="m-t-10 m-l-5">
									
								</div>
							</div>
						</div>
<div class="detail-body mt-4">                                              
<table class="table table-sm">
	<thead><tr>
		<th class="status-col">Status</th>
		<th class="timestamp-col">Timestamp</th>
		<th class="details-col">Details</th>
	</tr></thead>
	<tbody>
			<tr class="event-row">
				<td><i class="fa fa-info text-info"></i></td>
				<td>2:02:48 AM</td>
				<td>
						There is exception in execution and skipped for another try java.lang.AssertionError: expected [true] but found [false]
				</td>
			</tr>
	</tbody>
</table>
</div>
					</div>
				</li>
				<li class="test-item"  status="pass" test-id="24"
					author=""
					tag=""
					device="">
					<div class="status-avatar pass-bg">
						<i class="fa fa-check text-white"></i>
					</div>
					<div class="open-test">
						<div class="test-detail">
							<p class="name">validate readExcelDraft</p>
							<p class="duration text-sm">0h 0m 1s+474ms</p>
							<span class="datetime">02:02:42 AM</span>
						</div>
					</div>
					<div class="test-contents d-none">
						<div class="detail-head">
							<div class="p-v-10 d-inline-block">
								<div class="info">
									<h5 class="test-status text-pass">validate readExcelDraft</h5>
									<span class='badge badge-success'>10.10.2023 02:02:42</span>
									<span class='badge badge-danger'>10.10.2023 02:02:44</span>
									<span class='badge badge-default'>0h 0m 1s+474ms</span>
								</div>
								<div class="m-t-10 m-l-5">
									
								</div>
							</div>
						</div>
<div class="detail-body mt-4">                                              
<table class="table table-sm">
	<thead><tr>
		<th class="status-col">Status</th>
		<th class="timestamp-col">Timestamp</th>
		<th class="details-col">Details</th>
	</tr></thead>
	<tbody>
			<tr class="event-row">
				<td><i class="fa fa-check text-pass"></i></td>
				<td>2:02:44 AM</td>
				<td>
						Test passed
				</td>
			</tr>
	</tbody>
</table>
</div>
					</div>
				</li>
				<li class="test-item"  status="pass" test-id="25"
					author=""
					tag=""
					device="">
					<div class="status-avatar pass-bg">
						<i class="fa fa-check text-white"></i>
					</div>
					<div class="open-test">
						<div class="test-detail">
							<p class="name">R1.2_TS005_TC024 Verify user can select a product from featured product list from HomePage</p>
							<p class="duration text-sm">0h 0m 7s+226ms</p>
							<span class="datetime">02:02:43 AM</span>
						</div>
					</div>
					<div class="test-contents d-none">
						<div class="detail-head">
							<div class="p-v-10 d-inline-block">
								<div class="info">
									<h5 class="test-status text-pass">R1.2_TS005_TC024 Verify user can select a product from featured product list from HomePage</h5>
									<span class='badge badge-success'>10.10.2023 02:02:43</span>
									<span class='badge badge-danger'>10.10.2023 02:02:50</span>
									<span class='badge badge-default'>0h 0m 7s+226ms</span>
								</div>
								<div class="m-t-10 m-l-5">
									
								</div>
							</div>
						</div>
<div class="detail-body mt-4">                                              
<table class="table table-sm">
	<thead><tr>
		<th class="status-col">Status</th>
		<th class="timestamp-col">Timestamp</th>
		<th class="details-col">Details</th>
	</tr></thead>
	<tbody>
			<tr class="event-row">
				<td><i class="fa fa-check text-pass"></i></td>
				<td>2:02:50 AM</td>
				<td>
						Test passed
				</td>
			</tr>
	</tbody>
</table>
</div>
					</div>
				</li>
				<li class="test-item"  status="pass" test-id="26"
					author=""
					tag=""
					device="">
					<div class="status-avatar pass-bg">
						<i class="fa fa-check text-white"></i>
					</div>
					<div class="open-test">
						<div class="test-detail">
							<p class="name">draft test of product catagory page</p>
							<p class="duration text-sm">0h 0m 6s+697ms</p>
							<span class="datetime">02:02:44 AM</span>
						</div>
					</div>
					<div class="test-contents d-none">
						<div class="detail-head">
							<div class="p-v-10 d-inline-block">
								<div class="info">
									<h5 class="test-status text-pass">draft test of product catagory page</h5>
									<span class='badge badge-success'>10.10.2023 02:02:44</span>
									<span class='badge badge-danger'>10.10.2023 02:02:50</span>
									<span class='badge badge-default'>0h 0m 6s+697ms</span>
								</div>
								<div class="m-t-10 m-l-5">
									
								</div>
							</div>
						</div>
<div class="detail-body mt-4">                                              
<table class="table table-sm">
	<thead><tr>
		<th class="status-col">Status</th>
		<th class="timestamp-col">Timestamp</th>
		<th class="details-col">Details</th>
	</tr></thead>
	<tbody>
			<tr class="event-row">
				<td><i class="fa fa-check text-pass"></i></td>
				<td>2:02:50 AM</td>
				<td>
						Test passed
				</td>
			</tr>
	</tbody>
</table>
</div>
					</div>
				</li>
				<li class="test-item"  status="pass" test-id="27"
					author=""
					tag=""
					device="">
					<div class="status-avatar pass-bg">
						<i class="fa fa-check text-white"></i>
					</div>
					<div class="open-test">
						<div class="test-detail">
							<p class="name">R1.1_TS002_TC003 Verify logging into the Application using invalid email address and valid Password</p>
							<p class="duration text-sm">0h 0m 7s+636ms</p>
							<span class="datetime">02:02:48 AM</span>
						</div>
					</div>
					<div class="test-contents d-none">
						<div class="detail-head">
							<div class="p-v-10 d-inline-block">
								<div class="info">
									<h5 class="test-status text-pass">R1.1_TS002_TC003 Verify logging into the Application using invalid email address and valid Password</h5>
									<span class='badge badge-success'>10.10.2023 02:02:48</span>
									<span class='badge badge-danger'>10.10.2023 02:02:56</span>
									<span class='badge badge-default'>0h 0m 7s+636ms</span>
								</div>
								<div class="m-t-10 m-l-5">
									
								</div>
							</div>
						</div>
<div class="detail-body mt-4">                                              
<table class="table table-sm">
	<thead><tr>
		<th class="status-col">Status</th>
		<th class="timestamp-col">Timestamp</th>
		<th class="details-col">Details</th>
	</tr></thead>
	<tbody>
			<tr class="event-row">
				<td><i class="fa fa-info text-info"></i></td>
				<td>2:02:56 AM</td>
				<td>
						There is exception in execution and skipped for another try java.lang.AssertionError: expected [true] but found [false]
				</td>
			</tr>
	</tbody>
</table>
</div>
					</div>
				</li>
				<li class="test-item"  status="pass" test-id="28"
					author=""
					tag=""
					device="">
					<div class="status-avatar pass-bg">
						<i class="fa fa-check text-white"></i>
					</div>
					<div class="open-test">
						<div class="test-detail">
							<p class="name">R1.2_TS005_TC024 Verify user can select a product from featured product list from HomePage</p>
							<p class="duration text-sm">0h 0m 9s+14ms</p>
							<span class="datetime">02:02:51 AM</span>
						</div>
					</div>
					<div class="test-contents d-none">
						<div class="detail-head">
							<div class="p-v-10 d-inline-block">
								<div class="info">
									<h5 class="test-status text-pass">R1.2_TS005_TC024 Verify user can select a product from featured product list from HomePage</h5>
									<span class='badge badge-success'>10.10.2023 02:02:51</span>
									<span class='badge badge-danger'>10.10.2023 02:03:00</span>
									<span class='badge badge-default'>0h 0m 9s+14ms</span>
								</div>
								<div class="m-t-10 m-l-5">
									
								</div>
							</div>
						</div>
<div class="detail-body mt-4">                                              
<table class="table table-sm">
	<thead><tr>
		<th class="status-col">Status</th>
		<th class="timestamp-col">Timestamp</th>
		<th class="details-col">Details</th>
	</tr></thead>
	<tbody>
			<tr class="event-row">
				<td><i class="fa fa-check text-pass"></i></td>
				<td>2:03:00 AM</td>
				<td>
						Test passed
				</td>
			</tr>
	</tbody>
</table>
</div>
					</div>
				</li>
				<li class="test-item"  status="pass" test-id="29"
					author=""
					tag=""
					device="">
					<div class="status-avatar pass-bg">
						<i class="fa fa-check text-white"></i>
					</div>
					<div class="open-test">
						<div class="test-detail">
							<p class="name">click on homepage featured product</p>
							<p class="duration text-sm">0h 0m 8s+412ms</p>
							<span class="datetime">02:02:51 AM</span>
						</div>
					</div>
					<div class="test-contents d-none">
						<div class="detail-head">
							<div class="p-v-10 d-inline-block">
								<div class="info">
									<h5 class="test-status text-pass">click on homepage featured product</h5>
									<span class='badge badge-success'>10.10.2023 02:02:51</span>
									<span class='badge badge-danger'>10.10.2023 02:02:59</span>
									<span class='badge badge-default'>0h 0m 8s+412ms</span>
								</div>
								<div class="m-t-10 m-l-5">
									
								</div>
							</div>
						</div>
<div class="detail-body mt-4">                                              
<table class="table table-sm">
	<thead><tr>
		<th class="status-col">Status</th>
		<th class="timestamp-col">Timestamp</th>
		<th class="details-col">Details</th>
	</tr></thead>
	<tbody>
			<tr class="event-row">
				<td><i class="fa fa-check text-pass"></i></td>
				<td>2:02:59 AM</td>
				<td>
						Test passed
				</td>
			</tr>
	</tbody>
</table>
</div>
					</div>
				</li>
				<li class="test-item"  status="pass" test-id="30"
					author=""
					tag=""
					device="">
					<div class="status-avatar pass-bg">
						<i class="fa fa-check text-white"></i>
					</div>
					<div class="open-test">
						<div class="test-detail">
							<p class="name">R1.1_TS003_TC003 Verify the Application session status, after logging and closing the Browser without logging out</p>
							<p class="duration text-sm">0h 0m 26s+526ms</p>
							<span class="datetime">02:02:51 AM</span>
						</div>
					</div>
					<div class="test-contents d-none">
						<div class="detail-head">
							<div class="p-v-10 d-inline-block">
								<div class="info">
									<h5 class="test-status text-pass">R1.1_TS003_TC003 Verify the Application session status, after logging and closing the Browser without logging out</h5>
									<span class='badge badge-success'>10.10.2023 02:02:51</span>
									<span class='badge badge-danger'>10.10.2023 02:03:18</span>
									<span class='badge badge-default'>0h 0m 26s+526ms</span>
								</div>
								<div class="m-t-10 m-l-5">
									
								</div>
							</div>
						</div>
<div class="detail-body mt-4">                                              
<table class="table table-sm">
	<thead><tr>
		<th class="status-col">Status</th>
		<th class="timestamp-col">Timestamp</th>
		<th class="details-col">Details</th>
	</tr></thead>
	<tbody>
			<tr class="event-row">
				<td><i class="fa fa-info text-info"></i></td>
				<td>2:03:18 AM</td>
				<td>
						There is exception in execution and skipped for another try org.openqa.selenium.NoSuchElementException: no such element: Unable to locate element: {"method":"xpath","selector":"//ul[@class='dropdown-menu dropdown-menu-right']//a[text()='My Account']"}
  (Session info: chrome=117.0.5938.150)
For documentation on this error, please visit: https://www.selenium.dev/documentation/webdriver/troubleshooting/errors#no-such-element-exception
Build info: version: '4.12.1', revision: '8e34639b11'
System info: os.name: 'Windows 11', os.arch: 'amd64', os.version: '10.0', java.version: '17.0.7'
Driver info: org.openqa.selenium.chrome.ChromeDriver
Command: [27062d2f63442f5d47fbb55e4e5002d7, findElement {using=xpath, value=//ul[@class='dropdown-menu dropdown-menu-right']//a[text()='My Account']}]
Capabilities {acceptInsecureCerts: false, browserName: chrome, browserVersion: 117.0.5938.150, chrome: {chromedriverVersion: 117.0.5938.149 (e3344ddefa1..., userDataDir: C:\Users\naimn\AppData\Loca...}, fedcm:accounts: true, goog:chromeOptions: {debuggerAddress: localhost:53955}, networkConnectionEnabled: false, pageLoadStrategy: normal, platformName: windows, proxy: Proxy(), se:cdp: ws://localhost:53955/devtoo..., se:cdpVersion: 117.0.5938.150, setWindowRect: true, strictFileInteractability: false, timeouts: {implicit: 0, pageLoad: 300000, script: 30000}, unhandledPromptBehavior: dismiss and notify, webauthn:extension:credBlob: true, webauthn:extension:largeBlob: true, webauthn:extension:minPinLength: true, webauthn:extension:prf: true, webauthn:virtualAuthenticators: true}
Session ID: 27062d2f63442f5d47fbb55e4e5002d7
				</td>
			</tr>
	</tbody>
</table>
</div>
					</div>
				</li>
				<li class="test-item"  status="fail" test-id="31"
					author=""
					tag=""
					device="">
					<div class="status-avatar fail-bg">
						<i class="fa fa-times text-white"></i>
					</div>
					<div class="open-test">
						<div class="test-detail">
							<p class="name">R1.1_TS002_TC003 Verify logging into the Application using invalid email address and valid Password</p>
							<p class="duration text-sm">0h 0m 7s+554ms</p>
							<span class="datetime">02:02:56 AM</span>
						</div>
					</div>
					<div class="test-contents d-none">
						<div class="detail-head">
							<div class="p-v-10 d-inline-block">
								<div class="info">
									<h5 class="test-status text-fail">R1.1_TS002_TC003 Verify logging into the Application using invalid email address and valid Password</h5>
									<span class='badge badge-success'>10.10.2023 02:02:56</span>
									<span class='badge badge-danger'>10.10.2023 02:03:03</span>
									<span class='badge badge-default'>0h 0m 7s+554ms</span>
								</div>
								<div class="m-t-10 m-l-5">
									
								</div>
							</div>
						</div>
<div class="detail-body mt-4">                                              
<table class="table table-sm">
	<thead><tr>
		<th class="status-col">Status</th>
		<th class="timestamp-col">Timestamp</th>
		<th class="details-col">Details</th>
	</tr></thead>
	<tbody>
			<tr class="event-row">
				<td><i class="fa fa-times text-fail"></i></td>
				<td>2:03:03 AM</td>
				<td>
						Test failed. java.lang.AssertionError: expected [true] but found [false]
				</td>
			</tr>
	</tbody>
</table>
</div>
<div class="detail-foot">
	<ul class="attachments">
			<img class='r-img' onerror='this.style.display="none"' data-featherlight='C:\Users\naimn\DEV\IDE\eclipse\tutorialNinja//reports//r1dot1_TS002_TC003.png' src='C:\Users\naimn\DEV\IDE\eclipse\tutorialNinja//reports//r1dot1_TS002_TC003.png'>
	</ul>
</div>
					</div>
				</li>
				<li class="test-item"  status="pass" test-id="32"
					author=""
					tag=""
					device="">
					<div class="status-avatar pass-bg">
						<i class="fa fa-check text-white"></i>
					</div>
					<div class="open-test">
						<div class="test-detail">
							<p class="name">R1.2_TS005_TC024 Verify user can select a product from featured product list from HomePage</p>
							<p class="duration text-sm">0h 0m 7s+58ms</p>
							<span class="datetime">02:03:00 AM</span>
						</div>
					</div>
					<div class="test-contents d-none">
						<div class="detail-head">
							<div class="p-v-10 d-inline-block">
								<div class="info">
									<h5 class="test-status text-pass">R1.2_TS005_TC024 Verify user can select a product from featured product list from HomePage</h5>
									<span class='badge badge-success'>10.10.2023 02:03:00</span>
									<span class='badge badge-danger'>10.10.2023 02:03:07</span>
									<span class='badge badge-default'>0h 0m 7s+58ms</span>
								</div>
								<div class="m-t-10 m-l-5">
									
								</div>
							</div>
						</div>
<div class="detail-body mt-4">                                              
<table class="table table-sm">
	<thead><tr>
		<th class="status-col">Status</th>
		<th class="timestamp-col">Timestamp</th>
		<th class="details-col">Details</th>
	</tr></thead>
	<tbody>
			<tr class="event-row">
				<td><i class="fa fa-check text-pass"></i></td>
				<td>2:03:07 AM</td>
				<td>
						Test passed
				</td>
			</tr>
	</tbody>
</table>
</div>
					</div>
				</li>
				<li class="test-item"  status="pass" test-id="33"
					author=""
					tag=""
					device="">
					<div class="status-avatar pass-bg">
						<i class="fa fa-check text-white"></i>
					</div>
					<div class="open-test">
						<div class="test-detail">
							<p class="name">R1.2_TS005_TC024 Verify user can select a product from featured product list from HomePage</p>
							<p class="duration text-sm">0h 0m 6s+704ms</p>
							<span class="datetime">02:03:07 AM</span>
						</div>
					</div>
					<div class="test-contents d-none">
						<div class="detail-head">
							<div class="p-v-10 d-inline-block">
								<div class="info">
									<h5 class="test-status text-pass">R1.2_TS005_TC024 Verify user can select a product from featured product list from HomePage</h5>
									<span class='badge badge-success'>10.10.2023 02:03:07</span>
									<span class='badge badge-danger'>10.10.2023 02:03:14</span>
									<span class='badge badge-default'>0h 0m 6s+704ms</span>
								</div>
								<div class="m-t-10 m-l-5">
									
								</div>
							</div>
						</div>
<div class="detail-body mt-4">                                              
<table class="table table-sm">
	<thead><tr>
		<th class="status-col">Status</th>
		<th class="timestamp-col">Timestamp</th>
		<th class="details-col">Details</th>
	</tr></thead>
	<tbody>
			<tr class="event-row">
				<td><i class="fa fa-check text-pass"></i></td>
				<td>2:03:14 AM</td>
				<td>
						Test passed
				</td>
			</tr>
	</tbody>
</table>
</div>
					</div>
				</li>
				<li class="test-item"  status="fail" test-id="34"
					author=""
					tag=""
					device="">
					<div class="status-avatar fail-bg">
						<i class="fa fa-times text-white"></i>
					</div>
					<div class="open-test">
						<div class="test-detail">
							<p class="name">R1.1_TS003_TC003 Verify the Application session status, after logging and closing the Browser without logging out</p>
							<p class="duration text-sm">0h 0m 22s+354ms</p>
							<span class="datetime">02:03:18 AM</span>
						</div>
					</div>
					<div class="test-contents d-none">
						<div class="detail-head">
							<div class="p-v-10 d-inline-block">
								<div class="info">
									<h5 class="test-status text-fail">R1.1_TS003_TC003 Verify the Application session status, after logging and closing the Browser without logging out</h5>
									<span class='badge badge-success'>10.10.2023 02:03:18</span>
									<span class='badge badge-danger'>10.10.2023 02:03:40</span>
									<span class='badge badge-default'>0h 0m 22s+354ms</span>
								</div>
								<div class="m-t-10 m-l-5">
									
								</div>
							</div>
						</div>
<div class="detail-body mt-4">                                              
<table class="table table-sm">
	<thead><tr>
		<th class="status-col">Status</th>
		<th class="timestamp-col">Timestamp</th>
		<th class="details-col">Details</th>
	</tr></thead>
	<tbody>
			<tr class="event-row">
				<td><i class="fa fa-times text-fail"></i></td>
				<td>2:03:40 AM</td>
				<td>
						Test failed. org.openqa.selenium.NoSuchElementException: no such element: Unable to locate element: {"method":"xpath","selector":"//ul[@class='dropdown-menu dropdown-menu-right']//a[text()='My Account']"}
  (Session info: chrome=117.0.5938.150)
For documentation on this error, please visit: https://www.selenium.dev/documentation/webdriver/troubleshooting/errors#no-such-element-exception
Build info: version: '4.12.1', revision: '8e34639b11'
System info: os.name: 'Windows 11', os.arch: 'amd64', os.version: '10.0', java.version: '17.0.7'
Driver info: org.openqa.selenium.chrome.ChromeDriver
Command: [5219013f5e3cb04273835163e4983dcc, findElement {using=xpath, value=//ul[@class='dropdown-menu dropdown-menu-right']//a[text()='My Account']}]
Capabilities {acceptInsecureCerts: false, browserName: chrome, browserVersion: 117.0.5938.150, chrome: {chromedriverVersion: 117.0.5938.149 (e3344ddefa1..., userDataDir: C:\Users\naimn\AppData\Loca...}, fedcm:accounts: true, goog:chromeOptions: {debuggerAddress: localhost:54022}, networkConnectionEnabled: false, pageLoadStrategy: normal, platformName: windows, proxy: Proxy(), se:cdp: ws://localhost:54022/devtoo..., se:cdpVersion: 117.0.5938.150, setWindowRect: true, strictFileInteractability: false, timeouts: {implicit: 0, pageLoad: 300000, script: 30000}, unhandledPromptBehavior: dismiss and notify, webauthn:extension:credBlob: true, webauthn:extension:largeBlob: true, webauthn:extension:minPinLength: true, webauthn:extension:prf: true, webauthn:virtualAuthenticators: true}
Session ID: 5219013f5e3cb04273835163e4983dcc
				</td>
			</tr>
	</tbody>
</table>
</div>
<div class="detail-foot">
	<ul class="attachments">
			<img class='r-img' onerror='this.style.display="none"' data-featherlight='C:\Users\naimn\DEV\IDE\eclipse\tutorialNinja//reports//r1dot1_TS003_TC003.png' src='C:\Users\naimn\DEV\IDE\eclipse\tutorialNinja//reports//r1dot1_TS003_TC003.png'>
	</ul>
</div>
					</div>
				</li>
			</ul>
		</div>
	</div>
	<div class="test-content scrollable">
		<div class="test-content-tools">
			<ul>
				<li>
					<a class="back-to-test" href="javascript:void(0)">
					<i class="fa fa-arrow-left"></i>
					</a>
				</li>
			</ul>
		</div>
		<div class="test-content-detail">
			<div class="detail-body"></div>
		</div>
	</div>
</div>                    <!-- dashboard -->
<div class="container-fluid p-4 dashboard-view">
	<div class="row">
		<div class="col-md-6">
			<div class="card">
				<div class="card-header">
					<h6 class="card-title">Tests</h6>
				</div>
				<div class="card-body">
					<div class="">
						<canvas id='parent-analysis' width='115' height='90'></canvas>
					</div>
				</div>
				<div class="card-footer">
					<div><small data-tooltip='85.294%'>
						<b>29</b> tests passed
						</small>
					</div>
					<div>
						<small data-tooltip='14.706%'><b>5</b> tests failed, 
						<b>0</b> skipped, <b data-tooltip='0%'>0</b> others
						</small>
					</div>
				</div>
			</div>
		</div>
		<div class="col-md-6">
			<div class="card">
				<div class="card-header">
					<h6 class="card-title">Log events</h6>
				</div>
				<div class="card-body">
					<div class="">
						<canvas id='events-analysis' width='115' height='90'></canvas>
					</div>
				</div>
				<div class="card-footer">
					<div><small data-tooltip='55.882%'><b>19</b> events passed</small></div>
					<div>
						<small data-tooltip='14.706%'><b>5</b> events failed, 
						<b data-tooltip='29.412%'>10</b> others
						</small>
					</div>
				</div>
			</div>
		</div>
	</div>
	<div class="row">
		<div class="col-md-3">
			<div class="card">
				<div class="card-body box-height-150">
					<div class="media justify-content-between">
						<div class="card-header">
							<h6 class="card-title">Tests</h6>
							<h2 class="font-size-28 font-weight-light mt-3">34</h2>
							<span class="text-semibold text-success font-size-15">
							<i class="ti-arrow-up font-size-11"></i> 
							<span>85.29%</span>
							</span>
						</div>
						<div class="align-self-end">
							<i class="fa fa-align-left font-size-70 opacity-01"></i>
						</div>
					</div>
				</div>
			</div>
		</div>
		<div class="col-md-3">
			<div class="card">
				<div class="card-body box-height-150">
					<div class="media justify-content-between">
						<div class="card-header">
							<h6 class="card-title">Start</h6>
							<h4 class="font-weight-light mt-4">Oct 10, 2023 02:01:48 AM</h4>
							<span class="text-semibold text-success font-size-15">
						</div>
						<div class="align-self-end">
							<i class="fa fa-clock-o font-size-70 text-success opacity-01"></i>
						</div>
					</div>
				</div>
			</div>
		</div>
		<div class="col-md-3">
			<div class="card">
				<div class="card-body box-height-150">
					<div class="media justify-content-between">
						<div class="card-header">
							<h6 class="card-title">Duration</h6>
							<h4 class="font-weight-light mt-4">0h 1m 52s+171ms</h4>
							<span class="text-semibold font-size-15">
						</div>
						<div class="align-self-end">
							<i class="fa fa-clock-o font-size-70 opacity-01"></i>
						</div>
					</div>
				</div>
			</div>
		</div>
	</div>
	<div class="row">
		<div class="col-md-12">
			<div class="card">
				<div class="card-header">
					<h6 class="card-title">Timeline</h6>
				</div>
				<div class="card-body">
					<div class="">
						<canvas id="timeline" height="120"></canvas>
					</div>
				</div>
			</div>
		</div>
	</div>
	<div class="row">
		<div class="col-md-4">
			<div class="card">
				<div class="card-header">
					<h6 class="card-title">Environment</h6>
				</div>
				<div class="table-overflow">
					<table class="table table-sm">
						<thead>
							<tr class="bg-gray">
								<th>Name</th>
								<th>Value</th>
							</tr>
						</thead>
						<tbody>
							<tr>
								<td>Operating System </td>
								<td>Windows 11</td>
							</tr>
						</tbody>
					</table>
				</div>
			</div>
		</div>
	</div>
</div>
<script>
	var statusGroup = {
	    parentCount: 34,
		passParent: 29,
		failParent: 5,
		fatalParent: 0,
		errorParent: 0,
		warningParent: 0,
		skipParent: 0,
		exceptionsParent: 5,
		childCount: 0,
		passChild: 0,
		failChild: 0,
		fatalChild: 0,
		errorChild: 0,
		warningChild: 0,
		skipChild: 0,
		infoChild: 0,
		debugChild: 0,
		exceptionsChild: 0,
		grandChildCount: 0,
		passGrandChild: 0,
		failGrandChild: 0,
		fatalGrandChild: 0,
		errorGrandChild: 0,
		warningGrandChild: 0,
		skipGrandChild: 0,
		infoGrandChild: 0,
		debugGrandChild: 0,
		exceptionsGrandChild: 0,
		eventsCount: 34,
		passEvents: 19,
		failEvents: 5,
		fatalEvents: 0,
		errorEvents: 0,
		warningEvents: 0,
		skipEvents: 0,
		infoEvents: 10,
		debugEvents: 0,
		exceptionsEvents: 0
	};
</script>
<script>
	var timeline = {
	        "R1.1_TS001_TC001 As a user I should be able to Register an Account by providing only the Mandatory fields":16.053,"R1.3_TS012_TC001 As a user I shouldn't be able to  navigate to Checkout page when there is no product in the Shopping Cart":10.349,"R1.1_TS002_TC001 Verify logging into the Application using valid credentials":15.254,"negetive test case draftfail":18.499,"R1.2_TS006_TC001 As an user I should be able to select products for comparison.":18.756,"R1.1_TS003_TC001 Verify Logging out by selecting Logout option from 'My Account' drop menu":10.784,"R1.1_TS002_TC002 Verify logging into the Application using invalid credentials (i.e. Invalid email address and Invalid Password)":10.985,"R1.1_TS001_TC003 Verify Registering an Account by providing all the fields":14.575,"negetive test case draftfail":6.784,"R1.1_TS004_TC001 as a Registered user I should be able to reset my password by using "Forgotten Password" link in "Returning Customer" Login box":10.897,"R1.1_TS003_TC002 Verify Logging out by selecting Logout option from 'Right Column' options":10.682,"negetive test case draftfail":7.332,"R1.1_TS002_TC002 Verify logging into the Application using invalid credentials (i.e. Invalid email address and Invalid Password)":10.057,"R1.1_TS004_TC002 as a Registered user I should be able to reset my password by using "Forgotten Password" link in right column":10.243,"R1.1_TS001_TC004 Verify proper error messages are displayed for the mandatory fields, when you don't provide any mandatory fields in the 'Register Account' page and submit":10.097,"R1.1_TS003_TC003 Verify the Application session status, after logging and closing the Browser without logging out":27.6,"negetive test case loginPagefail":6.219,"R1.1_TS002_TC002 Verify logging into the Application using invalid credentials (i.e. Invalid email address and Invalid Password)":10.891,"negetive test case loginPagefail":6.202,"R1.2_TS005_TC001 As an user I should be able to search a product which is present in database.":12.913,"R1.1_TS001_TC028 Verify the application throws proper error message when user click continue button without selecting privacy and policy check box.":11.855,"negetive test case loginPagefail":5.485,"R1.1_TS002_TC003 Verify logging into the Application using invalid email address and valid Password":9.169,"validate readExcelDraft":1.474,"R1.2_TS005_TC024 Verify user can select a product from featured product list from HomePage":7.226,"draft test of product catagory page":6.697,"R1.1_TS002_TC003 Verify logging into the Application using invalid email address and valid Password":7.636,"R1.2_TS005_TC024 Verify user can select a product from featured product list from HomePage":9.014,"click on homepage featured product":8.412,"R1.1_TS003_TC003 Verify the Application session status, after logging and closing the Browser without logging out":26.526,"R1.1_TS002_TC003 Verify logging into the Application using invalid email address and valid Password":7.554,"R1.2_TS005_TC024 Verify user can select a product from featured product list from HomePage":7.058,"R1.2_TS005_TC024 Verify user can select a product from featured product list from HomePage":6.704,"R1.1_TS003_TC003 Verify the Application session status, after logging and closing the Browser without logging out":22.354
	};
</script>
                </div>
            </div>
        </div>
    </div>
    <script src="https://cdn.jsdelivr.net/gh/extent-framework/extent-github-cdn@ac7abbc71b4bb073da00153a5a3fdbcfe0c95e2a/spark/js/spark-script.js"></script>
<script type="text/javascript">


</script></body>
</html>