





<!DOCTYPE html>
<html>

<head>
    <meta charset="utf-8">
    <meta name="viewport" content="width=device-width, initial-scale=1, shrink-to-fit=no">
    <title>Open Cart functional test</title>
        <link rel="apple-touch-icon" href="https://cdn.jsdelivr.net/gh/extent-framework/extent-github-cdn@b00a2d0486596e73dd7326beacf352c639623a0e/commons/img/logo.png">
        <link rel="shortcut icon" href="https://cdn.jsdelivr.net/gh/extent-framework/extent-github-cdn@b00a2d0486596e73dd7326beacf352c639623a0e/commons/img/logo.png">
	    <link href="https://cdn.jsdelivr.net/gh/extent-framework/extent-github-cdn@7e408aed24af91e1ad76f49a74ecfa0ef1d97cfb/spark/css/spark-style.css" rel="stylesheet" />
        <link href="https://stackpath.bootstrapcdn.com/font-awesome/4.7.0/css/font-awesome.min.css" rel="stylesheet">
<style type="text/css">

</style></head>    <script src="https://cdn.rawgit.com/extent-framework/extent-github-cdn/7cc78ce/spark/js/jsontree.js"></script>
<body class="spa -report standard">
    <div class="app header-dark side-nav-folded">
        <div class="layout">
<div class="header navbar">
    <div class="header-container">
        <div class="nav-logo">
          <a href="index.html">
            <div class="logo logo-dark" style="background-image: url('https://cdn.rawgit.com/extent-framework/extent-github-cdn/d74480e/commons/img/logo.png')"></div>
            <div class="logo logo-white" style="background-image: url('https://cdn.rawgit.com/extent-framework/extent-github-cdn/d74480e/commons/img/logo.png')"></div>
          </a>
        </div>
        <ul class="nav-left">
          <li>
            <a class="sidenav-fold-toggler" href="javascript:void(0);">
              <i class="fa fa-bars"></i>
            </a>
            <a class="sidenav-expand-toggler" href="javascript:void(0);">
              <i class="fa fa-bars"></i>
            </a>
          </li>
          <li class="search-box">
            <a class="search-toggle" href="javascript:void(0);">
              <i class="search-icon fa fa-search"></i>
              <i class="search-icon-close fa fa-close"></i>
            </a>
          </li>
          <li class="search-input">
            <input id="search-tests" class="form-control" type="text" placeholder="Type to search...">
          </li>
        </ul>
        <ul class="nav-right">
          <li class="m-r-10">
            <a href="#">
              <span class="badge badge-primary">Tutorial Ninja functional Regression Test 2023_10_01_21_34_25</span>
            </a>
          </li>
            <li class="m-r-10">
                <a href="#">
                    <span class="badge badge-primary">Oct 1, 2023 09:34:25 PM</span>
                </a>
            </li>
        </ul>
    </div>
</div><div class="side-nav side-nav-folded">
  <div class="side-nav-inner">
    <ul class="side-nav-menu scrollable">
      <li class="nav-item dropdown" onclick="toggleView('test-view')">
        <a id="nav-test" class="dropdown-toggle" href="index.html">
          <span class="icon-holder">
            <i class="fa fa-align-left"></i>
          </span>
          <span class="title">Tests</span>
        </a>
      </li>
            <li class="nav-item dropdown" onclick="toggleView('dashboard-view')">
        <a id="nav-dashboard" class="dropdown-toggle" href="dashboard.html">
          <span class="icon-holder">
            <i class="fa fa-bar-chart"></i>
          </span>
          <span class="title">Dashboard</span>
        </a>
      </li>
    </ul>
  </div>
</div>            <div class="page-container">
                <div class="main-content">
<div class="test-wrapper row test-view">
	<div class="test-list">
		<div class="test-list-tools">
			<ul class="tools pull-left">
				<li>
					<a href="">
					<span class="font-size-14">Tests</span>
					</a>
				</li>
			</ul>
			<ul class="tools text-right">
				<li class="user-profile dropdown dropdown-animated scale-left">
					<a href="#" class="dropdown-toggle" data-toggle="dropdown">
					<i class="fa fa-exclamation-circle"></i>
					</a>
					<ul id="status-toggle" class="dropdown-menu dropdown-md p-v-0">
						<a class="dropdown-item" status="pass" href="#"><span>Pass</span><span class="status success pull-right"></span></a>
						<a class="dropdown-item" status="fail" href="#"><span>Fail</span><span class="status danger pull-right"></span></a>
						
						
						
						<a class="dropdown-item" status="skip" href="#"><span>Skip</span><span class="status warning pull-right"></span></a>
						<div class="dropdown-divider"></div>
						<a status="clear" class="dropdown-item" href="#"><span>Clear</span><span class="pull-right"><i class="fa fa-close"></i></span></a>
					</ul>
				</li>
			</ul>
		</div>
		<div class="test-list-wrapper scrollable">
			<ul class="test-list-item">
				<li class="test-item"  status="pass" test-id="2"
					author=""
					tag=""
					device="">
					<div class="status-avatar pass-bg">
						<i class="fa fa-check text-white"></i>
					</div>
					<div class="open-test">
						<div class="test-detail">
							<p class="name">R1.1_TS003_TC001 Verify Logging out by selecting Logout option from 'My Account' drop menu</p>
							<p class="duration text-sm">0h 0m 16s+179ms</p>
							<span class="datetime">21:34:25 PM</span>
						</div>
					</div>
					<div class="test-contents d-none">
						<div class="detail-head">
							<div class="p-v-10 d-inline-block">
								<div class="info">
									<h5 class="test-status text-pass">R1.1_TS003_TC001 Verify Logging out by selecting Logout option from 'My Account' drop menu</h5>
									<span class='badge badge-success'>10.01.2023 21:34:25</span>
									<span class='badge badge-danger'>10.01.2023 21:34:41</span>
									<span class='badge badge-default'>0h 0m 16s+179ms</span>
								</div>
								<div class="m-t-10 m-l-5">
									
								</div>
							</div>
						</div>
<div class="detail-body mt-4">                                              
<table class="table table-sm">
	<thead><tr>
		<th class="status-col">Status</th>
		<th class="timestamp-col">Timestamp</th>
		<th class="details-col">Details</th>
	</tr></thead>
	<tbody>
			<tr class="event-row">
				<td><i class="fa fa-check text-pass"></i></td>
				<td>9:34:41 PM</td>
				<td>
						Test passed
				</td>
			</tr>
	</tbody>
</table>
</div>
					</div>
				</li>
				<li class="test-item"  status="pass" test-id="5"
					author=""
					tag=""
					device="">
					<div class="status-avatar pass-bg">
						<i class="fa fa-check text-white"></i>
					</div>
					<div class="open-test">
						<div class="test-detail">
							<p class="name">R1.2_TS006_TC001 As an user I should be able to select products for comparison.</p>
							<p class="duration text-sm">0h 0m 15s+40ms</p>
							<span class="datetime">21:34:25 PM</span>
						</div>
					</div>
					<div class="test-contents d-none">
						<div class="detail-head">
							<div class="p-v-10 d-inline-block">
								<div class="info">
									<h5 class="test-status text-pass">R1.2_TS006_TC001 As an user I should be able to select products for comparison.</h5>
									<span class='badge badge-success'>10.01.2023 21:34:25</span>
									<span class='badge badge-danger'>10.01.2023 21:34:40</span>
									<span class='badge badge-default'>0h 0m 15s+40ms</span>
								</div>
								<div class="m-t-10 m-l-5">
									
								</div>
							</div>
						</div>
<div class="detail-body mt-4">                                              
<table class="table table-sm">
	<thead><tr>
		<th class="status-col">Status</th>
		<th class="timestamp-col">Timestamp</th>
		<th class="details-col">Details</th>
	</tr></thead>
	<tbody>
			<tr class="event-row">
				<td><i class="fa fa-check text-pass"></i></td>
				<td>9:34:40 PM</td>
				<td>
						Test passed
				</td>
			</tr>
	</tbody>
</table>
</div>
					</div>
				</li>
				<li class="test-item"  status="pass" test-id="4"
					author=""
					tag=""
					device="">
					<div class="status-avatar pass-bg">
						<i class="fa fa-check text-white"></i>
					</div>
					<div class="open-test">
						<div class="test-detail">
							<p class="name">R1.3_TS012_TC001 As a user I shouldn't be able to  navigate to Checkout page when there is no product in the Shopping Cart</p>
							<p class="duration text-sm">0h 0m 12s+408ms</p>
							<span class="datetime">21:34:25 PM</span>
						</div>
					</div>
					<div class="test-contents d-none">
						<div class="detail-head">
							<div class="p-v-10 d-inline-block">
								<div class="info">
									<h5 class="test-status text-pass">R1.3_TS012_TC001 As a user I shouldn't be able to  navigate to Checkout page when there is no product in the Shopping Cart</h5>
									<span class='badge badge-success'>10.01.2023 21:34:25</span>
									<span class='badge badge-danger'>10.01.2023 21:34:38</span>
									<span class='badge badge-default'>0h 0m 12s+408ms</span>
								</div>
								<div class="m-t-10 m-l-5">
									
								</div>
							</div>
						</div>
<div class="detail-body mt-4">                                              
<table class="table table-sm">
	<thead><tr>
		<th class="status-col">Status</th>
		<th class="timestamp-col">Timestamp</th>
		<th class="details-col">Details</th>
	</tr></thead>
	<tbody>
			<tr class="event-row">
				<td><i class="fa fa-check text-pass"></i></td>
				<td>9:34:38 PM</td>
				<td>
						Test passed
				</td>
			</tr>
	</tbody>
</table>
</div>
					</div>
				</li>
				<li class="test-item"  status="pass" test-id="3"
					author=""
					tag=""
					device="">
					<div class="status-avatar pass-bg">
						<i class="fa fa-check text-white"></i>
					</div>
					<div class="open-test">
						<div class="test-detail">
							<p class="name">R1.1_TS002_TC001 Verify logging into the Application using valid credentials</p>
							<p class="duration text-sm">0h 0m 14s+464ms</p>
							<span class="datetime">21:34:25 PM</span>
						</div>
					</div>
					<div class="test-contents d-none">
						<div class="detail-head">
							<div class="p-v-10 d-inline-block">
								<div class="info">
									<h5 class="test-status text-pass">R1.1_TS002_TC001 Verify logging into the Application using valid credentials</h5>
									<span class='badge badge-success'>10.01.2023 21:34:25</span>
									<span class='badge badge-danger'>10.01.2023 21:34:40</span>
									<span class='badge badge-default'>0h 0m 14s+464ms</span>
								</div>
								<div class="m-t-10 m-l-5">
									
								</div>
							</div>
						</div>
<div class="detail-body mt-4">                                              
<table class="table table-sm">
	<thead><tr>
		<th class="status-col">Status</th>
		<th class="timestamp-col">Timestamp</th>
		<th class="details-col">Details</th>
	</tr></thead>
	<tbody>
			<tr class="event-row">
				<td><i class="fa fa-check text-pass"></i></td>
				<td>9:34:40 PM</td>
				<td>
						Test passed
				</td>
			</tr>
	</tbody>
</table>
</div>
					</div>
				</li>
				<li class="test-item"  status="skip" test-id="1"
					author=""
					tag=""
					device="">
					<div class="status-avatar skip-bg">
						<i class="fa fa-long-arrow-right text-white"></i>
					</div>
					<div class="open-test">
						<div class="test-detail">
							<p class="name">negetive test case draftfail</p>
							<p class="duration text-sm">0h 0m 20s+922ms</p>
							<span class="datetime">21:34:25 PM</span>
						</div>
					</div>
					<div class="test-contents d-none">
						<div class="detail-head">
							<div class="p-v-10 d-inline-block">
								<div class="info">
									<h5 class="test-status text-skip">negetive test case draftfail</h5>
									<span class='badge badge-success'>10.01.2023 21:34:25</span>
									<span class='badge badge-danger'>10.01.2023 21:34:46</span>
									<span class='badge badge-default'>0h 0m 20s+922ms</span>
								</div>
								<div class="m-t-10 m-l-5">
									
								</div>
							</div>
						</div>
<div class="detail-body mt-4">                                              
<table class="table table-sm">
	<thead><tr>
		<th class="status-col">Status</th>
		<th class="timestamp-col">Timestamp</th>
		<th class="details-col">Details</th>
	</tr></thead>
	<tbody>
			<tr class="event-row">
				<td><i class="fa fa-long-arrow-right text-skip"></i></td>
				<td>9:34:46 PM</td>
				<td>
						There is exception in execution and skipped for another try org.openqa.selenium.ElementNotInteractableException: element not interactable
  (Session info: chrome=117.0.5938.92)
Build info: version: '4.12.1', revision: '8e34639b11'
System info: os.name: 'Windows 11', os.arch: 'amd64', os.version: '10.0', java.version: '17.0.7'
Driver info: org.openqa.selenium.chrome.ChromeDriver
Command: [bc1c084426808dc32d564330dd7d0ae7, clickElement {id=3F7A8AC3935FED5F1FD83AC01EC9D16B_element_84}]
Capabilities {acceptInsecureCerts: false, browserName: chrome, browserVersion: 117.0.5938.92, chrome: {chromedriverVersion: 117.0.5938.92 (67649b10b92b..., userDataDir: C:\Users\naimn\AppData\Loca...}, fedcm:accounts: true, goog:chromeOptions: {debuggerAddress: localhost:49852}, networkConnectionEnabled: false, pageLoadStrategy: normal, platformName: windows, proxy: Proxy(), se:cdp: ws://localhost:49852/devtoo..., se:cdpVersion: 117.0.5938.92, setWindowRect: true, strictFileInteractability: false, timeouts: {implicit: 0, pageLoad: 300000, script: 30000}, unhandledPromptBehavior: dismiss and notify, webauthn:extension:credBlob: true, webauthn:extension:largeBlob: true, webauthn:extension:minPinLength: true, webauthn:extension:prf: true, webauthn:virtualAuthenticators: true}
Element: [[ChromeDriver: chrome on windows (bc1c084426808dc32d564330dd7d0ae7)] -> xpath: //span[@class='hidden-xs hidden-sm hidden-md' and text()='Currency']]
Session ID: bc1c084426808dc32d564330dd7d0ae7
				</td>
			</tr>
	</tbody>
</table>
</div>
					</div>
				</li>
				<li class="test-item"  status="pass" test-id="6"
					author=""
					tag=""
					device="">
					<div class="status-avatar pass-bg">
						<i class="fa fa-check text-white"></i>
					</div>
					<div class="open-test">
						<div class="test-detail">
							<p class="name">R1.1_TS001_TC001 As a user I should be able to Register an Account by providing only the Mandatory fields</p>
							<p class="duration text-sm">0h 0m 12s+550ms</p>
							<span class="datetime">21:34:39 PM</span>
						</div>
					</div>
					<div class="test-contents d-none">
						<div class="detail-head">
							<div class="p-v-10 d-inline-block">
								<div class="info">
									<h5 class="test-status text-pass">R1.1_TS001_TC001 As a user I should be able to Register an Account by providing only the Mandatory fields</h5>
									<span class='badge badge-success'>10.01.2023 21:34:39</span>
									<span class='badge badge-danger'>10.01.2023 21:34:51</span>
									<span class='badge badge-default'>0h 0m 12s+550ms</span>
								</div>
								<div class="m-t-10 m-l-5">
									
								</div>
							</div>
						</div>
<div class="detail-body mt-4">                                              
<table class="table table-sm">
	<thead><tr>
		<th class="status-col">Status</th>
		<th class="timestamp-col">Timestamp</th>
		<th class="details-col">Details</th>
	</tr></thead>
	<tbody>
			<tr class="event-row">
				<td><i class="fa fa-check text-pass"></i></td>
				<td>9:34:51 PM</td>
				<td>
						Test passed
				</td>
			</tr>
	</tbody>
</table>
</div>
					</div>
				</li>
				<li class="test-item"  status="skip" test-id="7"
					author=""
					tag=""
					device="">
					<div class="status-avatar skip-bg">
						<i class="fa fa-long-arrow-right text-white"></i>
					</div>
					<div class="open-test">
						<div class="test-detail">
							<p class="name">R1.1_TS002_TC002 Verify logging into the Application using invalid credentials (i.e. Invalid email address and Invalid Password)</p>
							<p class="duration text-sm">0h 0m 9s+601ms</p>
							<span class="datetime">21:34:40 PM</span>
						</div>
					</div>
					<div class="test-contents d-none">
						<div class="detail-head">
							<div class="p-v-10 d-inline-block">
								<div class="info">
									<h5 class="test-status text-skip">R1.1_TS002_TC002 Verify logging into the Application using invalid credentials (i.e. Invalid email address and Invalid Password)</h5>
									<span class='badge badge-success'>10.01.2023 21:34:40</span>
									<span class='badge badge-danger'>10.01.2023 21:34:50</span>
									<span class='badge badge-default'>0h 0m 9s+601ms</span>
								</div>
								<div class="m-t-10 m-l-5">
									
								</div>
							</div>
						</div>
<div class="detail-body mt-4">                                              
<table class="table table-sm">
	<thead><tr>
		<th class="status-col">Status</th>
		<th class="timestamp-col">Timestamp</th>
		<th class="details-col">Details</th>
	</tr></thead>
	<tbody>
			<tr class="event-row">
				<td><i class="fa fa-long-arrow-right text-skip"></i></td>
				<td>9:34:50 PM</td>
				<td>
						There is exception in execution and skipped for another try java.lang.AssertionError: expected [true] but found [false]
				</td>
			</tr>
	</tbody>
</table>
</div>
					</div>
				</li>
				<li class="test-item"  status="pass" test-id="8"
					author=""
					tag=""
					device="">
					<div class="status-avatar pass-bg">
						<i class="fa fa-check text-white"></i>
					</div>
					<div class="open-test">
						<div class="test-detail">
							<p class="name">R1.2_TS005_TC001 As an user I should be able to search a product which is present in database.</p>
							<p class="duration text-sm">0h 0m 9s+870ms</p>
							<span class="datetime">21:34:41 PM</span>
						</div>
					</div>
					<div class="test-contents d-none">
						<div class="detail-head">
							<div class="p-v-10 d-inline-block">
								<div class="info">
									<h5 class="test-status text-pass">R1.2_TS005_TC001 As an user I should be able to search a product which is present in database.</h5>
									<span class='badge badge-success'>10.01.2023 21:34:41</span>
									<span class='badge badge-danger'>10.01.2023 21:34:51</span>
									<span class='badge badge-default'>0h 0m 9s+870ms</span>
								</div>
								<div class="m-t-10 m-l-5">
									
								</div>
							</div>
						</div>
<div class="detail-body mt-4">                                              
<table class="table table-sm">
	<thead><tr>
		<th class="status-col">Status</th>
		<th class="timestamp-col">Timestamp</th>
		<th class="details-col">Details</th>
	</tr></thead>
	<tbody>
			<tr class="event-row">
				<td><i class="fa fa-check text-pass"></i></td>
				<td>9:34:51 PM</td>
				<td>
						Test passed
				</td>
			</tr>
	</tbody>
</table>
</div>
					</div>
				</li>
				<li class="test-item"  status="skip" test-id="9"
					author=""
					tag=""
					device="">
					<div class="status-avatar skip-bg">
						<i class="fa fa-long-arrow-right text-white"></i>
					</div>
					<div class="open-test">
						<div class="test-detail">
							<p class="name">negetive test case draftfail</p>
							<p class="duration text-sm">0h 0m 16s+718ms</p>
							<span class="datetime">21:34:46 PM</span>
						</div>
					</div>
					<div class="test-contents d-none">
						<div class="detail-head">
							<div class="p-v-10 d-inline-block">
								<div class="info">
									<h5 class="test-status text-skip">negetive test case draftfail</h5>
									<span class='badge badge-success'>10.01.2023 21:34:46</span>
									<span class='badge badge-danger'>10.01.2023 21:35:03</span>
									<span class='badge badge-default'>0h 0m 16s+718ms</span>
								</div>
								<div class="m-t-10 m-l-5">
									
								</div>
							</div>
						</div>
<div class="detail-body mt-4">                                              
<table class="table table-sm">
	<thead><tr>
		<th class="status-col">Status</th>
		<th class="timestamp-col">Timestamp</th>
		<th class="details-col">Details</th>
	</tr></thead>
	<tbody>
			<tr class="event-row">
				<td><i class="fa fa-long-arrow-right text-skip"></i></td>
				<td>9:35:03 PM</td>
				<td>
						There is exception in execution and skipped for another try org.openqa.selenium.ElementNotInteractableException: element not interactable
  (Session info: chrome=117.0.5938.92)
Build info: version: '4.12.1', revision: '8e34639b11'
System info: os.name: 'Windows 11', os.arch: 'amd64', os.version: '10.0', java.version: '17.0.7'
Driver info: org.openqa.selenium.chrome.ChromeDriver
Command: [83af49a2d5f364639651cd63da528401, clickElement {id=98682172E5B75EF58AC365ABEDF79831_element_62}]
Capabilities {acceptInsecureCerts: false, browserName: chrome, browserVersion: 117.0.5938.92, chrome: {chromedriverVersion: 117.0.5938.92 (67649b10b92b..., userDataDir: C:\Users\naimn\AppData\Loca...}, fedcm:accounts: true, goog:chromeOptions: {debuggerAddress: localhost:49994}, networkConnectionEnabled: false, pageLoadStrategy: normal, platformName: windows, proxy: Proxy(), se:cdp: ws://localhost:49994/devtoo..., se:cdpVersion: 117.0.5938.92, setWindowRect: true, strictFileInteractability: false, timeouts: {implicit: 0, pageLoad: 300000, script: 30000}, unhandledPromptBehavior: dismiss and notify, webauthn:extension:credBlob: true, webauthn:extension:largeBlob: true, webauthn:extension:minPinLength: true, webauthn:extension:prf: true, webauthn:virtualAuthenticators: true}
Element: [[ChromeDriver: chrome on windows (83af49a2d5f364639651cd63da528401)] -> xpath: //span[@class='hidden-xs hidden-sm hidden-md' and text()='Currency']]
Session ID: 83af49a2d5f364639651cd63da528401
				</td>
			</tr>
	</tbody>
</table>
</div>
					</div>
				</li>
				<li class="test-item"  status="skip" test-id="10"
					author=""
					tag=""
					device="">
					<div class="status-avatar skip-bg">
						<i class="fa fa-long-arrow-right text-white"></i>
					</div>
					<div class="open-test">
						<div class="test-detail">
							<p class="name">R1.1_TS002_TC002 Verify logging into the Application using invalid credentials (i.e. Invalid email address and Invalid Password)</p>
							<p class="duration text-sm">0h 0m 7s+816ms</p>
							<span class="datetime">21:34:50 PM</span>
						</div>
					</div>
					<div class="test-contents d-none">
						<div class="detail-head">
							<div class="p-v-10 d-inline-block">
								<div class="info">
									<h5 class="test-status text-skip">R1.1_TS002_TC002 Verify logging into the Application using invalid credentials (i.e. Invalid email address and Invalid Password)</h5>
									<span class='badge badge-success'>10.01.2023 21:34:50</span>
									<span class='badge badge-danger'>10.01.2023 21:34:58</span>
									<span class='badge badge-default'>0h 0m 7s+816ms</span>
								</div>
								<div class="m-t-10 m-l-5">
									
								</div>
							</div>
						</div>
<div class="detail-body mt-4">                                              
<table class="table table-sm">
	<thead><tr>
		<th class="status-col">Status</th>
		<th class="timestamp-col">Timestamp</th>
		<th class="details-col">Details</th>
	</tr></thead>
	<tbody>
			<tr class="event-row">
				<td><i class="fa fa-long-arrow-right text-skip"></i></td>
				<td>9:34:58 PM</td>
				<td>
						There is exception in execution and skipped for another try java.lang.AssertionError: expected [true] but found [false]
				</td>
			</tr>
	</tbody>
</table>
</div>
					</div>
				</li>
				<li class="test-item"  status="pass" test-id="11"
					author=""
					tag=""
					device="">
					<div class="status-avatar pass-bg">
						<i class="fa fa-check text-white"></i>
					</div>
					<div class="open-test">
						<div class="test-detail">
							<p class="name">R1.2_TS005_TC024 Verify user can select a product from featured product list from HomePage</p>
							<p class="duration text-sm">0h 0m 8s+170ms</p>
							<span class="datetime">21:34:51 PM</span>
						</div>
					</div>
					<div class="test-contents d-none">
						<div class="detail-head">
							<div class="p-v-10 d-inline-block">
								<div class="info">
									<h5 class="test-status text-pass">R1.2_TS005_TC024 Verify user can select a product from featured product list from HomePage</h5>
									<span class='badge badge-success'>10.01.2023 21:34:51</span>
									<span class='badge badge-danger'>10.01.2023 21:34:59</span>
									<span class='badge badge-default'>0h 0m 8s+170ms</span>
								</div>
								<div class="m-t-10 m-l-5">
									
								</div>
							</div>
						</div>
<div class="detail-body mt-4">                                              
<table class="table table-sm">
	<thead><tr>
		<th class="status-col">Status</th>
		<th class="timestamp-col">Timestamp</th>
		<th class="details-col">Details</th>
	</tr></thead>
	<tbody>
			<tr class="event-row">
				<td><i class="fa fa-check text-pass"></i></td>
				<td>9:34:59 PM</td>
				<td>
						Test passed
				</td>
			</tr>
	</tbody>
</table>
</div>
					</div>
				</li>
				<li class="test-item"  status="pass" test-id="12"
					author=""
					tag=""
					device="">
					<div class="status-avatar pass-bg">
						<i class="fa fa-check text-white"></i>
					</div>
					<div class="open-test">
						<div class="test-detail">
							<p class="name">R1.1_TS001_TC003 Verify Registering an Account by providing all the fields</p>
							<p class="duration text-sm">0h 0m 12s+94ms</p>
							<span class="datetime">21:34:51 PM</span>
						</div>
					</div>
					<div class="test-contents d-none">
						<div class="detail-head">
							<div class="p-v-10 d-inline-block">
								<div class="info">
									<h5 class="test-status text-pass">R1.1_TS001_TC003 Verify Registering an Account by providing all the fields</h5>
									<span class='badge badge-success'>10.01.2023 21:34:51</span>
									<span class='badge badge-danger'>10.01.2023 21:35:04</span>
									<span class='badge badge-default'>0h 0m 12s+94ms</span>
								</div>
								<div class="m-t-10 m-l-5">
									
								</div>
							</div>
						</div>
<div class="detail-body mt-4">                                              
<table class="table table-sm">
	<thead><tr>
		<th class="status-col">Status</th>
		<th class="timestamp-col">Timestamp</th>
		<th class="details-col">Details</th>
	</tr></thead>
	<tbody>
			<tr class="event-row">
				<td><i class="fa fa-check text-pass"></i></td>
				<td>9:35:04 PM</td>
				<td>
						Test passed
				</td>
			</tr>
	</tbody>
</table>
</div>
					</div>
				</li>
				<li class="test-item"  status="fail" test-id="13"
					author=""
					tag=""
					device="">
					<div class="status-avatar fail-bg">
						<i class="fa fa-times text-white"></i>
					</div>
					<div class="open-test">
						<div class="test-detail">
							<p class="name">R1.1_TS002_TC002 Verify logging into the Application using invalid credentials (i.e. Invalid email address and Invalid Password)</p>
							<p class="duration text-sm">0h 0m 8s+258ms</p>
							<span class="datetime">21:34:58 PM</span>
						</div>
					</div>
					<div class="test-contents d-none">
						<div class="detail-head">
							<div class="p-v-10 d-inline-block">
								<div class="info">
									<h5 class="test-status text-fail">R1.1_TS002_TC002 Verify logging into the Application using invalid credentials (i.e. Invalid email address and Invalid Password)</h5>
									<span class='badge badge-success'>10.01.2023 21:34:58</span>
									<span class='badge badge-danger'>10.01.2023 21:35:07</span>
									<span class='badge badge-default'>0h 0m 8s+258ms</span>
								</div>
								<div class="m-t-10 m-l-5">
									
								</div>
							</div>
						</div>
<div class="detail-body mt-4">                                              
<table class="table table-sm">
	<thead><tr>
		<th class="status-col">Status</th>
		<th class="timestamp-col">Timestamp</th>
		<th class="details-col">Details</th>
	</tr></thead>
	<tbody>
			<tr class="event-row">
				<td><i class="fa fa-times text-fail"></i></td>
				<td>9:35:07 PM</td>
				<td>
						Test failed. java.lang.AssertionError: expected [true] but found [false]
				</td>
			</tr>
	</tbody>
</table>
</div>
<div class="detail-foot">
	<ul class="attachments">
			<img class='r-img' onerror='this.style.display="none"' data-featherlight='C:\Users\naimn\DEV\IDE\eclipse\tutorialNinja//reports//r1dot1_TS002_TC002.png' src='C:\Users\naimn\DEV\IDE\eclipse\tutorialNinja//reports//r1dot1_TS002_TC002.png'>
	</ul>
</div>
					</div>
				</li>
				<li class="test-item"  status="skip" test-id="14"
					author=""
					tag=""
					device="">
					<div class="status-avatar skip-bg">
						<i class="fa fa-long-arrow-right text-white"></i>
					</div>
					<div class="open-test">
						<div class="test-detail">
							<p class="name">R1.2_TS005_TC024 Verify user can select a product from featured product list from HomePage</p>
							<p class="duration text-sm">0h 0m 16s+742ms</p>
							<span class="datetime">21:34:59 PM</span>
						</div>
					</div>
					<div class="test-contents d-none">
						<div class="detail-head">
							<div class="p-v-10 d-inline-block">
								<div class="info">
									<h5 class="test-status text-skip">R1.2_TS005_TC024 Verify user can select a product from featured product list from HomePage</h5>
									<span class='badge badge-success'>10.01.2023 21:34:59</span>
									<span class='badge badge-danger'>10.01.2023 21:35:16</span>
									<span class='badge badge-default'>0h 0m 16s+742ms</span>
								</div>
								<div class="m-t-10 m-l-5">
									
								</div>
							</div>
						</div>
<div class="detail-body mt-4">                                              
<table class="table table-sm">
	<thead><tr>
		<th class="status-col">Status</th>
		<th class="timestamp-col">Timestamp</th>
		<th class="details-col">Details</th>
	</tr></thead>
	<tbody>
			<tr class="event-row">
				<td><i class="fa fa-long-arrow-right text-skip"></i></td>
				<td>9:35:16 PM</td>
				<td>
						There is exception in execution and skipped for another try org.openqa.selenium.NoSuchElementException: no such element: Unable to locate element: {"method":"xpath","selector":"//div[@class='col-sm-4']/div[@class='btn-group']/following-sibling::h1"}
  (Session info: chrome=117.0.5938.92)
For documentation on this error, please visit: https://www.selenium.dev/documentation/webdriver/troubleshooting/errors#no-such-element-exception
Build info: version: '4.12.1', revision: '8e34639b11'
System info: os.name: 'Windows 11', os.arch: 'amd64', os.version: '10.0', java.version: '17.0.7'
Driver info: org.openqa.selenium.chrome.ChromeDriver
Command: [b94017381ad359342bc2c1dda7bf51fa, findElement {using=xpath, value=//div[@class='col-sm-4']/div[@class='btn-group']/following-sibling::h1}]
Capabilities {acceptInsecureCerts: false, browserName: chrome, browserVersion: 117.0.5938.92, chrome: {chromedriverVersion: 117.0.5938.92 (67649b10b92b..., userDataDir: C:\Users\naimn\AppData\Loca...}, fedcm:accounts: true, goog:chromeOptions: {debuggerAddress: localhost:50088}, networkConnectionEnabled: false, pageLoadStrategy: normal, platformName: windows, proxy: Proxy(), se:cdp: ws://localhost:50088/devtoo..., se:cdpVersion: 117.0.5938.92, setWindowRect: true, strictFileInteractability: false, timeouts: {implicit: 0, pageLoad: 300000, script: 30000}, unhandledPromptBehavior: dismiss and notify, webauthn:extension:credBlob: true, webauthn:extension:largeBlob: true, webauthn:extension:minPinLength: true, webauthn:extension:prf: true, webauthn:virtualAuthenticators: true}
Session ID: b94017381ad359342bc2c1dda7bf51fa
				</td>
			</tr>
	</tbody>
</table>
</div>
					</div>
				</li>
				<li class="test-item"  status="fail" test-id="15"
					author=""
					tag=""
					device="">
					<div class="status-avatar fail-bg">
						<i class="fa fa-times text-white"></i>
					</div>
					<div class="open-test">
						<div class="test-detail">
							<p class="name">negetive test case draftfail</p>
							<p class="duration text-sm">0h 0m 15s+881ms</p>
							<span class="datetime">21:35:03 PM</span>
						</div>
					</div>
					<div class="test-contents d-none">
						<div class="detail-head">
							<div class="p-v-10 d-inline-block">
								<div class="info">
									<h5 class="test-status text-fail">negetive test case draftfail</h5>
									<span class='badge badge-success'>10.01.2023 21:35:03</span>
									<span class='badge badge-danger'>10.01.2023 21:35:19</span>
									<span class='badge badge-default'>0h 0m 15s+881ms</span>
								</div>
								<div class="m-t-10 m-l-5">
									
								</div>
							</div>
						</div>
<div class="detail-body mt-4">                                              
<table class="table table-sm">
	<thead><tr>
		<th class="status-col">Status</th>
		<th class="timestamp-col">Timestamp</th>
		<th class="details-col">Details</th>
	</tr></thead>
	<tbody>
			<tr class="event-row">
				<td><i class="fa fa-times text-fail"></i></td>
				<td>9:35:19 PM</td>
				<td>
						Test failed. org.openqa.selenium.ElementNotInteractableException: element not interactable
  (Session info: chrome=117.0.5938.92)
Build info: version: '4.12.1', revision: '8e34639b11'
System info: os.name: 'Windows 11', os.arch: 'amd64', os.version: '10.0', java.version: '17.0.7'
Driver info: org.openqa.selenium.chrome.ChromeDriver
Command: [172156a3e914cb88408bd09c21940639, clickElement {id=BB81ABF143C6D4304225E1DAAE22316E_element_62}]
Capabilities {acceptInsecureCerts: false, browserName: chrome, browserVersion: 117.0.5938.92, chrome: {chromedriverVersion: 117.0.5938.92 (67649b10b92b..., userDataDir: C:\Users\naimn\AppData\Loca...}, fedcm:accounts: true, goog:chromeOptions: {debuggerAddress: localhost:50117}, networkConnectionEnabled: false, pageLoadStrategy: normal, platformName: windows, proxy: Proxy(), se:cdp: ws://localhost:50117/devtoo..., se:cdpVersion: 117.0.5938.92, setWindowRect: true, strictFileInteractability: false, timeouts: {implicit: 0, pageLoad: 300000, script: 30000}, unhandledPromptBehavior: dismiss and notify, webauthn:extension:credBlob: true, webauthn:extension:largeBlob: true, webauthn:extension:minPinLength: true, webauthn:extension:prf: true, webauthn:virtualAuthenticators: true}
Element: [[ChromeDriver: chrome on windows (172156a3e914cb88408bd09c21940639)] -> xpath: //span[@class='hidden-xs hidden-sm hidden-md' and text()='Currency']]
Session ID: 172156a3e914cb88408bd09c21940639
				</td>
			</tr>
	</tbody>
</table>
</div>
<div class="detail-foot">
	<ul class="attachments">
			<img class='r-img' onerror='this.style.display="none"' data-featherlight='C:\Users\naimn\DEV\IDE\eclipse\tutorialNinja//reports//draftfail.png' src='C:\Users\naimn\DEV\IDE\eclipse\tutorialNinja//reports//draftfail.png'>
	</ul>
</div>
					</div>
				</li>
				<li class="test-item"  status="pass" test-id="16"
					author=""
					tag=""
					device="">
					<div class="status-avatar pass-bg">
						<i class="fa fa-check text-white"></i>
					</div>
					<div class="open-test">
						<div class="test-detail">
							<p class="name">R1.1_TS001_TC004 Verify proper error messages are displayed for the mandatory fields, when you don't provide any mandatory fields in the 'Register Account' page and submit</p>
							<p class="duration text-sm">0h 0m 9s+994ms</p>
							<span class="datetime">21:35:04 PM</span>
						</div>
					</div>
					<div class="test-contents d-none">
						<div class="detail-head">
							<div class="p-v-10 d-inline-block">
								<div class="info">
									<h5 class="test-status text-pass">R1.1_TS001_TC004 Verify proper error messages are displayed for the mandatory fields, when you don't provide any mandatory fields in the 'Register Account' page and submit</h5>
									<span class='badge badge-success'>10.01.2023 21:35:04</span>
									<span class='badge badge-danger'>10.01.2023 21:35:14</span>
									<span class='badge badge-default'>0h 0m 9s+994ms</span>
								</div>
								<div class="m-t-10 m-l-5">
									
								</div>
							</div>
						</div>
<div class="detail-body mt-4">                                              
<table class="table table-sm">
	<thead><tr>
		<th class="status-col">Status</th>
		<th class="timestamp-col">Timestamp</th>
		<th class="details-col">Details</th>
	</tr></thead>
	<tbody>
			<tr class="event-row">
				<td><i class="fa fa-check text-pass"></i></td>
				<td>9:35:14 PM</td>
				<td>
						Test passed
				</td>
			</tr>
	</tbody>
</table>
</div>
					</div>
				</li>
				<li class="test-item"  status="skip" test-id="17"
					author=""
					tag=""
					device="">
					<div class="status-avatar skip-bg">
						<i class="fa fa-long-arrow-right text-white"></i>
					</div>
					<div class="open-test">
						<div class="test-detail">
							<p class="name">R1.1_TS002_TC003 Verify logging into the Application using invalid email address and valid Password</p>
							<p class="duration text-sm">0h 0m 7s+819ms</p>
							<span class="datetime">21:35:07 PM</span>
						</div>
					</div>
					<div class="test-contents d-none">
						<div class="detail-head">
							<div class="p-v-10 d-inline-block">
								<div class="info">
									<h5 class="test-status text-skip">R1.1_TS002_TC003 Verify logging into the Application using invalid email address and valid Password</h5>
									<span class='badge badge-success'>10.01.2023 21:35:07</span>
									<span class='badge badge-danger'>10.01.2023 21:35:15</span>
									<span class='badge badge-default'>0h 0m 7s+819ms</span>
								</div>
								<div class="m-t-10 m-l-5">
									
								</div>
							</div>
						</div>
<div class="detail-body mt-4">                                              
<table class="table table-sm">
	<thead><tr>
		<th class="status-col">Status</th>
		<th class="timestamp-col">Timestamp</th>
		<th class="details-col">Details</th>
	</tr></thead>
	<tbody>
			<tr class="event-row">
				<td><i class="fa fa-long-arrow-right text-skip"></i></td>
				<td>9:35:15 PM</td>
				<td>
						There is exception in execution and skipped for another try java.lang.AssertionError: expected [true] but found [false]
				</td>
			</tr>
	</tbody>
</table>
</div>
					</div>
				</li>
				<li class="test-item"  status="pass" test-id="18"
					author=""
					tag=""
					device="">
					<div class="status-avatar pass-bg">
						<i class="fa fa-check text-white"></i>
					</div>
					<div class="open-test">
						<div class="test-detail">
							<p class="name">R1.1_TS001_TC028 Verify the application throws proper error message when user click continue button without selecting privacy and policy check box.</p>
							<p class="duration text-sm">0h 0m 10s+298ms</p>
							<span class="datetime">21:35:14 PM</span>
						</div>
					</div>
					<div class="test-contents d-none">
						<div class="detail-head">
							<div class="p-v-10 d-inline-block">
								<div class="info">
									<h5 class="test-status text-pass">R1.1_TS001_TC028 Verify the application throws proper error message when user click continue button without selecting privacy and policy check box.</h5>
									<span class='badge badge-success'>10.01.2023 21:35:14</span>
									<span class='badge badge-danger'>10.01.2023 21:35:24</span>
									<span class='badge badge-default'>0h 0m 10s+298ms</span>
								</div>
								<div class="m-t-10 m-l-5">
									
								</div>
							</div>
						</div>
<div class="detail-body mt-4">                                              
<table class="table table-sm">
	<thead><tr>
		<th class="status-col">Status</th>
		<th class="timestamp-col">Timestamp</th>
		<th class="details-col">Details</th>
	</tr></thead>
	<tbody>
			<tr class="event-row">
				<td><i class="fa fa-check text-pass"></i></td>
				<td>9:35:24 PM</td>
				<td>
						Test passed
				</td>
			</tr>
	</tbody>
</table>
</div>
					</div>
				</li>
				<li class="test-item"  status="skip" test-id="19"
					author=""
					tag=""
					device="">
					<div class="status-avatar skip-bg">
						<i class="fa fa-long-arrow-right text-white"></i>
					</div>
					<div class="open-test">
						<div class="test-detail">
							<p class="name">R1.1_TS002_TC003 Verify logging into the Application using invalid email address and valid Password</p>
							<p class="duration text-sm">0h 0m 9s+557ms</p>
							<span class="datetime">21:35:15 PM</span>
						</div>
					</div>
					<div class="test-contents d-none">
						<div class="detail-head">
							<div class="p-v-10 d-inline-block">
								<div class="info">
									<h5 class="test-status text-skip">R1.1_TS002_TC003 Verify logging into the Application using invalid email address and valid Password</h5>
									<span class='badge badge-success'>10.01.2023 21:35:15</span>
									<span class='badge badge-danger'>10.01.2023 21:35:25</span>
									<span class='badge badge-default'>0h 0m 9s+557ms</span>
								</div>
								<div class="m-t-10 m-l-5">
									
								</div>
							</div>
						</div>
<div class="detail-body mt-4">                                              
<table class="table table-sm">
	<thead><tr>
		<th class="status-col">Status</th>
		<th class="timestamp-col">Timestamp</th>
		<th class="details-col">Details</th>
	</tr></thead>
	<tbody>
			<tr class="event-row">
				<td><i class="fa fa-long-arrow-right text-skip"></i></td>
				<td>9:35:25 PM</td>
				<td>
						There is exception in execution and skipped for another try java.lang.AssertionError: expected [true] but found [false]
				</td>
			</tr>
	</tbody>
</table>
</div>
					</div>
				</li>
				<li class="test-item"  status="skip" test-id="20"
					author=""
					tag=""
					device="">
					<div class="status-avatar skip-bg">
						<i class="fa fa-long-arrow-right text-white"></i>
					</div>
					<div class="open-test">
						<div class="test-detail">
							<p class="name">R1.2_TS005_TC024 Verify user can select a product from featured product list from HomePage</p>
							<p class="duration text-sm">0h 0m 17s+214ms</p>
							<span class="datetime">21:35:16 PM</span>
						</div>
					</div>
					<div class="test-contents d-none">
						<div class="detail-head">
							<div class="p-v-10 d-inline-block">
								<div class="info">
									<h5 class="test-status text-skip">R1.2_TS005_TC024 Verify user can select a product from featured product list from HomePage</h5>
									<span class='badge badge-success'>10.01.2023 21:35:16</span>
									<span class='badge badge-danger'>10.01.2023 21:35:34</span>
									<span class='badge badge-default'>0h 0m 17s+214ms</span>
								</div>
								<div class="m-t-10 m-l-5">
									
								</div>
							</div>
						</div>
<div class="detail-body mt-4">                                              
<table class="table table-sm">
	<thead><tr>
		<th class="status-col">Status</th>
		<th class="timestamp-col">Timestamp</th>
		<th class="details-col">Details</th>
	</tr></thead>
	<tbody>
			<tr class="event-row">
				<td><i class="fa fa-long-arrow-right text-skip"></i></td>
				<td>9:35:34 PM</td>
				<td>
						There is exception in execution and skipped for another try org.openqa.selenium.NoSuchElementException: no such element: Unable to locate element: {"method":"xpath","selector":"//div[@class='col-sm-4']/div[@class='btn-group']/following-sibling::h1"}
  (Session info: chrome=117.0.5938.92)
For documentation on this error, please visit: https://www.selenium.dev/documentation/webdriver/troubleshooting/errors#no-such-element-exception
Build info: version: '4.12.1', revision: '8e34639b11'
System info: os.name: 'Windows 11', os.arch: 'amd64', os.version: '10.0', java.version: '17.0.7'
Driver info: org.openqa.selenium.chrome.ChromeDriver
Command: [8fbbb1e2e79136a6207f1565f2930685, findElement {using=xpath, value=//div[@class='col-sm-4']/div[@class='btn-group']/following-sibling::h1}]
Capabilities {acceptInsecureCerts: false, browserName: chrome, browserVersion: 117.0.5938.92, chrome: {chromedriverVersion: 117.0.5938.92 (67649b10b92b..., userDataDir: C:\Users\naimn\AppData\Loca...}, fedcm:accounts: true, goog:chromeOptions: {debuggerAddress: localhost:50209}, networkConnectionEnabled: false, pageLoadStrategy: normal, platformName: windows, proxy: Proxy(), se:cdp: ws://localhost:50209/devtoo..., se:cdpVersion: 117.0.5938.92, setWindowRect: true, strictFileInteractability: false, timeouts: {implicit: 0, pageLoad: 300000, script: 30000}, unhandledPromptBehavior: dismiss and notify, webauthn:extension:credBlob: true, webauthn:extension:largeBlob: true, webauthn:extension:minPinLength: true, webauthn:extension:prf: true, webauthn:virtualAuthenticators: true}
Session ID: 8fbbb1e2e79136a6207f1565f2930685
				</td>
			</tr>
	</tbody>
</table>
</div>
					</div>
				</li>
				<li class="test-item"  status="skip" test-id="21"
					author=""
					tag=""
					device="">
					<div class="status-avatar skip-bg">
						<i class="fa fa-long-arrow-right text-white"></i>
					</div>
					<div class="open-test">
						<div class="test-detail">
							<p class="name">negetive test case loginPagefail</p>
							<p class="duration text-sm">0h 0m 5s+942ms</p>
							<span class="datetime">21:35:20 PM</span>
						</div>
					</div>
					<div class="test-contents d-none">
						<div class="detail-head">
							<div class="p-v-10 d-inline-block">
								<div class="info">
									<h5 class="test-status text-skip">negetive test case loginPagefail</h5>
									<span class='badge badge-success'>10.01.2023 21:35:20</span>
									<span class='badge badge-danger'>10.01.2023 21:35:26</span>
									<span class='badge badge-default'>0h 0m 5s+942ms</span>
								</div>
								<div class="m-t-10 m-l-5">
									
								</div>
							</div>
						</div>
<div class="detail-body mt-4">                                              
<table class="table table-sm">
	<thead><tr>
		<th class="status-col">Status</th>
		<th class="timestamp-col">Timestamp</th>
		<th class="details-col">Details</th>
	</tr></thead>
	<tbody>
			<tr class="event-row">
				<td><i class="fa fa-long-arrow-right text-skip"></i></td>
				<td>9:35:26 PM</td>
				<td>
						There is exception in execution and skipped for another try java.lang.AssertionError: expected [Customer] but found [Account Login]
				</td>
			</tr>
	</tbody>
</table>
</div>
					</div>
				</li>
				<li class="test-item"  status="fail" test-id="22"
					author=""
					tag=""
					device="">
					<div class="status-avatar fail-bg">
						<i class="fa fa-times text-white"></i>
					</div>
					<div class="open-test">
						<div class="test-detail">
							<p class="name">R1.1_TS002_TC003 Verify logging into the Application using invalid email address and valid Password</p>
							<p class="duration text-sm">0h 0m 9s+20ms</p>
							<span class="datetime">21:35:25 PM</span>
						</div>
					</div>
					<div class="test-contents d-none">
						<div class="detail-head">
							<div class="p-v-10 d-inline-block">
								<div class="info">
									<h5 class="test-status text-fail">R1.1_TS002_TC003 Verify logging into the Application using invalid email address and valid Password</h5>
									<span class='badge badge-success'>10.01.2023 21:35:25</span>
									<span class='badge badge-danger'>10.01.2023 21:35:34</span>
									<span class='badge badge-default'>0h 0m 9s+20ms</span>
								</div>
								<div class="m-t-10 m-l-5">
									
								</div>
							</div>
						</div>
<div class="detail-body mt-4">                                              
<table class="table table-sm">
	<thead><tr>
		<th class="status-col">Status</th>
		<th class="timestamp-col">Timestamp</th>
		<th class="details-col">Details</th>
	</tr></thead>
	<tbody>
			<tr class="event-row">
				<td><i class="fa fa-times text-fail"></i></td>
				<td>9:35:34 PM</td>
				<td>
						Test failed. java.lang.AssertionError: expected [true] but found [false]
				</td>
			</tr>
	</tbody>
</table>
</div>
<div class="detail-foot">
	<ul class="attachments">
			<img class='r-img' onerror='this.style.display="none"' data-featherlight='C:\Users\naimn\DEV\IDE\eclipse\tutorialNinja//reports//r1dot1_TS002_TC003.png' src='C:\Users\naimn\DEV\IDE\eclipse\tutorialNinja//reports//r1dot1_TS002_TC003.png'>
	</ul>
</div>
					</div>
				</li>
				<li class="test-item"  status="skip" test-id="23"
					author=""
					tag=""
					device="">
					<div class="status-avatar skip-bg">
						<i class="fa fa-long-arrow-right text-white"></i>
					</div>
					<div class="open-test">
						<div class="test-detail">
							<p class="name">negetive test case loginPagefail</p>
							<p class="duration text-sm">0h 0m 4s+576ms</p>
							<span class="datetime">21:35:27 PM</span>
						</div>
					</div>
					<div class="test-contents d-none">
						<div class="detail-head">
							<div class="p-v-10 d-inline-block">
								<div class="info">
									<h5 class="test-status text-skip">negetive test case loginPagefail</h5>
									<span class='badge badge-success'>10.01.2023 21:35:27</span>
									<span class='badge badge-danger'>10.01.2023 21:35:31</span>
									<span class='badge badge-default'>0h 0m 4s+576ms</span>
								</div>
								<div class="m-t-10 m-l-5">
									
								</div>
							</div>
						</div>
<div class="detail-body mt-4">                                              
<table class="table table-sm">
	<thead><tr>
		<th class="status-col">Status</th>
		<th class="timestamp-col">Timestamp</th>
		<th class="details-col">Details</th>
	</tr></thead>
	<tbody>
			<tr class="event-row">
				<td><i class="fa fa-long-arrow-right text-skip"></i></td>
				<td>9:35:31 PM</td>
				<td>
						There is exception in execution and skipped for another try java.lang.AssertionError: expected [Customer] but found [Account Login]
				</td>
			</tr>
	</tbody>
</table>
</div>
					</div>
				</li>
				<li class="test-item"  status="fail" test-id="24"
					author=""
					tag=""
					device="">
					<div class="status-avatar fail-bg">
						<i class="fa fa-times text-white"></i>
					</div>
					<div class="open-test">
						<div class="test-detail">
							<p class="name">negetive test case loginPagefail</p>
							<p class="duration text-sm">0h 0m 5s+597ms</p>
							<span class="datetime">21:35:31 PM</span>
						</div>
					</div>
					<div class="test-contents d-none">
						<div class="detail-head">
							<div class="p-v-10 d-inline-block">
								<div class="info">
									<h5 class="test-status text-fail">negetive test case loginPagefail</h5>
									<span class='badge badge-success'>10.01.2023 21:35:31</span>
									<span class='badge badge-danger'>10.01.2023 21:35:37</span>
									<span class='badge badge-default'>0h 0m 5s+597ms</span>
								</div>
								<div class="m-t-10 m-l-5">
									
								</div>
							</div>
						</div>
<div class="detail-body mt-4">                                              
<table class="table table-sm">
	<thead><tr>
		<th class="status-col">Status</th>
		<th class="timestamp-col">Timestamp</th>
		<th class="details-col">Details</th>
	</tr></thead>
	<tbody>
			<tr class="event-row">
				<td><i class="fa fa-times text-fail"></i></td>
				<td>9:35:37 PM</td>
				<td>
						Test failed. java.lang.AssertionError: expected [Customer] but found [Account Login]
				</td>
			</tr>
	</tbody>
</table>
</div>
<div class="detail-foot">
	<ul class="attachments">
			<img class='r-img' onerror='this.style.display="none"' data-featherlight='C:\Users\naimn\DEV\IDE\eclipse\tutorialNinja//reports//loginPagefail.png' src='C:\Users\naimn\DEV\IDE\eclipse\tutorialNinja//reports//loginPagefail.png'>
	</ul>
</div>
					</div>
				</li>
				<li class="test-item"  status="fail" test-id="25"
					author=""
					tag=""
					device="">
					<div class="status-avatar fail-bg">
						<i class="fa fa-times text-white"></i>
					</div>
					<div class="open-test">
						<div class="test-detail">
							<p class="name">R1.2_TS005_TC024 Verify user can select a product from featured product list from HomePage</p>
							<p class="duration text-sm">0h 0m 15s+612ms</p>
							<span class="datetime">21:35:34 PM</span>
						</div>
					</div>
					<div class="test-contents d-none">
						<div class="detail-head">
							<div class="p-v-10 d-inline-block">
								<div class="info">
									<h5 class="test-status text-fail">R1.2_TS005_TC024 Verify user can select a product from featured product list from HomePage</h5>
									<span class='badge badge-success'>10.01.2023 21:35:34</span>
									<span class='badge badge-danger'>10.01.2023 21:35:49</span>
									<span class='badge badge-default'>0h 0m 15s+612ms</span>
								</div>
								<div class="m-t-10 m-l-5">
									
								</div>
							</div>
						</div>
<div class="detail-body mt-4">                                              
<table class="table table-sm">
	<thead><tr>
		<th class="status-col">Status</th>
		<th class="timestamp-col">Timestamp</th>
		<th class="details-col">Details</th>
	</tr></thead>
	<tbody>
			<tr class="event-row">
				<td><i class="fa fa-times text-fail"></i></td>
				<td>9:35:49 PM</td>
				<td>
						Test failed. org.openqa.selenium.NoSuchElementException: no such element: Unable to locate element: {"method":"xpath","selector":"//div[@class='col-sm-4']/div[@class='btn-group']/following-sibling::h1"}
  (Session info: chrome=117.0.5938.92)
For documentation on this error, please visit: https://www.selenium.dev/documentation/webdriver/troubleshooting/errors#no-such-element-exception
Build info: version: '4.12.1', revision: '8e34639b11'
System info: os.name: 'Windows 11', os.arch: 'amd64', os.version: '10.0', java.version: '17.0.7'
Driver info: org.openqa.selenium.chrome.ChromeDriver
Command: [7f6f0807360090d537c30594d21ab000, findElement {using=xpath, value=//div[@class='col-sm-4']/div[@class='btn-group']/following-sibling::h1}]
Capabilities {acceptInsecureCerts: false, browserName: chrome, browserVersion: 117.0.5938.92, chrome: {chromedriverVersion: 117.0.5938.92 (67649b10b92b..., userDataDir: C:\Users\naimn\AppData\Loca...}, fedcm:accounts: true, goog:chromeOptions: {debuggerAddress: localhost:50318}, networkConnectionEnabled: false, pageLoadStrategy: normal, platformName: windows, proxy: Proxy(), se:cdp: ws://localhost:50318/devtoo..., se:cdpVersion: 117.0.5938.92, setWindowRect: true, strictFileInteractability: false, timeouts: {implicit: 0, pageLoad: 300000, script: 30000}, unhandledPromptBehavior: dismiss and notify, webauthn:extension:credBlob: true, webauthn:extension:largeBlob: true, webauthn:extension:minPinLength: true, webauthn:extension:prf: true, webauthn:virtualAuthenticators: true}
Session ID: 7f6f0807360090d537c30594d21ab000
				</td>
			</tr>
	</tbody>
</table>
</div>
<div class="detail-foot">
	<ul class="attachments">
			<img class='r-img' onerror='this.style.display="none"' data-featherlight='C:\Users\naimn\DEV\IDE\eclipse\tutorialNinja//reports//R1dot2_TS005_TC024.png' src='C:\Users\naimn\DEV\IDE\eclipse\tutorialNinja//reports//R1dot2_TS005_TC024.png'>
	</ul>
</div>
					</div>
				</li>
				<li class="test-item"  status="pass" test-id="26"
					author=""
					tag=""
					device="">
					<div class="status-avatar pass-bg">
						<i class="fa fa-check text-white"></i>
					</div>
					<div class="open-test">
						<div class="test-detail">
							<p class="name">validate readExcelDraft</p>
							<p class="duration text-sm">0h 0m 1s+489ms</p>
							<span class="datetime">21:35:38 PM</span>
						</div>
					</div>
					<div class="test-contents d-none">
						<div class="detail-head">
							<div class="p-v-10 d-inline-block">
								<div class="info">
									<h5 class="test-status text-pass">validate readExcelDraft</h5>
									<span class='badge badge-success'>10.01.2023 21:35:38</span>
									<span class='badge badge-danger'>10.01.2023 21:35:39</span>
									<span class='badge badge-default'>0h 0m 1s+489ms</span>
								</div>
								<div class="m-t-10 m-l-5">
									
								</div>
							</div>
						</div>
<div class="detail-body mt-4">                                              
<table class="table table-sm">
	<thead><tr>
		<th class="status-col">Status</th>
		<th class="timestamp-col">Timestamp</th>
		<th class="details-col">Details</th>
	</tr></thead>
	<tbody>
			<tr class="event-row">
				<td><i class="fa fa-check text-pass"></i></td>
				<td>9:35:39 PM</td>
				<td>
						Test passed
				</td>
			</tr>
	</tbody>
</table>
</div>
					</div>
				</li>
				<li class="test-item"  status="pass" test-id="27"
					author=""
					tag=""
					device="">
					<div class="status-avatar pass-bg">
						<i class="fa fa-check text-white"></i>
					</div>
					<div class="open-test">
						<div class="test-detail">
							<p class="name">draft test of product catagory page</p>
							<p class="duration text-sm">0h 0m 6s+74ms</p>
							<span class="datetime">21:35:39 PM</span>
						</div>
					</div>
					<div class="test-contents d-none">
						<div class="detail-head">
							<div class="p-v-10 d-inline-block">
								<div class="info">
									<h5 class="test-status text-pass">draft test of product catagory page</h5>
									<span class='badge badge-success'>10.01.2023 21:35:39</span>
									<span class='badge badge-danger'>10.01.2023 21:35:45</span>
									<span class='badge badge-default'>0h 0m 6s+74ms</span>
								</div>
								<div class="m-t-10 m-l-5">
									
								</div>
							</div>
						</div>
<div class="detail-body mt-4">                                              
<table class="table table-sm">
	<thead><tr>
		<th class="status-col">Status</th>
		<th class="timestamp-col">Timestamp</th>
		<th class="details-col">Details</th>
	</tr></thead>
	<tbody>
			<tr class="event-row">
				<td><i class="fa fa-check text-pass"></i></td>
				<td>9:35:45 PM</td>
				<td>
						Test passed
				</td>
			</tr>
	</tbody>
</table>
</div>
					</div>
				</li>
				<li class="test-item"  status="pass" test-id="28"
					author=""
					tag=""
					device="">
					<div class="status-avatar pass-bg">
						<i class="fa fa-check text-white"></i>
					</div>
					<div class="open-test">
						<div class="test-detail">
							<p class="name">click on homepage featured product</p>
							<p class="duration text-sm">0h 0m 6s+585ms</p>
							<span class="datetime">21:35:45 PM</span>
						</div>
					</div>
					<div class="test-contents d-none">
						<div class="detail-head">
							<div class="p-v-10 d-inline-block">
								<div class="info">
									<h5 class="test-status text-pass">click on homepage featured product</h5>
									<span class='badge badge-success'>10.01.2023 21:35:45</span>
									<span class='badge badge-danger'>10.01.2023 21:35:52</span>
									<span class='badge badge-default'>0h 0m 6s+585ms</span>
								</div>
								<div class="m-t-10 m-l-5">
									
								</div>
							</div>
						</div>
<div class="detail-body mt-4">                                              
<table class="table table-sm">
	<thead><tr>
		<th class="status-col">Status</th>
		<th class="timestamp-col">Timestamp</th>
		<th class="details-col">Details</th>
	</tr></thead>
	<tbody>
			<tr class="event-row">
				<td><i class="fa fa-check text-pass"></i></td>
				<td>9:35:52 PM</td>
				<td>
						Test passed
				</td>
			</tr>
	</tbody>
</table>
</div>
					</div>
				</li>
				<li class="test-item"  status="skip" test-id="29"
					author=""
					tag=""
					device="">
					<div class="status-avatar skip-bg">
						<i class="fa fa-long-arrow-right text-white"></i>
					</div>
					<div class="open-test">
						<div class="test-detail">
							<p class="name">R1.2_TS005_TC024 Verify user can select a product from featured product list from HomePage</p>
							<p class="duration text-sm">0h 0m 15s+571ms</p>
							<span class="datetime">21:35:50 PM</span>
						</div>
					</div>
					<div class="test-contents d-none">
						<div class="detail-head">
							<div class="p-v-10 d-inline-block">
								<div class="info">
									<h5 class="test-status text-skip">R1.2_TS005_TC024 Verify user can select a product from featured product list from HomePage</h5>
									<span class='badge badge-success'>10.01.2023 21:35:50</span>
									<span class='badge badge-danger'>10.01.2023 21:36:06</span>
									<span class='badge badge-default'>0h 0m 15s+571ms</span>
								</div>
								<div class="m-t-10 m-l-5">
									
								</div>
							</div>
						</div>
<div class="detail-body mt-4">                                              
<table class="table table-sm">
	<thead><tr>
		<th class="status-col">Status</th>
		<th class="timestamp-col">Timestamp</th>
		<th class="details-col">Details</th>
	</tr></thead>
	<tbody>
			<tr class="event-row">
				<td><i class="fa fa-long-arrow-right text-skip"></i></td>
				<td>9:36:06 PM</td>
				<td>
						There is exception in execution and skipped for another try org.openqa.selenium.NoSuchElementException: no such element: Unable to locate element: {"method":"xpath","selector":"//div[@class='col-sm-4']/div[@class='btn-group']/following-sibling::h1"}
  (Session info: chrome=117.0.5938.92)
For documentation on this error, please visit: https://www.selenium.dev/documentation/webdriver/troubleshooting/errors#no-such-element-exception
Build info: version: '4.12.1', revision: '8e34639b11'
System info: os.name: 'Windows 11', os.arch: 'amd64', os.version: '10.0', java.version: '17.0.7'
Driver info: org.openqa.selenium.chrome.ChromeDriver
Command: [b684f7fef524ca5ac44ca8208fd9243e, findElement {using=xpath, value=//div[@class='col-sm-4']/div[@class='btn-group']/following-sibling::h1}]
Capabilities {acceptInsecureCerts: false, browserName: chrome, browserVersion: 117.0.5938.92, chrome: {chromedriverVersion: 117.0.5938.92 (67649b10b92b..., userDataDir: C:\Users\naimn\AppData\Loca...}, fedcm:accounts: true, goog:chromeOptions: {debuggerAddress: localhost:50380}, networkConnectionEnabled: false, pageLoadStrategy: normal, platformName: windows, proxy: Proxy(), se:cdp: ws://localhost:50380/devtoo..., se:cdpVersion: 117.0.5938.92, setWindowRect: true, strictFileInteractability: false, timeouts: {implicit: 0, pageLoad: 300000, script: 30000}, unhandledPromptBehavior: dismiss and notify, webauthn:extension:credBlob: true, webauthn:extension:largeBlob: true, webauthn:extension:minPinLength: true, webauthn:extension:prf: true, webauthn:virtualAuthenticators: true}
Session ID: b684f7fef524ca5ac44ca8208fd9243e
				</td>
			</tr>
	</tbody>
</table>
</div>
					</div>
				</li>
				<li class="test-item"  status="skip" test-id="30"
					author=""
					tag=""
					device="">
					<div class="status-avatar skip-bg">
						<i class="fa fa-long-arrow-right text-white"></i>
					</div>
					<div class="open-test">
						<div class="test-detail">
							<p class="name">R1.2_TS005_TC024 Verify user can select a product from featured product list from HomePage</p>
							<p class="duration text-sm">0h 0m 16s+121ms</p>
							<span class="datetime">21:36:06 PM</span>
						</div>
					</div>
					<div class="test-contents d-none">
						<div class="detail-head">
							<div class="p-v-10 d-inline-block">
								<div class="info">
									<h5 class="test-status text-skip">R1.2_TS005_TC024 Verify user can select a product from featured product list from HomePage</h5>
									<span class='badge badge-success'>10.01.2023 21:36:06</span>
									<span class='badge badge-danger'>10.01.2023 21:36:22</span>
									<span class='badge badge-default'>0h 0m 16s+121ms</span>
								</div>
								<div class="m-t-10 m-l-5">
									
								</div>
							</div>
						</div>
<div class="detail-body mt-4">                                              
<table class="table table-sm">
	<thead><tr>
		<th class="status-col">Status</th>
		<th class="timestamp-col">Timestamp</th>
		<th class="details-col">Details</th>
	</tr></thead>
	<tbody>
			<tr class="event-row">
				<td><i class="fa fa-long-arrow-right text-skip"></i></td>
				<td>9:36:22 PM</td>
				<td>
						There is exception in execution and skipped for another try org.openqa.selenium.NoSuchElementException: no such element: Unable to locate element: {"method":"xpath","selector":"//div[@class='col-sm-4']/div[@class='btn-group']/following-sibling::h1"}
  (Session info: chrome=117.0.5938.92)
For documentation on this error, please visit: https://www.selenium.dev/documentation/webdriver/troubleshooting/errors#no-such-element-exception
Build info: version: '4.12.1', revision: '8e34639b11'
System info: os.name: 'Windows 11', os.arch: 'amd64', os.version: '10.0', java.version: '17.0.7'
Driver info: org.openqa.selenium.chrome.ChromeDriver
Command: [be7de98262d457387084c8b5090fb72d, findElement {using=xpath, value=//div[@class='col-sm-4']/div[@class='btn-group']/following-sibling::h1}]
Capabilities {acceptInsecureCerts: false, browserName: chrome, browserVersion: 117.0.5938.92, chrome: {chromedriverVersion: 117.0.5938.92 (67649b10b92b..., userDataDir: C:\Users\naimn\AppData\Loca...}, fedcm:accounts: true, goog:chromeOptions: {debuggerAddress: localhost:50403}, networkConnectionEnabled: false, pageLoadStrategy: normal, platformName: windows, proxy: Proxy(), se:cdp: ws://localhost:50403/devtoo..., se:cdpVersion: 117.0.5938.92, setWindowRect: true, strictFileInteractability: false, timeouts: {implicit: 0, pageLoad: 300000, script: 30000}, unhandledPromptBehavior: dismiss and notify, webauthn:extension:credBlob: true, webauthn:extension:largeBlob: true, webauthn:extension:minPinLength: true, webauthn:extension:prf: true, webauthn:virtualAuthenticators: true}
Session ID: be7de98262d457387084c8b5090fb72d
				</td>
			</tr>
	</tbody>
</table>
</div>
					</div>
				</li>
				<li class="test-item"  status="fail" test-id="31"
					author=""
					tag=""
					device="">
					<div class="status-avatar fail-bg">
						<i class="fa fa-times text-white"></i>
					</div>
					<div class="open-test">
						<div class="test-detail">
							<p class="name">R1.2_TS005_TC024 Verify user can select a product from featured product list from HomePage</p>
							<p class="duration text-sm">0h 0m 15s+379ms</p>
							<span class="datetime">21:36:22 PM</span>
						</div>
					</div>
					<div class="test-contents d-none">
						<div class="detail-head">
							<div class="p-v-10 d-inline-block">
								<div class="info">
									<h5 class="test-status text-fail">R1.2_TS005_TC024 Verify user can select a product from featured product list from HomePage</h5>
									<span class='badge badge-success'>10.01.2023 21:36:22</span>
									<span class='badge badge-danger'>10.01.2023 21:36:38</span>
									<span class='badge badge-default'>0h 0m 15s+379ms</span>
								</div>
								<div class="m-t-10 m-l-5">
									
								</div>
							</div>
						</div>
<div class="detail-body mt-4">                                              
<table class="table table-sm">
	<thead><tr>
		<th class="status-col">Status</th>
		<th class="timestamp-col">Timestamp</th>
		<th class="details-col">Details</th>
	</tr></thead>
	<tbody>
			<tr class="event-row">
				<td><i class="fa fa-times text-fail"></i></td>
				<td>9:36:38 PM</td>
				<td>
						Test failed. org.openqa.selenium.NoSuchElementException: no such element: Unable to locate element: {"method":"xpath","selector":"//div[@class='col-sm-4']/div[@class='btn-group']/following-sibling::h1"}
  (Session info: chrome=117.0.5938.92)
For documentation on this error, please visit: https://www.selenium.dev/documentation/webdriver/troubleshooting/errors#no-such-element-exception
Build info: version: '4.12.1', revision: '8e34639b11'
System info: os.name: 'Windows 11', os.arch: 'amd64', os.version: '10.0', java.version: '17.0.7'
Driver info: org.openqa.selenium.chrome.ChromeDriver
Command: [75a6ccda38da3549fe2e3b8823bfba64, findElement {using=xpath, value=//div[@class='col-sm-4']/div[@class='btn-group']/following-sibling::h1}]
Capabilities {acceptInsecureCerts: false, browserName: chrome, browserVersion: 117.0.5938.92, chrome: {chromedriverVersion: 117.0.5938.92 (67649b10b92b..., userDataDir: C:\Users\naimn\AppData\Loca...}, fedcm:accounts: true, goog:chromeOptions: {debuggerAddress: localhost:50423}, networkConnectionEnabled: false, pageLoadStrategy: normal, platformName: windows, proxy: Proxy(), se:cdp: ws://localhost:50423/devtoo..., se:cdpVersion: 117.0.5938.92, setWindowRect: true, strictFileInteractability: false, timeouts: {implicit: 0, pageLoad: 300000, script: 30000}, unhandledPromptBehavior: dismiss and notify, webauthn:extension:credBlob: true, webauthn:extension:largeBlob: true, webauthn:extension:minPinLength: true, webauthn:extension:prf: true, webauthn:virtualAuthenticators: true}
Session ID: 75a6ccda38da3549fe2e3b8823bfba64
				</td>
			</tr>
	</tbody>
</table>
</div>
<div class="detail-foot">
	<ul class="attachments">
			<img class='r-img' onerror='this.style.display="none"' data-featherlight='C:\Users\naimn\DEV\IDE\eclipse\tutorialNinja//reports//R1dot2_TS005_TC024.png' src='C:\Users\naimn\DEV\IDE\eclipse\tutorialNinja//reports//R1dot2_TS005_TC024.png'>
	</ul>
</div>
					</div>
				</li>
				<li class="test-item"  status="pass" test-id="32"
					author=""
					tag=""
					device="">
					<div class="status-avatar pass-bg">
						<i class="fa fa-check text-white"></i>
					</div>
					<div class="open-test">
						<div class="test-detail">
							<p class="name">R1.2_TS005_TC024 Verify user can select a product from featured product list from HomePage</p>
							<p class="duration text-sm">0h 0m 6s+176ms</p>
							<span class="datetime">21:36:38 PM</span>
						</div>
					</div>
					<div class="test-contents d-none">
						<div class="detail-head">
							<div class="p-v-10 d-inline-block">
								<div class="info">
									<h5 class="test-status text-pass">R1.2_TS005_TC024 Verify user can select a product from featured product list from HomePage</h5>
									<span class='badge badge-success'>10.01.2023 21:36:38</span>
									<span class='badge badge-danger'>10.01.2023 21:36:44</span>
									<span class='badge badge-default'>0h 0m 6s+176ms</span>
								</div>
								<div class="m-t-10 m-l-5">
									
								</div>
							</div>
						</div>
<div class="detail-body mt-4">                                              
<table class="table table-sm">
	<thead><tr>
		<th class="status-col">Status</th>
		<th class="timestamp-col">Timestamp</th>
		<th class="details-col">Details</th>
	</tr></thead>
	<tbody>
			<tr class="event-row">
				<td><i class="fa fa-check text-pass"></i></td>
				<td>9:36:44 PM</td>
				<td>
						Test passed
				</td>
			</tr>
	</tbody>
</table>
</div>
					</div>
				</li>
			</ul>
		</div>
	</div>
	<div class="test-content scrollable">
		<div class="test-content-tools">
			<ul>
				<li>
					<a class="back-to-test" href="javascript:void(0)">
					<i class="fa fa-arrow-left"></i>
					</a>
				</li>
			</ul>
		</div>
		<div class="test-content-detail">
			<div class="detail-body"></div>
		</div>
	</div>
</div>                    <!-- dashboard -->
<div class="container-fluid p-4 dashboard-view">
	<div class="row">
		<div class="col-md-6">
			<div class="card">
				<div class="card-header">
					<h6 class="card-title">Tests</h6>
				</div>
				<div class="card-body">
					<div class="">
						<canvas id='parent-analysis' width='115' height='90'></canvas>
					</div>
				</div>
				<div class="card-footer">
					<div><small data-tooltip='43.75%'>
						<b>14</b> tests passed
						</small>
					</div>
					<div>
						<small data-tooltip='18.75%'><b>6</b> tests failed, 
						<b>12</b> skipped, <b data-tooltip='0%'>0</b> others
						</small>
					</div>
				</div>
			</div>
		</div>
		<div class="col-md-6">
			<div class="card">
				<div class="card-header">
					<h6 class="card-title">Log events</h6>
				</div>
				<div class="card-body">
					<div class="">
						<canvas id='events-analysis' width='115' height='90'></canvas>
					</div>
				</div>
				<div class="card-footer">
					<div><small data-tooltip='43.75%'><b>14</b> events passed</small></div>
					<div>
						<small data-tooltip='18.75%'><b>6</b> events failed, 
						<b data-tooltip='37.5%'>12</b> others
						</small>
					</div>
				</div>
			</div>
		</div>
	</div>
	<div class="row">
		<div class="col-md-3">
			<div class="card">
				<div class="card-body box-height-150">
					<div class="media justify-content-between">
						<div class="card-header">
							<h6 class="card-title">Tests</h6>
							<h2 class="font-size-28 font-weight-light mt-3">32</h2>
							<span class="text-semibold text-success font-size-15">
							<i class="ti-arrow-up font-size-11"></i> 
							<span>43.75%</span>
							</span>
						</div>
						<div class="align-self-end">
							<i class="fa fa-align-left font-size-70 opacity-01"></i>
						</div>
					</div>
				</div>
			</div>
		</div>
		<div class="col-md-3">
			<div class="card">
				<div class="card-body box-height-150">
					<div class="media justify-content-between">
						<div class="card-header">
							<h6 class="card-title">Start</h6>
							<h4 class="font-weight-light mt-4">Oct 1, 2023 09:34:25 PM</h4>
							<span class="text-semibold text-success font-size-15">
						</div>
						<div class="align-self-end">
							<i class="fa fa-clock-o font-size-70 text-success opacity-01"></i>
						</div>
					</div>
				</div>
			</div>
		</div>
		<div class="col-md-3">
			<div class="card">
				<div class="card-body box-height-150">
					<div class="media justify-content-between">
						<div class="card-header">
							<h6 class="card-title">Duration</h6>
							<h4 class="font-weight-light mt-4">0h 2m 19s+628ms</h4>
							<span class="text-semibold font-size-15">
						</div>
						<div class="align-self-end">
							<i class="fa fa-clock-o font-size-70 opacity-01"></i>
						</div>
					</div>
				</div>
			</div>
		</div>
	</div>
	<div class="row">
		<div class="col-md-12">
			<div class="card">
				<div class="card-header">
					<h6 class="card-title">Timeline</h6>
				</div>
				<div class="card-body">
					<div class="">
						<canvas id="timeline" height="120"></canvas>
					</div>
				</div>
			</div>
		</div>
	</div>
	<div class="row">
		<div class="col-md-4">
			<div class="card">
				<div class="card-header">
					<h6 class="card-title">Environment</h6>
				</div>
				<div class="table-overflow">
					<table class="table table-sm">
						<thead>
							<tr class="bg-gray">
								<th>Name</th>
								<th>Value</th>
							</tr>
						</thead>
						<tbody>
							<tr>
								<td>Operating System </td>
								<td>Windows 11</td>
							</tr>
						</tbody>
					</table>
				</div>
			</div>
		</div>
	</div>
</div>
<script>
	var statusGroup = {
	    parentCount: 32,
		passParent: 14,
		failParent: 6,
		fatalParent: 0,
		errorParent: 0,
		warningParent: 0,
		skipParent: 12,
		exceptionsParent: 18,
		childCount: 0,
		passChild: 0,
		failChild: 0,
		fatalChild: 0,
		errorChild: 0,
		warningChild: 0,
		skipChild: 0,
		infoChild: 0,
		debugChild: 0,
		exceptionsChild: 0,
		grandChildCount: 0,
		passGrandChild: 0,
		failGrandChild: 0,
		fatalGrandChild: 0,
		errorGrandChild: 0,
		warningGrandChild: 0,
		skipGrandChild: 0,
		infoGrandChild: 0,
		debugGrandChild: 0,
		exceptionsGrandChild: 0,
		eventsCount: 32,
		passEvents: 14,
		failEvents: 6,
		fatalEvents: 0,
		errorEvents: 0,
		warningEvents: 0,
		skipEvents: 12,
		infoEvents: 0,
		debugEvents: 0,
		exceptionsEvents: 0
	};
</script>
<script>
	var timeline = {
	        "R1.1_TS003_TC001 Verify Logging out by selecting Logout option from 'My Account' drop menu":16.179,"R1.2_TS006_TC001 As an user I should be able to select products for comparison.":15.04,"R1.3_TS012_TC001 As a user I shouldn't be able to  navigate to Checkout page when there is no product in the Shopping Cart":12.408,"R1.1_TS002_TC001 Verify logging into the Application using valid credentials":14.464,"negetive test case draftfail":20.922,"R1.1_TS001_TC001 As a user I should be able to Register an Account by providing only the Mandatory fields":12.55,"R1.1_TS002_TC002 Verify logging into the Application using invalid credentials (i.e. Invalid email address and Invalid Password)":9.601,"R1.2_TS005_TC001 As an user I should be able to search a product which is present in database.":9.87,"negetive test case draftfail":16.718,"R1.1_TS002_TC002 Verify logging into the Application using invalid credentials (i.e. Invalid email address and Invalid Password)":7.816,"R1.2_TS005_TC024 Verify user can select a product from featured product list from HomePage":8.17,"R1.1_TS001_TC003 Verify Registering an Account by providing all the fields":12.094,"R1.1_TS002_TC002 Verify logging into the Application using invalid credentials (i.e. Invalid email address and Invalid Password)":8.258,"R1.2_TS005_TC024 Verify user can select a product from featured product list from HomePage":16.742,"negetive test case draftfail":15.881,"R1.1_TS001_TC004 Verify proper error messages are displayed for the mandatory fields, when you don't provide any mandatory fields in the 'Register Account' page and submit":9.994,"R1.1_TS002_TC003 Verify logging into the Application using invalid email address and valid Password":7.819,"R1.1_TS001_TC028 Verify the application throws proper error message when user click continue button without selecting privacy and policy check box.":10.298,"R1.1_TS002_TC003 Verify logging into the Application using invalid email address and valid Password":9.557,"R1.2_TS005_TC024 Verify user can select a product from featured product list from HomePage":17.214,"negetive test case loginPagefail":5.942,"R1.1_TS002_TC003 Verify logging into the Application using invalid email address and valid Password":9.02,"negetive test case loginPagefail":4.576,"negetive test case loginPagefail":5.597,"R1.2_TS005_TC024 Verify user can select a product from featured product list from HomePage":15.612,"validate readExcelDraft":1.489,"draft test of product catagory page":6.074,"click on homepage featured product":6.585,"R1.2_TS005_TC024 Verify user can select a product from featured product list from HomePage":15.571,"R1.2_TS005_TC024 Verify user can select a product from featured product list from HomePage":16.121,"R1.2_TS005_TC024 Verify user can select a product from featured product list from HomePage":15.379,"R1.2_TS005_TC024 Verify user can select a product from featured product list from HomePage":6.176
	};
</script>
                </div>
            </div>
        </div>
    </div>
    <script src="https://cdn.jsdelivr.net/gh/extent-framework/extent-github-cdn@ac7abbc71b4bb073da00153a5a3fdbcfe0c95e2a/spark/js/spark-script.js"></script>
<script type="text/javascript">


</script></body>
</html>