<!DOCTYPE html PUBLIC "-//W3C//DTD XHTML 1.1//EN" "https://www.w3.org/TR/xhtml11/DTD/xhtml11.dtd">
<html xmlns="https://www.w3.org/1999/xhtml">
<head>
<meta http-equiv="content-type" content="text/html; charset=UTF-8"/>
<title>TestNG Report</title>
<style type="text/css">table {margin-bottom:10px;border-collapse:collapse;empty-cells:show}th,td {border:1px solid #009;padding:.25em .5em}th {vertical-align:bottom}td {vertical-align:top}table a {font-weight:bold}.stripe td {background-color: #E6EBF9}.num {text-align:right}.passedodd td {background-color: #3F3}.passedeven td {background-color: #0A0}.skippedodd td {background-color: #DDD}.skippedeven td {background-color: #CCC}.failedodd td,.attn {background-color: #F33}.failedeven td,.stripe .attn {background-color: #D00}.stacktrace {white-space:pre;font-family:monospace}.totop {font-size:85%;text-align:center;border-bottom:2px solid #000}.invisible {display:none}</style>
</head>
<body>
<table>
<tr><th>Test</th><th># Passed</th><th># Skipped</th><th># Retried</th><th># Failed</th><th>Time (ms)</th><th>Included Groups</th><th>Excluded Groups</th></tr>
<tr><th colspan="8">Suite</th></tr>
<tr><td><a href="#t0">Tutorial Ninja functional Regression Test</a></td><td class="num">19</td><td class="num">0</td><td class="num attn">10</td><td class="num attn">5</td><td class="num">122,598</td><td></td><td></td></tr>
</table>
<table id='summary'><thead><tr><th>Class</th><th>Method</th><th>Start</th><th>Time (ms)</th></tr></thead><tbody><tr><th colspan="4">Suite</th></tr></tbody><tbody id="t0"><tr><th colspan="4">Tutorial Ninja functional Regression Test &#8212; failed</th></tr><tr class="failedeven"><td rowspan="2">com.tutorialNinja.functionalTests.Draft</td><td><a href="#m0">draftfail</a></td><td rowspan="1">1696481205333</td><td rowspan="1">6967</td></tr><tr class="failedeven"><td><a href="#m1">loginPagefail</a></td><td rowspan="1">1696481228063</td><td rowspan="1">7621</td></tr><tr class="failedodd"><td rowspan="2">com.tutorialNinja.functionalTests.R1dot1_TS002_LoginFunctionality</td><td><a href="#m2">r1dot1_TS002_TC002</a></td><td rowspan="1">1696481223860</td><td rowspan="1">9274</td></tr><tr class="failedodd"><td><a href="#m3">r1dot1_TS002_TC003</a></td><td rowspan="1">1696481251221</td><td rowspan="1">11330</td></tr><tr class="failedeven"><td rowspan="1">com.tutorialNinja.functionalTests.R1dot1_TS003_LogoutFunctionality</td><td><a href="#m4">r1dot1_TS003_TC003</a></td><td rowspan="1">1696481277402</td><td rowspan="1">27404</td></tr><tr><th colspan="4">Tutorial Ninja functional Regression Test &#8212; retried</th></tr><tr class="retriedeven"><td rowspan="4">com.tutorialNinja.functionalTests.Draft</td><td><a href="#m5">draftfail</a></td><td rowspan="2">1696481197104</td><td rowspan="2">7860</td></tr><tr class="retriedeven"><td><a href="#m6">draftfail</a></td></tr><tr class="retriedeven"><td><a href="#m7">loginPagefail</a></td><td rowspan="2">1696481213989</td><td rowspan="2">6401</td></tr><tr class="retriedeven"><td><a href="#m8">loginPagefail</a></td></tr><tr class="retriedodd"><td rowspan="4">com.tutorialNinja.functionalTests.R1dot1_TS002_LoginFunctionality</td><td><a href="#m9">r1dot1_TS002_TC002</a></td><td rowspan="2">1696481212676</td><td rowspan="2">10921</td></tr><tr class="retriedodd"><td><a href="#m10">r1dot1_TS002_TC002</a></td></tr><tr class="retriedodd"><td><a href="#m11">r1dot1_TS002_TC003</a></td><td rowspan="2">1696481233598</td><td rowspan="2">9244</td></tr><tr class="retriedodd"><td><a href="#m12">r1dot1_TS002_TC003</a></td></tr><tr class="retriedeven"><td rowspan="2">com.tutorialNinja.functionalTests.R1dot1_TS003_LogoutFunctionality</td><td><a href="#m13">r1dot1_TS003_TC003</a></td><td rowspan="2">1696481221197</td><td rowspan="2">29372</td></tr><tr class="retriedeven"><td><a href="#m14">r1dot1_TS003_TC003</a></td></tr><tr><th colspan="4">Tutorial Ninja functional Regression Test &#8212; passed</th></tr><tr class="passedeven"><td rowspan="3">com.tutorialNinja.functionalTests.Draft</td><td><a href="#m15">readExcelDraft</a></td><td rowspan="1">1696481236683</td><td rowspan="1">2069</td></tr><tr class="passedeven"><td><a href="#m16">testHomePageNav</a></td><td rowspan="1">1696481238757</td><td rowspan="1">13184</td></tr><tr class="passedeven"><td><a href="#m17">testHomepageFeaturedProduct</a></td><td rowspan="1">1696481253369</td><td rowspan="1">11509</td></tr><tr class="passedodd"><td rowspan="4">com.tutorialNinja.functionalTests.R1dot1_TS001_RegisterFunctionality</td><td><a href="#m18">r1dot1_TS001_TC001</a></td><td rowspan="1">1696481183338</td><td rowspan="1">17774</td></tr><tr class="passedodd"><td><a href="#m19">r1dot1_TS001_TC003</a></td><td rowspan="1">1696481202088</td><td rowspan="1">14524</td></tr><tr class="passedodd"><td><a href="#m20">r1dot1_TS001_TC004</a></td><td rowspan="1">1696481216904</td><td rowspan="1">10198</td></tr><tr class="passedodd"><td><a href="#m21">r1dot1_TS001_TC028</a></td><td rowspan="1">1696481227356</td><td rowspan="1">11336</td></tr><tr class="passedeven"><td rowspan="1">com.tutorialNinja.functionalTests.R1dot1_TS002_LoginFunctionality</td><td><a href="#m22">r1dot1_TS002_TC001</a></td><td rowspan="1">1696481183337</td><td rowspan="1">15332</td></tr><tr class="passedodd"><td rowspan="2">com.tutorialNinja.functionalTests.R1dot1_TS003_LogoutFunctionality</td><td><a href="#m23">r1dot1_TS003_TC001</a></td><td rowspan="1">1696481197043</td><td rowspan="1">12351</td></tr><tr class="passedodd"><td><a href="#m24">r1dot1_TS003_TC002</a></td><td rowspan="1">1696481209614</td><td rowspan="1">10775</td></tr><tr class="passedeven"><td rowspan="2">com.tutorialNinja.functionalTests.R1dot1_TS004_ForgottenPasswordFunctionality</td><td><a href="#m25">r1dot1_TS004_TC001</a></td><td rowspan="1">1696481198757</td><td rowspan="1">11488</td></tr><tr class="passedeven"><td><a href="#m26">r1dot1_TS004_TC002</a></td><td rowspan="1">1696481210559</td><td rowspan="1">13110</td></tr><tr class="passedodd"><td rowspan="5">com.tutorialNinja.functionalTests.R1dot2_TS005_ProductSearchFunctionality</td><td><a href="#m27">R1dot2_TS005_TC024</a></td><td rowspan="4">1696481244763</td><td rowspan="4">7616</td></tr><tr class="passedodd"><td><a href="#m28">R1dot2_TS005_TC024</a></td></tr><tr class="passedodd"><td><a href="#m29">R1dot2_TS005_TC024</a></td></tr><tr class="passedodd"><td><a href="#m30">R1dot2_TS005_TC024</a></td></tr><tr class="passedodd"><td><a href="#m31">r1dot2_TS005_TC001</a></td><td rowspan="1">1696481224296</td><td rowspan="1">11555</td></tr><tr class="passedeven"><td rowspan="1">com.tutorialNinja.functionalTests.R1dot2_TS006_ProductCompareFunctionality</td><td><a href="#m32">r1dot2_TS006_TC001</a></td><td rowspan="1">1696481183337</td><td rowspan="1">15128</td></tr><tr class="passedodd"><td rowspan="1">com.tutorialNinja.functionalTests.R1dot3_TS012_CheckoutFunctionality</td><td><a href="#m33">R1dot3_TS012_TC001</a></td><td rowspan="1">1696481183337</td><td rowspan="1">12518</td></tr></tbody>
</table>
<h2>Tutorial Ninja functional Regression Test</h2><h3 id="m0">com.tutorialNinja.functionalTests.Draft#draftfail</h3><table class="result"><tr><th>Exception</th></tr><tr><td><div class="stacktrace">java.lang.AssertionError: expected [true] but found [false]
	at com.tutorialNinja.functionalTests.Draft.draftfail(Draft.java:24)
	at java.base/java.util.concurrent.ThreadPoolExecutor.runWorker(ThreadPoolExecutor.java:1136)
	at java.base/java.util.concurrent.ThreadPoolExecutor$Worker.run(ThreadPoolExecutor.java:635)
	at java.base/java.lang.Thread.run(Thread.java:833)
... Removed 19 stack frames</div></td></tr></table><p class="totop"><a href="#summary">back to summary</a></p>
<h3 id="m1">com.tutorialNinja.functionalTests.Draft#loginPagefail</h3><table class="result"><tr><th>Exception</th></tr><tr><td><div class="stacktrace">java.lang.AssertionError: expected [Customer] but found [Account Login]
	at com.tutorialNinja.functionalTests.Draft.loginPagefail(Draft.java:33)
	at java.base/java.util.concurrent.ThreadPoolExecutor.runWorker(ThreadPoolExecutor.java:1136)
	at java.base/java.util.concurrent.ThreadPoolExecutor$Worker.run(ThreadPoolExecutor.java:635)
	at java.base/java.lang.Thread.run(Thread.java:833)
... Removed 18 stack frames</div></td></tr></table><p class="totop"><a href="#summary">back to summary</a></p>
<h3 id="m2">com.tutorialNinja.functionalTests.R1dot1_TS002_LoginFunctionality#r1dot1_TS002_TC002</h3><table class="result"><tr><th>Exception</th></tr><tr><td><div class="stacktrace">java.lang.AssertionError: expected [true] but found [false]
	at com.tutorialNinja.functionalTests.R1dot1_TS002_LoginFunctionality.r1dot1_TS002_TC002(R1dot1_TS002_LoginFunctionality.java:43)
	at java.base/java.util.concurrent.ThreadPoolExecutor.runWorker(ThreadPoolExecutor.java:1136)
	at java.base/java.util.concurrent.ThreadPoolExecutor$Worker.run(ThreadPoolExecutor.java:635)
	at java.base/java.lang.Thread.run(Thread.java:833)
... Removed 16 stack frames</div></td></tr></table><p class="totop"><a href="#summary">back to summary</a></p>
<h3 id="m3">com.tutorialNinja.functionalTests.R1dot1_TS002_LoginFunctionality#r1dot1_TS002_TC003</h3><table class="result"><tr><th>Exception</th></tr><tr><td><div class="stacktrace">java.lang.AssertionError: expected [true] but found [false]
	at com.tutorialNinja.functionalTests.R1dot1_TS002_LoginFunctionality.r1dot1_TS002_TC003(R1dot1_TS002_LoginFunctionality.java:58)
	at java.base/java.util.concurrent.ThreadPoolExecutor.runWorker(ThreadPoolExecutor.java:1136)
	at java.base/java.util.concurrent.ThreadPoolExecutor$Worker.run(ThreadPoolExecutor.java:635)
	at java.base/java.lang.Thread.run(Thread.java:833)
... Removed 16 stack frames</div></td></tr></table><p class="totop"><a href="#summary">back to summary</a></p>
<h3 id="m4">com.tutorialNinja.functionalTests.R1dot1_TS003_LogoutFunctionality#r1dot1_TS003_TC003</h3><table class="result"><tr><th>Exception</th></tr><tr><td><div class="stacktrace">org.openqa.selenium.NoSuchElementException: no such element: Unable to locate element: {&quot;method&quot;:&quot;xpath&quot;,&quot;selector&quot;:&quot;//ul[@class=&apos;dropdown-menu dropdown-menu-right&apos;]//a[text()=&apos;My Account&apos;]&quot;}
  (Session info: chrome=117.0.5938.132)
For documentation on this error, please visit: https://www.selenium.dev/documentation/webdriver/troubleshooting/errors#no-such-element-exception
Build info: version: &apos;4.12.1&apos;, revision: &apos;8e34639b11&apos;
System info: os.name: &apos;Windows 11&apos;, os.arch: &apos;amd64&apos;, os.version: &apos;10.0&apos;, java.version: &apos;17.0.7&apos;
Driver info: org.openqa.selenium.chrome.ChromeDriver
Command: [7ea78bbf43096dffb725f170ec52396c, findElement {using=xpath, value=//ul[@class=&apos;dropdown-menu dropdown-menu-right&apos;]//a[text()=&apos;My Account&apos;]}]
Capabilities {acceptInsecureCerts: false, browserName: chrome, browserVersion: 117.0.5938.132, chrome: {chromedriverVersion: 117.0.5938.149 (e3344ddefa1..., userDataDir: C:\Users\naimn\AppData\Loca...}, fedcm:accounts: true, goog:chromeOptions: {debuggerAddress: localhost:51736}, networkConnectionEnabled: false, pageLoadStrategy: normal, platformName: windows, proxy: Proxy(), se:cdp: ws://localhost:51736/devtoo..., se:cdpVersion: 117.0.5938.132, setWindowRect: true, strictFileInteractability: false, timeouts: {implicit: 0, pageLoad: 300000, script: 30000}, unhandledPromptBehavior: dismiss and notify, webauthn:extension:credBlob: true, webauthn:extension:largeBlob: true, webauthn:extension:minPinLength: true, webauthn:extension:prf: true, webauthn:virtualAuthenticators: true}
Session ID: 7ea78bbf43096dffb725f170ec52396c
	at org.openqa.selenium.remote.codec.w3c.W3CHttpResponseCodec.createException(W3CHttpResponseCodec.java:200)
	at org.openqa.selenium.remote.codec.w3c.W3CHttpResponseCodec.decode(W3CHttpResponseCodec.java:133)
	at org.openqa.selenium.remote.codec.w3c.W3CHttpResponseCodec.decode(W3CHttpResponseCodec.java:52)
	at org.openqa.selenium.remote.HttpCommandExecutor.execute(HttpCommandExecutor.java:191)
	at org.openqa.selenium.remote.service.DriverCommandExecutor.invokeExecute(DriverCommandExecutor.java:196)
	at org.openqa.selenium.remote.service.DriverCommandExecutor.execute(DriverCommandExecutor.java:171)
	at org.openqa.selenium.remote.RemoteWebDriver.execute(RemoteWebDriver.java:602)
	at org.openqa.selenium.remote.ElementLocation$ElementFinder$2.findElement(ElementLocation.java:165)
	at org.openqa.selenium.remote.ElementLocation.findElement(ElementLocation.java:59)
	at org.openqa.selenium.remote.RemoteWebDriver.findElement(RemoteWebDriver.java:359)
	at org.openqa.selenium.remote.RemoteWebDriver.findElement(RemoteWebDriver.java:353)
	at org.openqa.selenium.support.pagefactory.DefaultElementLocator.findElement(DefaultElementLocator.java:68)
	at org.openqa.selenium.support.pagefactory.internal.LocatingElementHandler.invoke(LocatingElementHandler.java:38)
	at jdk.proxy2/jdk.proxy2.$Proxy17.click(Unknown Source)
	at com.tutorialNinja.pageObjectFactory.CommonElements.click_MyAccount(CommonElements.java:84)
	at com.tutorialNinja.functionalTests.R1dot1_TS003_LogoutFunctionality.r1dot1_TS003_TC003(R1dot1_TS003_LogoutFunctionality.java:60)
	at java.base/java.util.concurrent.ThreadPoolExecutor.runWorker(ThreadPoolExecutor.java:1136)
	at java.base/java.util.concurrent.ThreadPoolExecutor$Worker.run(ThreadPoolExecutor.java:635)
	at java.base/java.lang.Thread.run(Thread.java:833)
... Removed 17 stack frames</div></td></tr></table><p class="totop"><a href="#summary">back to summary</a></p>
<h3 id="m5">com.tutorialNinja.functionalTests.Draft#draftfail</h3><table class="result"><tr><th>Exception</th></tr><tr><td><div class="stacktrace">java.lang.AssertionError: expected [true] but found [false]
	at com.tutorialNinja.functionalTests.Draft.draftfail(Draft.java:24)
	at java.base/java.util.concurrent.ThreadPoolExecutor.runWorker(ThreadPoolExecutor.java:1136)
	at java.base/java.util.concurrent.ThreadPoolExecutor$Worker.run(ThreadPoolExecutor.java:635)
	at java.base/java.lang.Thread.run(Thread.java:833)
... Removed 19 stack frames</div></td></tr></table><p class="totop"><a href="#summary">back to summary</a></p>
<h3 id="m6">com.tutorialNinja.functionalTests.Draft#draftfail</h3><table class="result"><tr><th>Exception</th></tr><tr><td><div class="stacktrace">java.lang.AssertionError: expected [true] but found [false]
	at com.tutorialNinja.functionalTests.Draft.draftfail(Draft.java:24)
	at java.base/java.util.concurrent.ThreadPoolExecutor.runWorker(ThreadPoolExecutor.java:1136)
	at java.base/java.util.concurrent.ThreadPoolExecutor$Worker.run(ThreadPoolExecutor.java:635)
	at java.base/java.lang.Thread.run(Thread.java:833)
... Removed 19 stack frames</div></td></tr></table><p class="totop"><a href="#summary">back to summary</a></p>
<h3 id="m7">com.tutorialNinja.functionalTests.Draft#loginPagefail</h3><table class="result"><tr><th>Exception</th></tr><tr><td><div class="stacktrace">java.lang.AssertionError: expected [Customer] but found [Account Login]
	at com.tutorialNinja.functionalTests.Draft.loginPagefail(Draft.java:33)
	at java.base/java.util.concurrent.ThreadPoolExecutor.runWorker(ThreadPoolExecutor.java:1136)
	at java.base/java.util.concurrent.ThreadPoolExecutor$Worker.run(ThreadPoolExecutor.java:635)
	at java.base/java.lang.Thread.run(Thread.java:833)
... Removed 18 stack frames</div></td></tr></table><p class="totop"><a href="#summary">back to summary</a></p>
<h3 id="m8">com.tutorialNinja.functionalTests.Draft#loginPagefail</h3><table class="result"><tr><th>Exception</th></tr><tr><td><div class="stacktrace">java.lang.AssertionError: expected [Customer] but found [Account Login]
	at com.tutorialNinja.functionalTests.Draft.loginPagefail(Draft.java:33)
	at java.base/java.util.concurrent.ThreadPoolExecutor.runWorker(ThreadPoolExecutor.java:1136)
	at java.base/java.util.concurrent.ThreadPoolExecutor$Worker.run(ThreadPoolExecutor.java:635)
	at java.base/java.lang.Thread.run(Thread.java:833)
... Removed 18 stack frames</div></td></tr></table><p class="totop"><a href="#summary">back to summary</a></p>
<h3 id="m9">com.tutorialNinja.functionalTests.R1dot1_TS002_LoginFunctionality#r1dot1_TS002_TC002</h3><table class="result"><tr><th>Exception</th></tr><tr><td><div class="stacktrace">java.lang.AssertionError: expected [true] but found [false]
	at com.tutorialNinja.functionalTests.R1dot1_TS002_LoginFunctionality.r1dot1_TS002_TC002(R1dot1_TS002_LoginFunctionality.java:43)
	at java.base/java.util.concurrent.ThreadPoolExecutor.runWorker(ThreadPoolExecutor.java:1136)
	at java.base/java.util.concurrent.ThreadPoolExecutor$Worker.run(ThreadPoolExecutor.java:635)
	at java.base/java.lang.Thread.run(Thread.java:833)
... Removed 16 stack frames</div></td></tr></table><p class="totop"><a href="#summary">back to summary</a></p>
<h3 id="m10">com.tutorialNinja.functionalTests.R1dot1_TS002_LoginFunctionality#r1dot1_TS002_TC002</h3><table class="result"><tr><th>Exception</th></tr><tr><td><div class="stacktrace">java.lang.AssertionError: expected [true] but found [false]
	at com.tutorialNinja.functionalTests.R1dot1_TS002_LoginFunctionality.r1dot1_TS002_TC002(R1dot1_TS002_LoginFunctionality.java:43)
	at java.base/java.util.concurrent.ThreadPoolExecutor.runWorker(ThreadPoolExecutor.java:1136)
	at java.base/java.util.concurrent.ThreadPoolExecutor$Worker.run(ThreadPoolExecutor.java:635)
	at java.base/java.lang.Thread.run(Thread.java:833)
... Removed 16 stack frames</div></td></tr></table><p class="totop"><a href="#summary">back to summary</a></p>
<h3 id="m11">com.tutorialNinja.functionalTests.R1dot1_TS002_LoginFunctionality#r1dot1_TS002_TC003</h3><table class="result"><tr><th>Exception</th></tr><tr><td><div class="stacktrace">java.lang.AssertionError: expected [true] but found [false]
	at com.tutorialNinja.functionalTests.R1dot1_TS002_LoginFunctionality.r1dot1_TS002_TC003(R1dot1_TS002_LoginFunctionality.java:58)
	at java.base/java.util.concurrent.ThreadPoolExecutor.runWorker(ThreadPoolExecutor.java:1136)
	at java.base/java.util.concurrent.ThreadPoolExecutor$Worker.run(ThreadPoolExecutor.java:635)
	at java.base/java.lang.Thread.run(Thread.java:833)
... Removed 16 stack frames</div></td></tr></table><p class="totop"><a href="#summary">back to summary</a></p>
<h3 id="m12">com.tutorialNinja.functionalTests.R1dot1_TS002_LoginFunctionality#r1dot1_TS002_TC003</h3><table class="result"><tr><th>Exception</th></tr><tr><td><div class="stacktrace">java.lang.AssertionError: expected [true] but found [false]
	at com.tutorialNinja.functionalTests.R1dot1_TS002_LoginFunctionality.r1dot1_TS002_TC003(R1dot1_TS002_LoginFunctionality.java:58)
	at java.base/java.util.concurrent.ThreadPoolExecutor.runWorker(ThreadPoolExecutor.java:1136)
	at java.base/java.util.concurrent.ThreadPoolExecutor$Worker.run(ThreadPoolExecutor.java:635)
	at java.base/java.lang.Thread.run(Thread.java:833)
... Removed 16 stack frames</div></td></tr></table><p class="totop"><a href="#summary">back to summary</a></p>
<h3 id="m13">com.tutorialNinja.functionalTests.R1dot1_TS003_LogoutFunctionality#r1dot1_TS003_TC003</h3><table class="result"><tr><th>Exception</th></tr><tr><td><div class="stacktrace">org.openqa.selenium.NoSuchElementException: no such element: Unable to locate element: {&quot;method&quot;:&quot;xpath&quot;,&quot;selector&quot;:&quot;//ul[@class=&apos;dropdown-menu dropdown-menu-right&apos;]//a[text()=&apos;My Account&apos;]&quot;}
  (Session info: chrome=117.0.5938.132)
For documentation on this error, please visit: https://www.selenium.dev/documentation/webdriver/troubleshooting/errors#no-such-element-exception
Build info: version: &apos;4.12.1&apos;, revision: &apos;8e34639b11&apos;
System info: os.name: &apos;Windows 11&apos;, os.arch: &apos;amd64&apos;, os.version: &apos;10.0&apos;, java.version: &apos;17.0.7&apos;
Driver info: org.openqa.selenium.chrome.ChromeDriver
Command: [86ed432d4e349ff9a844e111b337041f, findElement {using=xpath, value=//ul[@class=&apos;dropdown-menu dropdown-menu-right&apos;]//a[text()=&apos;My Account&apos;]}]
Capabilities {acceptInsecureCerts: false, browserName: chrome, browserVersion: 117.0.5938.132, chrome: {chromedriverVersion: 117.0.5938.149 (e3344ddefa1..., userDataDir: C:\Users\naimn\AppData\Loca...}, fedcm:accounts: true, goog:chromeOptions: {debuggerAddress: localhost:51470}, networkConnectionEnabled: false, pageLoadStrategy: normal, platformName: windows, proxy: Proxy(), se:cdp: ws://localhost:51470/devtoo..., se:cdpVersion: 117.0.5938.132, setWindowRect: true, strictFileInteractability: false, timeouts: {implicit: 0, pageLoad: 300000, script: 30000}, unhandledPromptBehavior: dismiss and notify, webauthn:extension:credBlob: true, webauthn:extension:largeBlob: true, webauthn:extension:minPinLength: true, webauthn:extension:prf: true, webauthn:virtualAuthenticators: true}
Session ID: 86ed432d4e349ff9a844e111b337041f
	at org.openqa.selenium.remote.codec.w3c.W3CHttpResponseCodec.createException(W3CHttpResponseCodec.java:200)
	at org.openqa.selenium.remote.codec.w3c.W3CHttpResponseCodec.decode(W3CHttpResponseCodec.java:133)
	at org.openqa.selenium.remote.codec.w3c.W3CHttpResponseCodec.decode(W3CHttpResponseCodec.java:52)
	at org.openqa.selenium.remote.HttpCommandExecutor.execute(HttpCommandExecutor.java:191)
	at org.openqa.selenium.remote.service.DriverCommandExecutor.invokeExecute(DriverCommandExecutor.java:196)
	at org.openqa.selenium.remote.service.DriverCommandExecutor.execute(DriverCommandExecutor.java:171)
	at org.openqa.selenium.remote.RemoteWebDriver.execute(RemoteWebDriver.java:602)
	at org.openqa.selenium.remote.ElementLocation$ElementFinder$2.findElement(ElementLocation.java:165)
	at org.openqa.selenium.remote.ElementLocation.findElement(ElementLocation.java:59)
	at org.openqa.selenium.remote.RemoteWebDriver.findElement(RemoteWebDriver.java:359)
	at org.openqa.selenium.remote.RemoteWebDriver.findElement(RemoteWebDriver.java:353)
	at org.openqa.selenium.support.pagefactory.DefaultElementLocator.findElement(DefaultElementLocator.java:68)
	at org.openqa.selenium.support.pagefactory.internal.LocatingElementHandler.invoke(LocatingElementHandler.java:38)
	at jdk.proxy2/jdk.proxy2.$Proxy17.click(Unknown Source)
	at com.tutorialNinja.pageObjectFactory.CommonElements.click_MyAccount(CommonElements.java:84)
	at com.tutorialNinja.functionalTests.R1dot1_TS003_LogoutFunctionality.r1dot1_TS003_TC003(R1dot1_TS003_LogoutFunctionality.java:60)
	at java.base/java.util.concurrent.ThreadPoolExecutor.runWorker(ThreadPoolExecutor.java:1136)
	at java.base/java.util.concurrent.ThreadPoolExecutor$Worker.run(ThreadPoolExecutor.java:635)
	at java.base/java.lang.Thread.run(Thread.java:833)
... Removed 17 stack frames</div></td></tr></table><p class="totop"><a href="#summary">back to summary</a></p>
<h3 id="m14">com.tutorialNinja.functionalTests.R1dot1_TS003_LogoutFunctionality#r1dot1_TS003_TC003</h3><table class="result"><tr><th>Exception</th></tr><tr><td><div class="stacktrace">org.openqa.selenium.NoSuchElementException: no such element: Unable to locate element: {&quot;method&quot;:&quot;xpath&quot;,&quot;selector&quot;:&quot;//ul[@class=&apos;dropdown-menu dropdown-menu-right&apos;]//a[text()=&apos;My Account&apos;]&quot;}
  (Session info: chrome=117.0.5938.132)
For documentation on this error, please visit: https://www.selenium.dev/documentation/webdriver/troubleshooting/errors#no-such-element-exception
Build info: version: &apos;4.12.1&apos;, revision: &apos;8e34639b11&apos;
System info: os.name: &apos;Windows 11&apos;, os.arch: &apos;amd64&apos;, os.version: &apos;10.0&apos;, java.version: &apos;17.0.7&apos;
Driver info: org.openqa.selenium.chrome.ChromeDriver
Command: [35137720100261b55256e724f23929eb, findElement {using=xpath, value=//ul[@class=&apos;dropdown-menu dropdown-menu-right&apos;]//a[text()=&apos;My Account&apos;]}]
Capabilities {acceptInsecureCerts: false, browserName: chrome, browserVersion: 117.0.5938.132, chrome: {chromedriverVersion: 117.0.5938.149 (e3344ddefa1..., userDataDir: C:\Users\naimn\AppData\Loca...}, fedcm:accounts: true, goog:chromeOptions: {debuggerAddress: localhost:51668}, networkConnectionEnabled: false, pageLoadStrategy: normal, platformName: windows, proxy: Proxy(), se:cdp: ws://localhost:51668/devtoo..., se:cdpVersion: 117.0.5938.132, setWindowRect: true, strictFileInteractability: false, timeouts: {implicit: 0, pageLoad: 300000, script: 30000}, unhandledPromptBehavior: dismiss and notify, webauthn:extension:credBlob: true, webauthn:extension:largeBlob: true, webauthn:extension:minPinLength: true, webauthn:extension:prf: true, webauthn:virtualAuthenticators: true}
Session ID: 35137720100261b55256e724f23929eb
	at org.openqa.selenium.remote.codec.w3c.W3CHttpResponseCodec.createException(W3CHttpResponseCodec.java:200)
	at org.openqa.selenium.remote.codec.w3c.W3CHttpResponseCodec.decode(W3CHttpResponseCodec.java:133)
	at org.openqa.selenium.remote.codec.w3c.W3CHttpResponseCodec.decode(W3CHttpResponseCodec.java:52)
	at org.openqa.selenium.remote.HttpCommandExecutor.execute(HttpCommandExecutor.java:191)
	at org.openqa.selenium.remote.service.DriverCommandExecutor.invokeExecute(DriverCommandExecutor.java:196)
	at org.openqa.selenium.remote.service.DriverCommandExecutor.execute(DriverCommandExecutor.java:171)
	at org.openqa.selenium.remote.RemoteWebDriver.execute(RemoteWebDriver.java:602)
	at org.openqa.selenium.remote.ElementLocation$ElementFinder$2.findElement(ElementLocation.java:165)
	at org.openqa.selenium.remote.ElementLocation.findElement(ElementLocation.java:59)
	at org.openqa.selenium.remote.RemoteWebDriver.findElement(RemoteWebDriver.java:359)
	at org.openqa.selenium.remote.RemoteWebDriver.findElement(RemoteWebDriver.java:353)
	at org.openqa.selenium.support.pagefactory.DefaultElementLocator.findElement(DefaultElementLocator.java:68)
	at org.openqa.selenium.support.pagefactory.internal.LocatingElementHandler.invoke(LocatingElementHandler.java:38)
	at jdk.proxy2/jdk.proxy2.$Proxy17.click(Unknown Source)
	at com.tutorialNinja.pageObjectFactory.CommonElements.click_MyAccount(CommonElements.java:84)
	at com.tutorialNinja.functionalTests.R1dot1_TS003_LogoutFunctionality.r1dot1_TS003_TC003(R1dot1_TS003_LogoutFunctionality.java:60)
	at java.base/java.util.concurrent.ThreadPoolExecutor.runWorker(ThreadPoolExecutor.java:1136)
	at java.base/java.util.concurrent.ThreadPoolExecutor$Worker.run(ThreadPoolExecutor.java:635)
	at java.base/java.lang.Thread.run(Thread.java:833)
... Removed 17 stack frames</div></td></tr></table><p class="totop"><a href="#summary">back to summary</a></p>
<h3 id="m15">com.tutorialNinja.functionalTests.Draft#readExcelDraft</h3><table class="result"><tr><th class="invisible"/></tr></table><p class="totop"><a href="#summary">back to summary</a></p>
<h3 id="m16">com.tutorialNinja.functionalTests.Draft#testHomePageNav</h3><table class="result"><tr><th class="invisible"/></tr></table><p class="totop"><a href="#summary">back to summary</a></p>
<h3 id="m17">com.tutorialNinja.functionalTests.Draft#testHomepageFeaturedProduct</h3><table class="result"><tr><th class="invisible"/></tr></table><p class="totop"><a href="#summary">back to summary</a></p>
<h3 id="m18">com.tutorialNinja.functionalTests.R1dot1_TS001_RegisterFunctionality#r1dot1_TS001_TC001</h3><table class="result"><tr><th class="invisible"/></tr></table><p class="totop"><a href="#summary">back to summary</a></p>
<h3 id="m19">com.tutorialNinja.functionalTests.R1dot1_TS001_RegisterFunctionality#r1dot1_TS001_TC003</h3><table class="result"><tr><th class="invisible"/></tr></table><p class="totop"><a href="#summary">back to summary</a></p>
<h3 id="m20">com.tutorialNinja.functionalTests.R1dot1_TS001_RegisterFunctionality#r1dot1_TS001_TC004</h3><table class="result"><tr><th class="invisible"/></tr></table><p class="totop"><a href="#summary">back to summary</a></p>
<h3 id="m21">com.tutorialNinja.functionalTests.R1dot1_TS001_RegisterFunctionality#r1dot1_TS001_TC028</h3><table class="result"><tr><th class="invisible"/></tr></table><p class="totop"><a href="#summary">back to summary</a></p>
<h3 id="m22">com.tutorialNinja.functionalTests.R1dot1_TS002_LoginFunctionality#r1dot1_TS002_TC001</h3><table class="result"><tr><th class="invisible"/></tr></table><p class="totop"><a href="#summary">back to summary</a></p>
<h3 id="m23">com.tutorialNinja.functionalTests.R1dot1_TS003_LogoutFunctionality#r1dot1_TS003_TC001</h3><table class="result"><tr><th class="invisible"/></tr></table><p class="totop"><a href="#summary">back to summary</a></p>
<h3 id="m24">com.tutorialNinja.functionalTests.R1dot1_TS003_LogoutFunctionality#r1dot1_TS003_TC002</h3><table class="result"><tr><th class="invisible"/></tr></table><p class="totop"><a href="#summary">back to summary</a></p>
<h3 id="m25">com.tutorialNinja.functionalTests.R1dot1_TS004_ForgottenPasswordFunctionality#r1dot1_TS004_TC001</h3><table class="result"><tr><th class="invisible"/></tr></table><p class="totop"><a href="#summary">back to summary</a></p>
<h3 id="m26">com.tutorialNinja.functionalTests.R1dot1_TS004_ForgottenPasswordFunctionality#r1dot1_TS004_TC002</h3><table class="result"><tr><th class="invisible"/></tr></table><p class="totop"><a href="#summary">back to summary</a></p>
<h3 id="m27">com.tutorialNinja.functionalTests.R1dot2_TS005_ProductSearchFunctionality#R1dot2_TS005_TC024</h3><table class="result"><tr class="param"><th>Parameter #1</th></tr><tr class="param stripe"><td>iPhone</td></tr></table><p class="totop"><a href="#summary">back to summary</a></p>
<h3 id="m28">com.tutorialNinja.functionalTests.R1dot2_TS005_ProductSearchFunctionality#R1dot2_TS005_TC024</h3><table class="result"><tr class="param"><th>Parameter #1</th></tr><tr class="param stripe"><td>Apple Cinema 30&quot;</td></tr></table><p class="totop"><a href="#summary">back to summary</a></p>
<h3 id="m29">com.tutorialNinja.functionalTests.R1dot2_TS005_ProductSearchFunctionality#R1dot2_TS005_TC024</h3><table class="result"><tr class="param"><th>Parameter #1</th></tr><tr class="param stripe"><td>MacBook</td></tr></table><p class="totop"><a href="#summary">back to summary</a></p>
<h3 id="m30">com.tutorialNinja.functionalTests.R1dot2_TS005_ProductSearchFunctionality#R1dot2_TS005_TC024</h3><table class="result"><tr class="param"><th>Parameter #1</th></tr><tr class="param stripe"><td>Canon EOS 5D</td></tr></table><p class="totop"><a href="#summary">back to summary</a></p>
<h3 id="m31">com.tutorialNinja.functionalTests.R1dot2_TS005_ProductSearchFunctionality#r1dot2_TS005_TC001</h3><table class="result"><tr><th class="invisible"/></tr></table><p class="totop"><a href="#summary">back to summary</a></p>
<h3 id="m32">com.tutorialNinja.functionalTests.R1dot2_TS006_ProductCompareFunctionality#r1dot2_TS006_TC001</h3><table class="result"><tr><th class="invisible"/></tr></table><p class="totop"><a href="#summary">back to summary</a></p>
<h3 id="m33">com.tutorialNinja.functionalTests.R1dot3_TS012_CheckoutFunctionality#R1dot3_TS012_TC001</h3><table class="result"><tr><th class="invisible"/></tr></table><p class="totop"><a href="#summary">back to summary</a></p>
</body>
</html>
