<!DOCTYPE html>

<html>
  <head>
  <meta charset='utf-8'>
  <title>TestNG reports</title>

    <link type="text/css" href="testng-reports1.css" rel="stylesheet" id="ultra" />
    <link type="text/css" href="testng-reports.css" rel="stylesheet" id="retro" disabled="false"/>
    <script type="text/javascript" src="jquery-3.6.0.min.js"></script>
    <script type="text/javascript" src="testng-reports.js"></script>
    <script type="text/javascript" src="https://www.google.com/jsapi"></script>
    <script type='text/javascript'>
      google.load('visualization', '1', {packages:['table']});
      google.setOnLoadCallback(drawTable);
      var suiteTableInitFunctions = new Array();
      var suiteTableData = new Array();
    </script>
    <!--
      <script type="text/javascript" src="jquery-ui/js/jquery-ui-1.8.16.custom.min.js"></script>
     -->
  </head>

  <body>    <div class="top-banner-root">
      <span class="top-banner-title-font">Test results</span>
      <button id="button" class="button">Switch Retro Theme</button> <!-- button -->
      <br/>
      <span class="top-banner-font-1">1 suite, 5 failed tests</span>
    </div> <!-- top-banner-root -->
    <div class="navigator-root">
      <div class="navigator-suite-header">
        <span>All suites</span>
        <a href="#" title="Collapse/expand all the suites" class="collapse-all-link">
          <img src="collapseall.gif" class="collapse-all-icon">
          </img> <!-- collapse-all-icon -->
        </a> <!-- collapse-all-link -->
      </div> <!-- navigator-suite-header -->
      <div class="suite">
        <div class="rounded-window">
          <div class="suite-header light-rounded-window-top">
            <a href="#" panel-name="suite-Suite" class="navigator-link">
              <span class="suite-name border-failed">Suite</span>
            </a> <!-- navigator-link -->
          </div> <!-- suite-header light-rounded-window-top -->
          <div class="navigator-suite-content">
            <div class="suite-section-title">
              <span>Info</span>
            </div> <!-- suite-section-title -->
            <div class="suite-section-content">
              <ul>
                <li>
                  <a href="#" panel-name="test-xml-Suite" class="navigator-link ">
                    <span>C:\Users\naimn\DEV\IDE\eclipse\tutorialNinja\regressionTest.xml</span>
                  </a> <!-- navigator-link  -->
                </li>
                <li>
                  <a href="#" panel-name="testlist-Suite" class="navigator-link ">
                    <span class="test-stats">1 test</span>
                  </a> <!-- navigator-link  -->
                </li>
                <li>
                  <a href="#" panel-name="group-Suite" class="navigator-link ">
                    <span>3 groups</span>
                  </a> <!-- navigator-link  -->
                </li>
                <li>
                  <a href="#" panel-name="times-Suite" class="navigator-link ">
                    <span>Times</span>
                  </a> <!-- navigator-link  -->
                </li>
                <li>
                  <a href="#" panel-name="reporter-Suite" class="navigator-link ">
                    <span>Reporter output</span>
                  </a> <!-- navigator-link  -->
                </li>
                <li>
                  <a href="#" panel-name="ignored-methods-Suite" class="navigator-link ">
                    <span>Ignored methods</span>
                  </a> <!-- navigator-link  -->
                </li>
                <li>
                  <a href="#" panel-name="chronological-Suite" class="navigator-link ">
                    <span>Chronological view</span>
                  </a> <!-- navigator-link  -->
                </li>
              </ul>
            </div> <!-- suite-section-content -->
            <div class="result-section">
              <div class="suite-section-title">
                <span>Results</span>
              </div> <!-- suite-section-title -->
              <div class="suite-section-content">
                <ul>
                  <li>
                    <span class="method-stats">34 methods, 5 failed,  10 skipped,  19 passed</span>
                  </li>
                  <li>
                    <span class="method-list-title failed">Failed methods</span>
                    <span class="show-or-hide-methods failed">
                      <a href="#" panel-name="suite-Suite" class="hide-methods failed suite-Suite"> (hide)</a> <!-- hide-methods failed suite-Suite -->
                      <a href="#" panel-name="suite-Suite" class="show-methods failed suite-Suite"> (show)</a> <!-- show-methods failed suite-Suite -->
                    </span>
                    <div class="method-list-content failed suite-Suite">
                      <span>
                        <img src="failed.png" width="3%"/>
                        <a href="#" panel-name="suite-Suite" title="com.tutorialNinja.functionalTests.Draft" class="method navigator-link" hash-for-method="draftfail">draftfail</a> <!-- method navigator-link -->
                      </span>
                      <br/>
                      <span>
                        <img src="failed.png" width="3%"/>
                        <a href="#" panel-name="suite-Suite" title="com.tutorialNinja.functionalTests.Draft" class="method navigator-link" hash-for-method="loginPagefail">loginPagefail</a> <!-- method navigator-link -->
                      </span>
                      <br/>
                      <span>
                        <img src="failed.png" width="3%"/>
                        <a href="#" panel-name="suite-Suite" title="com.tutorialNinja.functionalTests.R1dot1_TS002_LoginFunctionality" class="method navigator-link" hash-for-method="r1dot1_TS002_TC002">r1dot1_TS002_TC002</a> <!-- method navigator-link -->
                      </span>
                      <br/>
                      <span>
                        <img src="failed.png" width="3%"/>
                        <a href="#" panel-name="suite-Suite" title="com.tutorialNinja.functionalTests.R1dot1_TS002_LoginFunctionality" class="method navigator-link" hash-for-method="r1dot1_TS002_TC003">r1dot1_TS002_TC003</a> <!-- method navigator-link -->
                      </span>
                      <br/>
                      <span>
                        <img src="failed.png" width="3%"/>
                        <a href="#" panel-name="suite-Suite" title="com.tutorialNinja.functionalTests.R1dot1_TS003_LogoutFunctionality" class="method navigator-link" hash-for-method="r1dot1_TS003_TC003">r1dot1_TS003_TC003</a> <!-- method navigator-link -->
                      </span>
                      <br/>
                    </div> <!-- method-list-content failed suite-Suite -->
                  </li>
                  <li>
                    <span class="method-list-title skipped">Retried methods</span>
                    <span class="show-or-hide-methods skipped">
                      <a href="#" panel-name="suite-Suite" class="hide-methods skipped suite-Suite"> (hide)</a> <!-- hide-methods skipped suite-Suite -->
                      <a href="#" panel-name="suite-Suite" class="show-methods skipped suite-Suite"> (show)</a> <!-- show-methods skipped suite-Suite -->
                    </span>
                    <div class="method-list-content skipped suite-Suite">
                      <span>
                        <img src="skipped.png" width="3%"/>
                        <a href="#" panel-name="suite-Suite" title="com.tutorialNinja.functionalTests.Draft" class="method navigator-link" hash-for-method="draftfail">draftfail</a> <!-- method navigator-link -->
                      </span>
                      <br/>
                      <span>
                        <img src="skipped.png" width="3%"/>
                        <a href="#" panel-name="suite-Suite" title="com.tutorialNinja.functionalTests.Draft" class="method navigator-link" hash-for-method="draftfail">draftfail</a> <!-- method navigator-link -->
                      </span>
                      <br/>
                      <span>
                        <img src="skipped.png" width="3%"/>
                        <a href="#" panel-name="suite-Suite" title="com.tutorialNinja.functionalTests.Draft" class="method navigator-link" hash-for-method="loginPagefail">loginPagefail</a> <!-- method navigator-link -->
                      </span>
                      <br/>
                      <span>
                        <img src="skipped.png" width="3%"/>
                        <a href="#" panel-name="suite-Suite" title="com.tutorialNinja.functionalTests.Draft" class="method navigator-link" hash-for-method="loginPagefail">loginPagefail</a> <!-- method navigator-link -->
                      </span>
                      <br/>
                      <span>
                        <img src="skipped.png" width="3%"/>
                        <a href="#" panel-name="suite-Suite" title="com.tutorialNinja.functionalTests.R1dot1_TS002_LoginFunctionality" class="method navigator-link" hash-for-method="r1dot1_TS002_TC002">r1dot1_TS002_TC002</a> <!-- method navigator-link -->
                      </span>
                      <br/>
                      <span>
                        <img src="skipped.png" width="3%"/>
                        <a href="#" panel-name="suite-Suite" title="com.tutorialNinja.functionalTests.R1dot1_TS002_LoginFunctionality" class="method navigator-link" hash-for-method="r1dot1_TS002_TC002">r1dot1_TS002_TC002</a> <!-- method navigator-link -->
                      </span>
                      <br/>
                      <span>
                        <img src="skipped.png" width="3%"/>
                        <a href="#" panel-name="suite-Suite" title="com.tutorialNinja.functionalTests.R1dot1_TS002_LoginFunctionality" class="method navigator-link" hash-for-method="r1dot1_TS002_TC003">r1dot1_TS002_TC003</a> <!-- method navigator-link -->
                      </span>
                      <br/>
                      <span>
                        <img src="skipped.png" width="3%"/>
                        <a href="#" panel-name="suite-Suite" title="com.tutorialNinja.functionalTests.R1dot1_TS002_LoginFunctionality" class="method navigator-link" hash-for-method="r1dot1_TS002_TC003">r1dot1_TS002_TC003</a> <!-- method navigator-link -->
                      </span>
                      <br/>
                      <span>
                        <img src="skipped.png" width="3%"/>
                        <a href="#" panel-name="suite-Suite" title="com.tutorialNinja.functionalTests.R1dot1_TS003_LogoutFunctionality" class="method navigator-link" hash-for-method="r1dot1_TS003_TC003">r1dot1_TS003_TC003</a> <!-- method navigator-link -->
                      </span>
                      <br/>
                      <span>
                        <img src="skipped.png" width="3%"/>
                        <a href="#" panel-name="suite-Suite" title="com.tutorialNinja.functionalTests.R1dot1_TS003_LogoutFunctionality" class="method navigator-link" hash-for-method="r1dot1_TS003_TC003">r1dot1_TS003_TC003</a> <!-- method navigator-link -->
                      </span>
                      <br/>
                    </div> <!-- method-list-content skipped suite-Suite -->
                  </li>
                  <li>
                    <span class="method-list-title passed">Passed methods</span>
                    <span class="show-or-hide-methods passed">
                      <a href="#" panel-name="suite-Suite" class="hide-methods passed suite-Suite"> (hide)</a> <!-- hide-methods passed suite-Suite -->
                      <a href="#" panel-name="suite-Suite" class="show-methods passed suite-Suite"> (show)</a> <!-- show-methods passed suite-Suite -->
                    </span>
                    <div class="method-list-content passed suite-Suite">
                      <span>
                        <img src="passed.png" width="3%"/>
                        <a href="#" panel-name="suite-Suite" title="com.tutorialNinja.functionalTests.R1dot2_TS005_ProductSearchFunctionality" class="method navigator-link" hash-for-method="R1dot2_TS005_TC024(iPhone)">R1dot2_TS005_TC024(iPhone)</a> <!-- method navigator-link -->
                      </span>
                      <br/>
                      <span>
                        <img src="passed.png" width="3%"/>
                        <a href="#" panel-name="suite-Suite" title="com.tutorialNinja.functionalTests.R1dot2_TS005_ProductSearchFunctionality" class="method navigator-link" hash-for-method="R1dot2_TS005_TC024(Apple Cinema 30&quot;)">R1dot2_TS005_TC024(Apple Cinema 30")</a> <!-- method navigator-link -->
                      </span>
                      <br/>
                      <span>
                        <img src="passed.png" width="3%"/>
                        <a href="#" panel-name="suite-Suite" title="com.tutorialNinja.functionalTests.R1dot2_TS005_ProductSearchFunctionality" class="method navigator-link" hash-for-method="R1dot2_TS005_TC024(MacBook)">R1dot2_TS005_TC024(MacBook)</a> <!-- method navigator-link -->
                      </span>
                      <br/>
                      <span>
                        <img src="passed.png" width="3%"/>
                        <a href="#" panel-name="suite-Suite" title="com.tutorialNinja.functionalTests.R1dot2_TS005_ProductSearchFunctionality" class="method navigator-link" hash-for-method="R1dot2_TS005_TC024(Canon EOS 5D)">R1dot2_TS005_TC024(Canon EOS 5D)</a> <!-- method navigator-link -->
                      </span>
                      <br/>
                      <span>
                        <img src="passed.png" width="3%"/>
                        <a href="#" panel-name="suite-Suite" title="com.tutorialNinja.functionalTests.R1dot3_TS012_CheckoutFunctionality" class="method navigator-link" hash-for-method="R1dot3_TS012_TC001">R1dot3_TS012_TC001</a> <!-- method navigator-link -->
                      </span>
                      <br/>
                      <span>
                        <img src="passed.png" width="3%"/>
                        <a href="#" panel-name="suite-Suite" title="com.tutorialNinja.functionalTests.R1dot1_TS001_RegisterFunctionality" class="method navigator-link" hash-for-method="r1dot1_TS001_TC001">r1dot1_TS001_TC001</a> <!-- method navigator-link -->
                      </span>
                      <br/>
                      <span>
                        <img src="passed.png" width="3%"/>
                        <a href="#" panel-name="suite-Suite" title="com.tutorialNinja.functionalTests.R1dot1_TS001_RegisterFunctionality" class="method navigator-link" hash-for-method="r1dot1_TS001_TC003">r1dot1_TS001_TC003</a> <!-- method navigator-link -->
                      </span>
                      <br/>
                      <span>
                        <img src="passed.png" width="3%"/>
                        <a href="#" panel-name="suite-Suite" title="com.tutorialNinja.functionalTests.R1dot1_TS001_RegisterFunctionality" class="method navigator-link" hash-for-method="r1dot1_TS001_TC004">r1dot1_TS001_TC004</a> <!-- method navigator-link -->
                      </span>
                      <br/>
                      <span>
                        <img src="passed.png" width="3%"/>
                        <a href="#" panel-name="suite-Suite" title="com.tutorialNinja.functionalTests.R1dot1_TS001_RegisterFunctionality" class="method navigator-link" hash-for-method="r1dot1_TS001_TC028">r1dot1_TS001_TC028</a> <!-- method navigator-link -->
                      </span>
                      <br/>
                      <span>
                        <img src="passed.png" width="3%"/>
                        <a href="#" panel-name="suite-Suite" title="com.tutorialNinja.functionalTests.R1dot1_TS002_LoginFunctionality" class="method navigator-link" hash-for-method="r1dot1_TS002_TC001">r1dot1_TS002_TC001</a> <!-- method navigator-link -->
                      </span>
                      <br/>
                      <span>
                        <img src="passed.png" width="3%"/>
                        <a href="#" panel-name="suite-Suite" title="com.tutorialNinja.functionalTests.R1dot1_TS003_LogoutFunctionality" class="method navigator-link" hash-for-method="r1dot1_TS003_TC001">r1dot1_TS003_TC001</a> <!-- method navigator-link -->
                      </span>
                      <br/>
                      <span>
                        <img src="passed.png" width="3%"/>
                        <a href="#" panel-name="suite-Suite" title="com.tutorialNinja.functionalTests.R1dot1_TS003_LogoutFunctionality" class="method navigator-link" hash-for-method="r1dot1_TS003_TC002">r1dot1_TS003_TC002</a> <!-- method navigator-link -->
                      </span>
                      <br/>
                      <span>
                        <img src="passed.png" width="3%"/>
                        <a href="#" panel-name="suite-Suite" title="com.tutorialNinja.functionalTests.R1dot1_TS004_ForgottenPasswordFunctionality" class="method navigator-link" hash-for-method="r1dot1_TS004_TC001">r1dot1_TS004_TC001</a> <!-- method navigator-link -->
                      </span>
                      <br/>
                      <span>
                        <img src="passed.png" width="3%"/>
                        <a href="#" panel-name="suite-Suite" title="com.tutorialNinja.functionalTests.R1dot1_TS004_ForgottenPasswordFunctionality" class="method navigator-link" hash-for-method="r1dot1_TS004_TC002">r1dot1_TS004_TC002</a> <!-- method navigator-link -->
                      </span>
                      <br/>
                      <span>
                        <img src="passed.png" width="3%"/>
                        <a href="#" panel-name="suite-Suite" title="com.tutorialNinja.functionalTests.R1dot2_TS005_ProductSearchFunctionality" class="method navigator-link" hash-for-method="r1dot2_TS005_TC001">r1dot2_TS005_TC001</a> <!-- method navigator-link -->
                      </span>
                      <br/>
                      <span>
                        <img src="passed.png" width="3%"/>
                        <a href="#" panel-name="suite-Suite" title="com.tutorialNinja.functionalTests.R1dot2_TS006_ProductCompareFunctionality" class="method navigator-link" hash-for-method="r1dot2_TS006_TC001">r1dot2_TS006_TC001</a> <!-- method navigator-link -->
                      </span>
                      <br/>
                      <span>
                        <img src="passed.png" width="3%"/>
                        <a href="#" panel-name="suite-Suite" title="com.tutorialNinja.functionalTests.Draft" class="method navigator-link" hash-for-method="readExcelDraft">readExcelDraft</a> <!-- method navigator-link -->
                      </span>
                      <br/>
                      <span>
                        <img src="passed.png" width="3%"/>
                        <a href="#" panel-name="suite-Suite" title="com.tutorialNinja.functionalTests.Draft" class="method navigator-link" hash-for-method="testHomePageNav">testHomePageNav</a> <!-- method navigator-link -->
                      </span>
                      <br/>
                      <span>
                        <img src="passed.png" width="3%"/>
                        <a href="#" panel-name="suite-Suite" title="com.tutorialNinja.functionalTests.Draft" class="method navigator-link" hash-for-method="testHomepageFeaturedProduct">testHomepageFeaturedProduct</a> <!-- method navigator-link -->
                      </span>
                      <br/>
                    </div> <!-- method-list-content passed suite-Suite -->
                  </li>
                </ul>
              </div> <!-- suite-section-content -->
            </div> <!-- result-section -->
          </div> <!-- navigator-suite-content -->
        </div> <!-- rounded-window -->
      </div> <!-- suite -->
    </div> <!-- navigator-root -->
    <div class="wrapper">
      <div class="main-panel-root">
        <div panel-name="suite-Suite" class="panel Suite">
          <div class="suite-Suite-class-failed">
            <div class="main-panel-header rounded-window-top">
              <img src="failed.png"/>
              <span class="class-name">com.tutorialNinja.functionalTests.R1dot1_TS002_LoginFunctionality</span>
            </div> <!-- main-panel-header rounded-window-top -->
            <div class="main-panel-content rounded-window-bottom">
              <div class="method">
                <div class="method-content">
                  <a name="r1dot1_TS002_TC002">
                  </a> <!-- r1dot1_TS002_TC002 -->
                  <span class="method-name">r1dot1_TS002_TC002</span>
                  <div class="stack-trace">java.lang.AssertionError: expected [true] but found [false]
	at com.tutorialNinja.functionalTests.R1dot1_TS002_LoginFunctionality.r1dot1_TS002_TC002(R1dot1_TS002_LoginFunctionality.java:43)
	at java.base/java.util.concurrent.ThreadPoolExecutor.runWorker(ThreadPoolExecutor.java:1136)
	at java.base/java.util.concurrent.ThreadPoolExecutor$Worker.run(ThreadPoolExecutor.java:635)
	at java.base/java.lang.Thread.run(Thread.java:833)
... Removed 16 stack frames
</div> <!-- stack-trace -->
                  <em>
(R1.1_TS002_TC002 Verify logging into the Application using invalid credentials (i.e. Invalid email address and Invalid Password))                  </em>
                </div> <!-- method-content -->
              </div> <!-- method -->
              <div class="method">
                <div class="method-content">
                  <a name="r1dot1_TS002_TC003">
                  </a> <!-- r1dot1_TS002_TC003 -->
                  <span class="method-name">r1dot1_TS002_TC003</span>
                  <div class="stack-trace">java.lang.AssertionError: expected [true] but found [false]
	at com.tutorialNinja.functionalTests.R1dot1_TS002_LoginFunctionality.r1dot1_TS002_TC003(R1dot1_TS002_LoginFunctionality.java:58)
	at java.base/java.util.concurrent.ThreadPoolExecutor.runWorker(ThreadPoolExecutor.java:1136)
	at java.base/java.util.concurrent.ThreadPoolExecutor$Worker.run(ThreadPoolExecutor.java:635)
	at java.base/java.lang.Thread.run(Thread.java:833)
... Removed 16 stack frames
</div> <!-- stack-trace -->
                  <em>
(R1.1_TS002_TC003 Verify logging into the Application using invalid email address and valid Password)                  </em>
                </div> <!-- method-content -->
              </div> <!-- method -->
            </div> <!-- main-panel-content rounded-window-bottom -->
          </div> <!-- suite-Suite-class-failed -->
          <div class="suite-Suite-class-failed">
            <div class="main-panel-header rounded-window-top">
              <img src="failed.png"/>
              <span class="class-name">com.tutorialNinja.functionalTests.R1dot1_TS003_LogoutFunctionality</span>
            </div> <!-- main-panel-header rounded-window-top -->
            <div class="main-panel-content rounded-window-bottom">
              <div class="method">
                <div class="method-content">
                  <a name="r1dot1_TS003_TC003">
                  </a> <!-- r1dot1_TS003_TC003 -->
                  <span class="method-name">r1dot1_TS003_TC003</span>
                  <div class="stack-trace">org.openqa.selenium.NoSuchElementException: no such element: Unable to locate element: {&quot;method&quot;:&quot;xpath&quot;,&quot;selector&quot;:&quot;//ul[@class=&apos;dropdown-menu dropdown-menu-right&apos;]//a[text()=&apos;My Account&apos;]&quot;}
  (Session info: chrome=117.0.5938.132)
For documentation on this error, please visit: https://www.selenium.dev/documentation/webdriver/troubleshooting/errors#no-such-element-exception
Build info: version: &apos;4.12.1&apos;, revision: &apos;8e34639b11&apos;
System info: os.name: &apos;Windows 11&apos;, os.arch: &apos;amd64&apos;, os.version: &apos;10.0&apos;, java.version: &apos;17.0.7&apos;
Driver info: org.openqa.selenium.chrome.ChromeDriver
Command: [7ea78bbf43096dffb725f170ec52396c, findElement {using=xpath, value=//ul[@class=&apos;dropdown-menu dropdown-menu-right&apos;]//a[text()=&apos;My Account&apos;]}]
Capabilities {acceptInsecureCerts: false, browserName: chrome, browserVersion: 117.0.5938.132, chrome: {chromedriverVersion: 117.0.5938.149 (e3344ddefa1..., userDataDir: C:\Users\naimn\AppData\Loca...}, fedcm:accounts: true, goog:chromeOptions: {debuggerAddress: localhost:51736}, networkConnectionEnabled: false, pageLoadStrategy: normal, platformName: windows, proxy: Proxy(), se:cdp: ws://localhost:51736/devtoo..., se:cdpVersion: 117.0.5938.132, setWindowRect: true, strictFileInteractability: false, timeouts: {implicit: 0, pageLoad: 300000, script: 30000}, unhandledPromptBehavior: dismiss and notify, webauthn:extension:credBlob: true, webauthn:extension:largeBlob: true, webauthn:extension:minPinLength: true, webauthn:extension:prf: true, webauthn:virtualAuthenticators: true}
Session ID: 7ea78bbf43096dffb725f170ec52396c
	at org.openqa.selenium.remote.codec.w3c.W3CHttpResponseCodec.createException(W3CHttpResponseCodec.java:200)
	at org.openqa.selenium.remote.codec.w3c.W3CHttpResponseCodec.decode(W3CHttpResponseCodec.java:133)
	at org.openqa.selenium.remote.codec.w3c.W3CHttpResponseCodec.decode(W3CHttpResponseCodec.java:52)
	at org.openqa.selenium.remote.HttpCommandExecutor.execute(HttpCommandExecutor.java:191)
	at org.openqa.selenium.remote.service.DriverCommandExecutor.invokeExecute(DriverCommandExecutor.java:196)
	at org.openqa.selenium.remote.service.DriverCommandExecutor.execute(DriverCommandExecutor.java:171)
	at org.openqa.selenium.remote.RemoteWebDriver.execute(RemoteWebDriver.java:602)
	at org.openqa.selenium.remote.ElementLocation$ElementFinder$2.findElement(ElementLocation.java:165)
	at org.openqa.selenium.remote.ElementLocation.findElement(ElementLocation.java:59)
	at org.openqa.selenium.remote.RemoteWebDriver.findElement(RemoteWebDriver.java:359)
	at org.openqa.selenium.remote.RemoteWebDriver.findElement(RemoteWebDriver.java:353)
	at org.openqa.selenium.support.pagefactory.DefaultElementLocator.findElement(DefaultElementLocator.java:68)
	at org.openqa.selenium.support.pagefactory.internal.LocatingElementHandler.invoke(LocatingElementHandler.java:38)
	at jdk.proxy2/jdk.proxy2.$Proxy17.click(Unknown Source)
	at com.tutorialNinja.pageObjectFactory.CommonElements.click_MyAccount(CommonElements.java:84)
	at com.tutorialNinja.functionalTests.R1dot1_TS003_LogoutFunctionality.r1dot1_TS003_TC003(R1dot1_TS003_LogoutFunctionality.java:60)
	at java.base/java.util.concurrent.ThreadPoolExecutor.runWorker(ThreadPoolExecutor.java:1136)
	at java.base/java.util.concurrent.ThreadPoolExecutor$Worker.run(ThreadPoolExecutor.java:635)
	at java.base/java.lang.Thread.run(Thread.java:833)
... Removed 17 stack frames
</div> <!-- stack-trace -->
                  <em>
(R1.1_TS003_TC003 Verify the Application session status, after logging and closing the Browser without logging out)                  </em>
                </div> <!-- method-content -->
              </div> <!-- method -->
            </div> <!-- main-panel-content rounded-window-bottom -->
          </div> <!-- suite-Suite-class-failed -->
          <div class="suite-Suite-class-failed">
            <div class="main-panel-header rounded-window-top">
              <img src="failed.png"/>
              <span class="class-name">com.tutorialNinja.functionalTests.Draft</span>
            </div> <!-- main-panel-header rounded-window-top -->
            <div class="main-panel-content rounded-window-bottom">
              <div class="method">
                <div class="method-content">
                  <a name="draftfail">
                  </a> <!-- draftfail -->
                  <span class="method-name">draftfail</span>
                  <div class="stack-trace">java.lang.AssertionError: expected [true] but found [false]
	at com.tutorialNinja.functionalTests.Draft.draftfail(Draft.java:24)
	at java.base/java.util.concurrent.ThreadPoolExecutor.runWorker(ThreadPoolExecutor.java:1136)
	at java.base/java.util.concurrent.ThreadPoolExecutor$Worker.run(ThreadPoolExecutor.java:635)
	at java.base/java.lang.Thread.run(Thread.java:833)
... Removed 19 stack frames
</div> <!-- stack-trace -->
                  <em>
(negetive test case draftfail)                  </em>
                </div> <!-- method-content -->
              </div> <!-- method -->
              <div class="method">
                <div class="method-content">
                  <a name="loginPagefail">
                  </a> <!-- loginPagefail -->
                  <span class="method-name">loginPagefail</span>
                  <div class="stack-trace">java.lang.AssertionError: expected [Customer] but found [Account Login]
	at com.tutorialNinja.functionalTests.Draft.loginPagefail(Draft.java:33)
	at java.base/java.util.concurrent.ThreadPoolExecutor.runWorker(ThreadPoolExecutor.java:1136)
	at java.base/java.util.concurrent.ThreadPoolExecutor$Worker.run(ThreadPoolExecutor.java:635)
	at java.base/java.lang.Thread.run(Thread.java:833)
... Removed 18 stack frames
</div> <!-- stack-trace -->
                  <em>
(negetive test case loginPagefail)                  </em>
                </div> <!-- method-content -->
              </div> <!-- method -->
            </div> <!-- main-panel-content rounded-window-bottom -->
          </div> <!-- suite-Suite-class-failed -->
          <div class="suite-Suite-class-skipped">
            <div class="main-panel-header rounded-window-top">
              <img src="skipped.png"/>
              <span class="class-name">com.tutorialNinja.functionalTests.R1dot1_TS002_LoginFunctionality</span>
            </div> <!-- main-panel-header rounded-window-top -->
            <div class="main-panel-content rounded-window-bottom">
              <div class="method">
                <div class="method-content">
                  <a name="r1dot1_TS002_TC002">
                  </a> <!-- r1dot1_TS002_TC002 -->
                  <span class="method-name">r1dot1_TS002_TC002</span>
                  <div class="stack-trace">java.lang.AssertionError: expected [true] but found [false]
	at com.tutorialNinja.functionalTests.R1dot1_TS002_LoginFunctionality.r1dot1_TS002_TC002(R1dot1_TS002_LoginFunctionality.java:43)
	at java.base/java.util.concurrent.ThreadPoolExecutor.runWorker(ThreadPoolExecutor.java:1136)
	at java.base/java.util.concurrent.ThreadPoolExecutor$Worker.run(ThreadPoolExecutor.java:635)
	at java.base/java.lang.Thread.run(Thread.java:833)
... Removed 16 stack frames
</div> <!-- stack-trace -->
                  <em>
(R1.1_TS002_TC002 Verify logging into the Application using invalid credentials (i.e. Invalid email address and Invalid Password))                  </em>
                </div> <!-- method-content -->
              </div> <!-- method -->
              <div class="method">
                <div class="method-content">
                  <a name="r1dot1_TS002_TC002">
                  </a> <!-- r1dot1_TS002_TC002 -->
                  <span class="method-name">r1dot1_TS002_TC002</span>
                  <div class="stack-trace">java.lang.AssertionError: expected [true] but found [false]
	at com.tutorialNinja.functionalTests.R1dot1_TS002_LoginFunctionality.r1dot1_TS002_TC002(R1dot1_TS002_LoginFunctionality.java:43)
	at java.base/java.util.concurrent.ThreadPoolExecutor.runWorker(ThreadPoolExecutor.java:1136)
	at java.base/java.util.concurrent.ThreadPoolExecutor$Worker.run(ThreadPoolExecutor.java:635)
	at java.base/java.lang.Thread.run(Thread.java:833)
... Removed 16 stack frames
</div> <!-- stack-trace -->
                  <em>
(R1.1_TS002_TC002 Verify logging into the Application using invalid credentials (i.e. Invalid email address and Invalid Password))                  </em>
                </div> <!-- method-content -->
              </div> <!-- method -->
              <div class="method">
                <div class="method-content">
                  <a name="r1dot1_TS002_TC003">
                  </a> <!-- r1dot1_TS002_TC003 -->
                  <span class="method-name">r1dot1_TS002_TC003</span>
                  <div class="stack-trace">java.lang.AssertionError: expected [true] but found [false]
	at com.tutorialNinja.functionalTests.R1dot1_TS002_LoginFunctionality.r1dot1_TS002_TC003(R1dot1_TS002_LoginFunctionality.java:58)
	at java.base/java.util.concurrent.ThreadPoolExecutor.runWorker(ThreadPoolExecutor.java:1136)
	at java.base/java.util.concurrent.ThreadPoolExecutor$Worker.run(ThreadPoolExecutor.java:635)
	at java.base/java.lang.Thread.run(Thread.java:833)
... Removed 16 stack frames
</div> <!-- stack-trace -->
                  <em>
(R1.1_TS002_TC003 Verify logging into the Application using invalid email address and valid Password)                  </em>
                </div> <!-- method-content -->
              </div> <!-- method -->
              <div class="method">
                <div class="method-content">
                  <a name="r1dot1_TS002_TC003">
                  </a> <!-- r1dot1_TS002_TC003 -->
                  <span class="method-name">r1dot1_TS002_TC003</span>
                  <div class="stack-trace">java.lang.AssertionError: expected [true] but found [false]
	at com.tutorialNinja.functionalTests.R1dot1_TS002_LoginFunctionality.r1dot1_TS002_TC003(R1dot1_TS002_LoginFunctionality.java:58)
	at java.base/java.util.concurrent.ThreadPoolExecutor.runWorker(ThreadPoolExecutor.java:1136)
	at java.base/java.util.concurrent.ThreadPoolExecutor$Worker.run(ThreadPoolExecutor.java:635)
	at java.base/java.lang.Thread.run(Thread.java:833)
... Removed 16 stack frames
</div> <!-- stack-trace -->
                  <em>
(R1.1_TS002_TC003 Verify logging into the Application using invalid email address and valid Password)                  </em>
                </div> <!-- method-content -->
              </div> <!-- method -->
            </div> <!-- main-panel-content rounded-window-bottom -->
          </div> <!-- suite-Suite-class-skipped -->
          <div class="suite-Suite-class-skipped">
            <div class="main-panel-header rounded-window-top">
              <img src="skipped.png"/>
              <span class="class-name">com.tutorialNinja.functionalTests.R1dot1_TS003_LogoutFunctionality</span>
            </div> <!-- main-panel-header rounded-window-top -->
            <div class="main-panel-content rounded-window-bottom">
              <div class="method">
                <div class="method-content">
                  <a name="r1dot1_TS003_TC003">
                  </a> <!-- r1dot1_TS003_TC003 -->
                  <span class="method-name">r1dot1_TS003_TC003</span>
                  <div class="stack-trace">org.openqa.selenium.NoSuchElementException: no such element: Unable to locate element: {&quot;method&quot;:&quot;xpath&quot;,&quot;selector&quot;:&quot;//ul[@class=&apos;dropdown-menu dropdown-menu-right&apos;]//a[text()=&apos;My Account&apos;]&quot;}
  (Session info: chrome=117.0.5938.132)
For documentation on this error, please visit: https://www.selenium.dev/documentation/webdriver/troubleshooting/errors#no-such-element-exception
Build info: version: &apos;4.12.1&apos;, revision: &apos;8e34639b11&apos;
System info: os.name: &apos;Windows 11&apos;, os.arch: &apos;amd64&apos;, os.version: &apos;10.0&apos;, java.version: &apos;17.0.7&apos;
Driver info: org.openqa.selenium.chrome.ChromeDriver
Command: [86ed432d4e349ff9a844e111b337041f, findElement {using=xpath, value=//ul[@class=&apos;dropdown-menu dropdown-menu-right&apos;]//a[text()=&apos;My Account&apos;]}]
Capabilities {acceptInsecureCerts: false, browserName: chrome, browserVersion: 117.0.5938.132, chrome: {chromedriverVersion: 117.0.5938.149 (e3344ddefa1..., userDataDir: C:\Users\naimn\AppData\Loca...}, fedcm:accounts: true, goog:chromeOptions: {debuggerAddress: localhost:51470}, networkConnectionEnabled: false, pageLoadStrategy: normal, platformName: windows, proxy: Proxy(), se:cdp: ws://localhost:51470/devtoo..., se:cdpVersion: 117.0.5938.132, setWindowRect: true, strictFileInteractability: false, timeouts: {implicit: 0, pageLoad: 300000, script: 30000}, unhandledPromptBehavior: dismiss and notify, webauthn:extension:credBlob: true, webauthn:extension:largeBlob: true, webauthn:extension:minPinLength: true, webauthn:extension:prf: true, webauthn:virtualAuthenticators: true}
Session ID: 86ed432d4e349ff9a844e111b337041f
	at org.openqa.selenium.remote.codec.w3c.W3CHttpResponseCodec.createException(W3CHttpResponseCodec.java:200)
	at org.openqa.selenium.remote.codec.w3c.W3CHttpResponseCodec.decode(W3CHttpResponseCodec.java:133)
	at org.openqa.selenium.remote.codec.w3c.W3CHttpResponseCodec.decode(W3CHttpResponseCodec.java:52)
	at org.openqa.selenium.remote.HttpCommandExecutor.execute(HttpCommandExecutor.java:191)
	at org.openqa.selenium.remote.service.DriverCommandExecutor.invokeExecute(DriverCommandExecutor.java:196)
	at org.openqa.selenium.remote.service.DriverCommandExecutor.execute(DriverCommandExecutor.java:171)
	at org.openqa.selenium.remote.RemoteWebDriver.execute(RemoteWebDriver.java:602)
	at org.openqa.selenium.remote.ElementLocation$ElementFinder$2.findElement(ElementLocation.java:165)
	at org.openqa.selenium.remote.ElementLocation.findElement(ElementLocation.java:59)
	at org.openqa.selenium.remote.RemoteWebDriver.findElement(RemoteWebDriver.java:359)
	at org.openqa.selenium.remote.RemoteWebDriver.findElement(RemoteWebDriver.java:353)
	at org.openqa.selenium.support.pagefactory.DefaultElementLocator.findElement(DefaultElementLocator.java:68)
	at org.openqa.selenium.support.pagefactory.internal.LocatingElementHandler.invoke(LocatingElementHandler.java:38)
	at jdk.proxy2/jdk.proxy2.$Proxy17.click(Unknown Source)
	at com.tutorialNinja.pageObjectFactory.CommonElements.click_MyAccount(CommonElements.java:84)
	at com.tutorialNinja.functionalTests.R1dot1_TS003_LogoutFunctionality.r1dot1_TS003_TC003(R1dot1_TS003_LogoutFunctionality.java:60)
	at java.base/java.util.concurrent.ThreadPoolExecutor.runWorker(ThreadPoolExecutor.java:1136)
	at java.base/java.util.concurrent.ThreadPoolExecutor$Worker.run(ThreadPoolExecutor.java:635)
	at java.base/java.lang.Thread.run(Thread.java:833)
... Removed 17 stack frames
</div> <!-- stack-trace -->
                  <em>
(R1.1_TS003_TC003 Verify the Application session status, after logging and closing the Browser without logging out)                  </em>
                </div> <!-- method-content -->
              </div> <!-- method -->
              <div class="method">
                <div class="method-content">
                  <a name="r1dot1_TS003_TC003">
                  </a> <!-- r1dot1_TS003_TC003 -->
                  <span class="method-name">r1dot1_TS003_TC003</span>
                  <div class="stack-trace">org.openqa.selenium.NoSuchElementException: no such element: Unable to locate element: {&quot;method&quot;:&quot;xpath&quot;,&quot;selector&quot;:&quot;//ul[@class=&apos;dropdown-menu dropdown-menu-right&apos;]//a[text()=&apos;My Account&apos;]&quot;}
  (Session info: chrome=117.0.5938.132)
For documentation on this error, please visit: https://www.selenium.dev/documentation/webdriver/troubleshooting/errors#no-such-element-exception
Build info: version: &apos;4.12.1&apos;, revision: &apos;8e34639b11&apos;
System info: os.name: &apos;Windows 11&apos;, os.arch: &apos;amd64&apos;, os.version: &apos;10.0&apos;, java.version: &apos;17.0.7&apos;
Driver info: org.openqa.selenium.chrome.ChromeDriver
Command: [35137720100261b55256e724f23929eb, findElement {using=xpath, value=//ul[@class=&apos;dropdown-menu dropdown-menu-right&apos;]//a[text()=&apos;My Account&apos;]}]
Capabilities {acceptInsecureCerts: false, browserName: chrome, browserVersion: 117.0.5938.132, chrome: {chromedriverVersion: 117.0.5938.149 (e3344ddefa1..., userDataDir: C:\Users\naimn\AppData\Loca...}, fedcm:accounts: true, goog:chromeOptions: {debuggerAddress: localhost:51668}, networkConnectionEnabled: false, pageLoadStrategy: normal, platformName: windows, proxy: Proxy(), se:cdp: ws://localhost:51668/devtoo..., se:cdpVersion: 117.0.5938.132, setWindowRect: true, strictFileInteractability: false, timeouts: {implicit: 0, pageLoad: 300000, script: 30000}, unhandledPromptBehavior: dismiss and notify, webauthn:extension:credBlob: true, webauthn:extension:largeBlob: true, webauthn:extension:minPinLength: true, webauthn:extension:prf: true, webauthn:virtualAuthenticators: true}
Session ID: 35137720100261b55256e724f23929eb
	at org.openqa.selenium.remote.codec.w3c.W3CHttpResponseCodec.createException(W3CHttpResponseCodec.java:200)
	at org.openqa.selenium.remote.codec.w3c.W3CHttpResponseCodec.decode(W3CHttpResponseCodec.java:133)
	at org.openqa.selenium.remote.codec.w3c.W3CHttpResponseCodec.decode(W3CHttpResponseCodec.java:52)
	at org.openqa.selenium.remote.HttpCommandExecutor.execute(HttpCommandExecutor.java:191)
	at org.openqa.selenium.remote.service.DriverCommandExecutor.invokeExecute(DriverCommandExecutor.java:196)
	at org.openqa.selenium.remote.service.DriverCommandExecutor.execute(DriverCommandExecutor.java:171)
	at org.openqa.selenium.remote.RemoteWebDriver.execute(RemoteWebDriver.java:602)
	at org.openqa.selenium.remote.ElementLocation$ElementFinder$2.findElement(ElementLocation.java:165)
	at org.openqa.selenium.remote.ElementLocation.findElement(ElementLocation.java:59)
	at org.openqa.selenium.remote.RemoteWebDriver.findElement(RemoteWebDriver.java:359)
	at org.openqa.selenium.remote.RemoteWebDriver.findElement(RemoteWebDriver.java:353)
	at org.openqa.selenium.support.pagefactory.DefaultElementLocator.findElement(DefaultElementLocator.java:68)
	at org.openqa.selenium.support.pagefactory.internal.LocatingElementHandler.invoke(LocatingElementHandler.java:38)
	at jdk.proxy2/jdk.proxy2.$Proxy17.click(Unknown Source)
	at com.tutorialNinja.pageObjectFactory.CommonElements.click_MyAccount(CommonElements.java:84)
	at com.tutorialNinja.functionalTests.R1dot1_TS003_LogoutFunctionality.r1dot1_TS003_TC003(R1dot1_TS003_LogoutFunctionality.java:60)
	at java.base/java.util.concurrent.ThreadPoolExecutor.runWorker(ThreadPoolExecutor.java:1136)
	at java.base/java.util.concurrent.ThreadPoolExecutor$Worker.run(ThreadPoolExecutor.java:635)
	at java.base/java.lang.Thread.run(Thread.java:833)
... Removed 17 stack frames
</div> <!-- stack-trace -->
                  <em>
(R1.1_TS003_TC003 Verify the Application session status, after logging and closing the Browser without logging out)                  </em>
                </div> <!-- method-content -->
              </div> <!-- method -->
            </div> <!-- main-panel-content rounded-window-bottom -->
          </div> <!-- suite-Suite-class-skipped -->
          <div class="suite-Suite-class-skipped">
            <div class="main-panel-header rounded-window-top">
              <img src="skipped.png"/>
              <span class="class-name">com.tutorialNinja.functionalTests.Draft</span>
            </div> <!-- main-panel-header rounded-window-top -->
            <div class="main-panel-content rounded-window-bottom">
              <div class="method">
                <div class="method-content">
                  <a name="draftfail">
                  </a> <!-- draftfail -->
                  <span class="method-name">draftfail</span>
                  <div class="stack-trace">java.lang.AssertionError: expected [true] but found [false]
	at com.tutorialNinja.functionalTests.Draft.draftfail(Draft.java:24)
	at java.base/java.util.concurrent.ThreadPoolExecutor.runWorker(ThreadPoolExecutor.java:1136)
	at java.base/java.util.concurrent.ThreadPoolExecutor$Worker.run(ThreadPoolExecutor.java:635)
	at java.base/java.lang.Thread.run(Thread.java:833)
... Removed 19 stack frames
</div> <!-- stack-trace -->
                  <em>
(negetive test case draftfail)                  </em>
                </div> <!-- method-content -->
              </div> <!-- method -->
              <div class="method">
                <div class="method-content">
                  <a name="draftfail">
                  </a> <!-- draftfail -->
                  <span class="method-name">draftfail</span>
                  <div class="stack-trace">java.lang.AssertionError: expected [true] but found [false]
	at com.tutorialNinja.functionalTests.Draft.draftfail(Draft.java:24)
	at java.base/java.util.concurrent.ThreadPoolExecutor.runWorker(ThreadPoolExecutor.java:1136)
	at java.base/java.util.concurrent.ThreadPoolExecutor$Worker.run(ThreadPoolExecutor.java:635)
	at java.base/java.lang.Thread.run(Thread.java:833)
... Removed 19 stack frames
</div> <!-- stack-trace -->
                  <em>
(negetive test case draftfail)                  </em>
                </div> <!-- method-content -->
              </div> <!-- method -->
              <div class="method">
                <div class="method-content">
                  <a name="loginPagefail">
                  </a> <!-- loginPagefail -->
                  <span class="method-name">loginPagefail</span>
                  <div class="stack-trace">java.lang.AssertionError: expected [Customer] but found [Account Login]
	at com.tutorialNinja.functionalTests.Draft.loginPagefail(Draft.java:33)
	at java.base/java.util.concurrent.ThreadPoolExecutor.runWorker(ThreadPoolExecutor.java:1136)
	at java.base/java.util.concurrent.ThreadPoolExecutor$Worker.run(ThreadPoolExecutor.java:635)
	at java.base/java.lang.Thread.run(Thread.java:833)
... Removed 18 stack frames
</div> <!-- stack-trace -->
                  <em>
(negetive test case loginPagefail)                  </em>
                </div> <!-- method-content -->
              </div> <!-- method -->
              <div class="method">
                <div class="method-content">
                  <a name="loginPagefail">
                  </a> <!-- loginPagefail -->
                  <span class="method-name">loginPagefail</span>
                  <div class="stack-trace">java.lang.AssertionError: expected [Customer] but found [Account Login]
	at com.tutorialNinja.functionalTests.Draft.loginPagefail(Draft.java:33)
	at java.base/java.util.concurrent.ThreadPoolExecutor.runWorker(ThreadPoolExecutor.java:1136)
	at java.base/java.util.concurrent.ThreadPoolExecutor$Worker.run(ThreadPoolExecutor.java:635)
	at java.base/java.lang.Thread.run(Thread.java:833)
... Removed 18 stack frames
</div> <!-- stack-trace -->
                  <em>
(negetive test case loginPagefail)                  </em>
                </div> <!-- method-content -->
              </div> <!-- method -->
            </div> <!-- main-panel-content rounded-window-bottom -->
          </div> <!-- suite-Suite-class-skipped -->
          <div class="suite-Suite-class-passed">
            <div class="main-panel-header rounded-window-top">
              <img src="passed.png"/>
              <span class="class-name">com.tutorialNinja.functionalTests.R1dot1_TS004_ForgottenPasswordFunctionality</span>
            </div> <!-- main-panel-header rounded-window-top -->
            <div class="main-panel-content rounded-window-bottom">
              <div class="method">
                <div class="method-content">
                  <a name="r1dot1_TS004_TC001">
                  </a> <!-- r1dot1_TS004_TC001 -->
                  <span class="method-name">r1dot1_TS004_TC001</span>
                  <em>
(R1.1_TS004_TC001 as a Registered user I should be able to reset my password by using "Forgotten Password" link in "Returning Customer" Login box)                  </em>
                </div> <!-- method-content -->
              </div> <!-- method -->
              <div class="method">
                <div class="method-content">
                  <a name="r1dot1_TS004_TC002">
                  </a> <!-- r1dot1_TS004_TC002 -->
                  <span class="method-name">r1dot1_TS004_TC002</span>
                  <em>
(R1.1_TS004_TC002 as a Registered user I should be able to reset my password by using "Forgotten Password" link in right column)                  </em>
                </div> <!-- method-content -->
              </div> <!-- method -->
            </div> <!-- main-panel-content rounded-window-bottom -->
          </div> <!-- suite-Suite-class-passed -->
          <div class="suite-Suite-class-passed">
            <div class="main-panel-header rounded-window-top">
              <img src="passed.png"/>
              <span class="class-name">com.tutorialNinja.functionalTests.R1dot1_TS002_LoginFunctionality</span>
            </div> <!-- main-panel-header rounded-window-top -->
            <div class="main-panel-content rounded-window-bottom">
              <div class="method">
                <div class="method-content">
                  <a name="r1dot1_TS002_TC001">
                  </a> <!-- r1dot1_TS002_TC001 -->
                  <span class="method-name">r1dot1_TS002_TC001</span>
                  <em>
(R1.1_TS002_TC001 Verify logging into the Application using valid credentials)                  </em>
                </div> <!-- method-content -->
              </div> <!-- method -->
            </div> <!-- main-panel-content rounded-window-bottom -->
          </div> <!-- suite-Suite-class-passed -->
          <div class="suite-Suite-class-passed">
            <div class="main-panel-header rounded-window-top">
              <img src="passed.png"/>
              <span class="class-name">com.tutorialNinja.functionalTests.R1dot3_TS012_CheckoutFunctionality</span>
            </div> <!-- main-panel-header rounded-window-top -->
            <div class="main-panel-content rounded-window-bottom">
              <div class="method">
                <div class="method-content">
                  <a name="R1dot3_TS012_TC001">
                  </a> <!-- R1dot3_TS012_TC001 -->
                  <span class="method-name">R1dot3_TS012_TC001</span>
                  <em>
(R1.3_TS012_TC001 As a user I shouldn't be able to  navigate to Checkout page when there is no product in the Shopping Cart)                  </em>
                </div> <!-- method-content -->
              </div> <!-- method -->
            </div> <!-- main-panel-content rounded-window-bottom -->
          </div> <!-- suite-Suite-class-passed -->
          <div class="suite-Suite-class-passed">
            <div class="main-panel-header rounded-window-top">
              <img src="passed.png"/>
              <span class="class-name">com.tutorialNinja.functionalTests.R1dot1_TS003_LogoutFunctionality</span>
            </div> <!-- main-panel-header rounded-window-top -->
            <div class="main-panel-content rounded-window-bottom">
              <div class="method">
                <div class="method-content">
                  <a name="r1dot1_TS003_TC001">
                  </a> <!-- r1dot1_TS003_TC001 -->
                  <span class="method-name">r1dot1_TS003_TC001</span>
                  <em>
(R1.1_TS003_TC001 Verify Logging out by selecting Logout option from 'My Account' drop menu)                  </em>
                </div> <!-- method-content -->
              </div> <!-- method -->
              <div class="method">
                <div class="method-content">
                  <a name="r1dot1_TS003_TC002">
                  </a> <!-- r1dot1_TS003_TC002 -->
                  <span class="method-name">r1dot1_TS003_TC002</span>
                  <em>
(R1.1_TS003_TC002 Verify Logging out by selecting Logout option from 'Right Column' options)                  </em>
                </div> <!-- method-content -->
              </div> <!-- method -->
            </div> <!-- main-panel-content rounded-window-bottom -->
          </div> <!-- suite-Suite-class-passed -->
          <div class="suite-Suite-class-passed">
            <div class="main-panel-header rounded-window-top">
              <img src="passed.png"/>
              <span class="class-name">com.tutorialNinja.functionalTests.R1dot2_TS005_ProductSearchFunctionality</span>
            </div> <!-- main-panel-header rounded-window-top -->
            <div class="main-panel-content rounded-window-bottom">
              <div class="method">
                <div class="method-content">
                  <a name="R1dot2_TS005_TC024(iPhone)">
                  </a> <!-- R1dot2_TS005_TC024(iPhone) -->
                  <span class="method-name">R1dot2_TS005_TC024</span>
                  <span class="parameters">(iPhone)</span>
                  <em>
(R1.2_TS005_TC024 Verify user can select a product from featured product list from HomePage)                  </em>
                </div> <!-- method-content -->
              </div> <!-- method -->
              <div class="method">
                <div class="method-content">
                  <a name="R1dot2_TS005_TC024(Apple Cinema 30&quot;)">
                  </a> <!-- R1dot2_TS005_TC024(Apple Cinema 30") -->
                  <span class="method-name">R1dot2_TS005_TC024</span>
                  <span class="parameters">(Apple Cinema 30")</span>
                  <em>
(R1.2_TS005_TC024 Verify user can select a product from featured product list from HomePage)                  </em>
                </div> <!-- method-content -->
              </div> <!-- method -->
              <div class="method">
                <div class="method-content">
                  <a name="R1dot2_TS005_TC024(MacBook)">
                  </a> <!-- R1dot2_TS005_TC024(MacBook) -->
                  <span class="method-name">R1dot2_TS005_TC024</span>
                  <span class="parameters">(MacBook)</span>
                  <em>
(R1.2_TS005_TC024 Verify user can select a product from featured product list from HomePage)                  </em>
                </div> <!-- method-content -->
              </div> <!-- method -->
              <div class="method">
                <div class="method-content">
                  <a name="R1dot2_TS005_TC024(Canon EOS 5D)">
                  </a> <!-- R1dot2_TS005_TC024(Canon EOS 5D) -->
                  <span class="method-name">R1dot2_TS005_TC024</span>
                  <span class="parameters">(Canon EOS 5D)</span>
                  <em>
(R1.2_TS005_TC024 Verify user can select a product from featured product list from HomePage)                  </em>
                </div> <!-- method-content -->
              </div> <!-- method -->
              <div class="method">
                <div class="method-content">
                  <a name="r1dot2_TS005_TC001">
                  </a> <!-- r1dot2_TS005_TC001 -->
                  <span class="method-name">r1dot2_TS005_TC001</span>
                  <em>
(R1.2_TS005_TC001 As an user I should be able to search a product which is present in database.)                  </em>
                </div> <!-- method-content -->
              </div> <!-- method -->
            </div> <!-- main-panel-content rounded-window-bottom -->
          </div> <!-- suite-Suite-class-passed -->
          <div class="suite-Suite-class-passed">
            <div class="main-panel-header rounded-window-top">
              <img src="passed.png"/>
              <span class="class-name">com.tutorialNinja.functionalTests.Draft</span>
            </div> <!-- main-panel-header rounded-window-top -->
            <div class="main-panel-content rounded-window-bottom">
              <div class="method">
                <div class="method-content">
                  <a name="readExcelDraft">
                  </a> <!-- readExcelDraft -->
                  <span class="method-name">readExcelDraft</span>
                  <em>
(validate readExcelDraft)                  </em>
                </div> <!-- method-content -->
              </div> <!-- method -->
              <div class="method">
                <div class="method-content">
                  <a name="testHomePageNav">
                  </a> <!-- testHomePageNav -->
                  <span class="method-name">testHomePageNav</span>
                  <em>
(draft test of product catagory page)                  </em>
                </div> <!-- method-content -->
              </div> <!-- method -->
              <div class="method">
                <div class="method-content">
                  <a name="testHomepageFeaturedProduct">
                  </a> <!-- testHomepageFeaturedProduct -->
                  <span class="method-name">testHomepageFeaturedProduct</span>
                  <em>
(click on homepage featured product)                  </em>
                </div> <!-- method-content -->
              </div> <!-- method -->
            </div> <!-- main-panel-content rounded-window-bottom -->
          </div> <!-- suite-Suite-class-passed -->
          <div class="suite-Suite-class-passed">
            <div class="main-panel-header rounded-window-top">
              <img src="passed.png"/>
              <span class="class-name">com.tutorialNinja.functionalTests.R1dot2_TS006_ProductCompareFunctionality</span>
            </div> <!-- main-panel-header rounded-window-top -->
            <div class="main-panel-content rounded-window-bottom">
              <div class="method">
                <div class="method-content">
                  <a name="r1dot2_TS006_TC001">
                  </a> <!-- r1dot2_TS006_TC001 -->
                  <span class="method-name">r1dot2_TS006_TC001</span>
                  <em>
(R1.2_TS006_TC001 As an user I should be able to select products for comparison.)                  </em>
                </div> <!-- method-content -->
              </div> <!-- method -->
            </div> <!-- main-panel-content rounded-window-bottom -->
          </div> <!-- suite-Suite-class-passed -->
          <div class="suite-Suite-class-passed">
            <div class="main-panel-header rounded-window-top">
              <img src="passed.png"/>
              <span class="class-name">com.tutorialNinja.functionalTests.R1dot1_TS001_RegisterFunctionality</span>
            </div> <!-- main-panel-header rounded-window-top -->
            <div class="main-panel-content rounded-window-bottom">
              <div class="method">
                <div class="method-content">
                  <a name="r1dot1_TS001_TC001">
                  </a> <!-- r1dot1_TS001_TC001 -->
                  <span class="method-name">r1dot1_TS001_TC001</span>
                  <em>
(R1.1_TS001_TC001 As a user I should be able to Register an Account by providing only the Mandatory fields)                  </em>
                </div> <!-- method-content -->
              </div> <!-- method -->
              <div class="method">
                <div class="method-content">
                  <a name="r1dot1_TS001_TC003">
                  </a> <!-- r1dot1_TS001_TC003 -->
                  <span class="method-name">r1dot1_TS001_TC003</span>
                  <em>
(R1.1_TS001_TC003 Verify Registering an Account by providing all the fields)                  </em>
                </div> <!-- method-content -->
              </div> <!-- method -->
              <div class="method">
                <div class="method-content">
                  <a name="r1dot1_TS001_TC004">
                  </a> <!-- r1dot1_TS001_TC004 -->
                  <span class="method-name">r1dot1_TS001_TC004</span>
                  <em>
(R1.1_TS001_TC004 Verify proper error messages are displayed for the mandatory fields, when you don't provide any mandatory fields in the 'Register Account' page and submit)                  </em>
                </div> <!-- method-content -->
              </div> <!-- method -->
              <div class="method">
                <div class="method-content">
                  <a name="r1dot1_TS001_TC028">
                  </a> <!-- r1dot1_TS001_TC028 -->
                  <span class="method-name">r1dot1_TS001_TC028</span>
                  <em>
(R1.1_TS001_TC028 Verify the application throws proper error message when user click continue button without selecting privacy and policy check box.)                  </em>
                </div> <!-- method-content -->
              </div> <!-- method -->
            </div> <!-- main-panel-content rounded-window-bottom -->
          </div> <!-- suite-Suite-class-passed -->
        </div> <!-- panel Suite -->
        <div panel-name="test-xml-Suite" class="panel">
          <div class="main-panel-header rounded-window-top">
            <span class="header-content">C:\Users\naimn\DEV\IDE\eclipse\tutorialNinja\regressionTest.xml</span>
          </div> <!-- main-panel-header rounded-window-top -->
          <div class="main-panel-content rounded-window-bottom">
            <pre>
&lt;?xml version=&quot;1.0&quot; encoding=&quot;UTF-8&quot;?&gt;
&lt;!DOCTYPE suite SYSTEM &quot;https://testng.org/testng-1.0.dtd&quot;&gt;
&lt;suite parallel=&quot;classes&quot; name=&quot;Suite&quot; guice-stage=&quot;DEVELOPMENT&quot;&gt;
  &lt;listeners&gt;
    &lt;listener class-name=&quot;testListenersAndReporter.TestNGListeners&quot;/&gt;
    &lt;listener class-name=&quot;testListenersAndReporter.TestNGitransformer&quot;/&gt;
  &lt;/listeners&gt;
  &lt;test thread-count=&quot;5&quot; parallel=&quot;classes&quot; name=&quot;Tutorial Ninja functional Regression Test&quot;&gt;
    &lt;classes&gt;
      &lt;class name=&quot;com.tutorialNinja.functionalTests.Draft&quot;/&gt;
      &lt;class name=&quot;com.tutorialNinja.functionalTests.R1dot1_TS001_RegisterFunctionality&quot;/&gt;
      &lt;class name=&quot;com.tutorialNinja.functionalTests.R1dot1_TS002_LoginFunctionality&quot;/&gt;
      &lt;class name=&quot;com.tutorialNinja.functionalTests.R1dot1_TS003_LogoutFunctionality&quot;/&gt;
      &lt;class name=&quot;com.tutorialNinja.functionalTests.R1dot2_TS006_ProductCompareFunctionality&quot;/&gt;
      &lt;class name=&quot;com.tutorialNinja.functionalTests.R1dot2_TS005_ProductSearchFunctionality&quot;/&gt;
      &lt;class name=&quot;com.tutorialNinja.functionalTests.R1dot3_TS012_CheckoutFunctionality&quot;/&gt;
      &lt;class name=&quot;com.tutorialNinja.functionalTests.R1dot1_TS004_ForgottenPasswordFunctionality&quot;/&gt;
    &lt;/classes&gt;
  &lt;/test&gt; &lt;!-- Tutorial Ninja functional Regression Test --&gt;
&lt;/suite&gt; &lt;!-- Suite --&gt;
            </pre>
          </div> <!-- main-panel-content rounded-window-bottom -->
        </div> <!-- panel -->
        <div panel-name="testlist-Suite" class="panel">
          <div class="main-panel-header rounded-window-top">
            <span class="header-content">Tests for Suite</span>
          </div> <!-- main-panel-header rounded-window-top -->
          <div class="main-panel-content rounded-window-bottom">
            <ul>
              <li>
                <span class="test-name">Tutorial Ninja functional Regression Test (8 classes)</span>
              </li>
            </ul>
          </div> <!-- main-panel-content rounded-window-bottom -->
        </div> <!-- panel -->
        <div panel-name="group-Suite" class="panel">
          <div class="main-panel-header rounded-window-top">
            <span class="header-content">Groups for Suite</span>
          </div> <!-- main-panel-header rounded-window-top -->
          <div class="main-panel-content rounded-window-bottom">
            <div class="test-group">
              <span class="test-group-name">negetive</span>
              <br/>
              <div class="method-in-group">
                <span class="method-in-group-name">R1dot3_TS012_TC001</span>
                <br/>
              </div> <!-- method-in-group -->
              <div class="method-in-group">
                <span class="method-in-group-name">loginPagefail</span>
                <br/>
              </div> <!-- method-in-group -->
              <div class="method-in-group">
                <span class="method-in-group-name">r1dot1_TS001_TC004</span>
                <br/>
              </div> <!-- method-in-group -->
              <div class="method-in-group">
                <span class="method-in-group-name">r1dot1_TS001_TC028</span>
                <br/>
              </div> <!-- method-in-group -->
              <div class="method-in-group">
                <span class="method-in-group-name">r1dot1_TS002_TC002</span>
                <br/>
              </div> <!-- method-in-group -->
              <div class="method-in-group">
                <span class="method-in-group-name">r1dot1_TS002_TC003</span>
                <br/>
              </div> <!-- method-in-group -->
            </div> <!-- test-group -->
            <div class="test-group">
              <span class="test-group-name">possitive</span>
              <br/>
              <div class="method-in-group">
                <span class="method-in-group-name">R1dot2_TS005_TC024</span>
                <br/>
              </div> <!-- method-in-group -->
              <div class="method-in-group">
                <span class="method-in-group-name">draftfail</span>
                <br/>
              </div> <!-- method-in-group -->
              <div class="method-in-group">
                <span class="method-in-group-name">r1dot1_TS001_TC001</span>
                <br/>
              </div> <!-- method-in-group -->
              <div class="method-in-group">
                <span class="method-in-group-name">r1dot1_TS001_TC003</span>
                <br/>
              </div> <!-- method-in-group -->
              <div class="method-in-group">
                <span class="method-in-group-name">r1dot1_TS002_TC001</span>
                <br/>
              </div> <!-- method-in-group -->
              <div class="method-in-group">
                <span class="method-in-group-name">r1dot1_TS003_TC001</span>
                <br/>
              </div> <!-- method-in-group -->
              <div class="method-in-group">
                <span class="method-in-group-name">r1dot1_TS003_TC002</span>
                <br/>
              </div> <!-- method-in-group -->
              <div class="method-in-group">
                <span class="method-in-group-name">r1dot1_TS003_TC003</span>
                <br/>
              </div> <!-- method-in-group -->
              <div class="method-in-group">
                <span class="method-in-group-name">r1dot1_TS004_TC001</span>
                <br/>
              </div> <!-- method-in-group -->
              <div class="method-in-group">
                <span class="method-in-group-name">r1dot1_TS004_TC002</span>
                <br/>
              </div> <!-- method-in-group -->
              <div class="method-in-group">
                <span class="method-in-group-name">r1dot2_TS005_TC001</span>
                <br/>
              </div> <!-- method-in-group -->
              <div class="method-in-group">
                <span class="method-in-group-name">r1dot2_TS006_TC001</span>
                <br/>
              </div> <!-- method-in-group -->
            </div> <!-- test-group -->
            <div class="test-group">
              <span class="test-group-name">smoke</span>
              <br/>
              <div class="method-in-group">
                <span class="method-in-group-name">R1dot2_TS005_TC024</span>
                <br/>
              </div> <!-- method-in-group -->
              <div class="method-in-group">
                <span class="method-in-group-name">r1dot1_TS001_TC001</span>
                <br/>
              </div> <!-- method-in-group -->
              <div class="method-in-group">
                <span class="method-in-group-name">r1dot1_TS001_TC003</span>
                <br/>
              </div> <!-- method-in-group -->
              <div class="method-in-group">
                <span class="method-in-group-name">r1dot1_TS001_TC004</span>
                <br/>
              </div> <!-- method-in-group -->
              <div class="method-in-group">
                <span class="method-in-group-name">r1dot1_TS001_TC028</span>
                <br/>
              </div> <!-- method-in-group -->
              <div class="method-in-group">
                <span class="method-in-group-name">r1dot1_TS002_TC001</span>
                <br/>
              </div> <!-- method-in-group -->
              <div class="method-in-group">
                <span class="method-in-group-name">r1dot1_TS002_TC002</span>
                <br/>
              </div> <!-- method-in-group -->
              <div class="method-in-group">
                <span class="method-in-group-name">r1dot1_TS002_TC003</span>
                <br/>
              </div> <!-- method-in-group -->
              <div class="method-in-group">
                <span class="method-in-group-name">r1dot1_TS003_TC001</span>
                <br/>
              </div> <!-- method-in-group -->
              <div class="method-in-group">
                <span class="method-in-group-name">r1dot1_TS003_TC002</span>
                <br/>
              </div> <!-- method-in-group -->
              <div class="method-in-group">
                <span class="method-in-group-name">r1dot1_TS003_TC003</span>
                <br/>
              </div> <!-- method-in-group -->
              <div class="method-in-group">
                <span class="method-in-group-name">r1dot1_TS004_TC001</span>
                <br/>
              </div> <!-- method-in-group -->
              <div class="method-in-group">
                <span class="method-in-group-name">r1dot1_TS004_TC002</span>
                <br/>
              </div> <!-- method-in-group -->
              <div class="method-in-group">
                <span class="method-in-group-name">r1dot2_TS005_TC001</span>
                <br/>
              </div> <!-- method-in-group -->
            </div> <!-- test-group -->
          </div> <!-- main-panel-content rounded-window-bottom -->
        </div> <!-- panel -->
        <div panel-name="times-Suite" class="panel">
          <div class="main-panel-header rounded-window-top">
            <span class="header-content">Times for Suite</span>
          </div> <!-- main-panel-header rounded-window-top -->
          <div class="main-panel-content rounded-window-bottom">
            <div class="times-div">
              <script type="text/javascript">
suiteTableInitFunctions.push('tableData_Suite');
function tableData_Suite() {
var data = new google.visualization.DataTable();
data.addColumn('number', 'Number');
data.addColumn('string', 'Method');
data.addColumn('string', 'Class');
data.addColumn('number', 'Time (ms)');
data.addRows(34);
data.setCell(0, 0, 0)
data.setCell(0, 1, 'r1dot1_TS003_TC003')
data.setCell(0, 2, 'com.tutorialNinja.functionalTests.R1dot1_TS003_LogoutFunctionality')
data.setCell(0, 3, 29372);
data.setCell(1, 0, 1)
data.setCell(1, 1, 'r1dot1_TS003_TC003')
data.setCell(1, 2, 'com.tutorialNinja.functionalTests.R1dot1_TS003_LogoutFunctionality')
data.setCell(1, 3, 27404);
data.setCell(2, 0, 2)
data.setCell(2, 1, 'r1dot1_TS003_TC003')
data.setCell(2, 2, 'com.tutorialNinja.functionalTests.R1dot1_TS003_LogoutFunctionality')
data.setCell(2, 3, 26411);
data.setCell(3, 0, 3)
data.setCell(3, 1, 'r1dot1_TS001_TC001')
data.setCell(3, 2, 'com.tutorialNinja.functionalTests.R1dot1_TS001_RegisterFunctionality')
data.setCell(3, 3, 17774);
data.setCell(4, 0, 4)
data.setCell(4, 1, 'R1dot2_TS005_TC024')
data.setCell(4, 2, 'com.tutorialNinja.functionalTests.R1dot2_TS005_ProductSearchFunctionality')
data.setCell(4, 3, 16095);
data.setCell(5, 0, 5)
data.setCell(5, 1, 'r1dot1_TS002_TC001')
data.setCell(5, 2, 'com.tutorialNinja.functionalTests.R1dot1_TS002_LoginFunctionality')
data.setCell(5, 3, 15332);
data.setCell(6, 0, 6)
data.setCell(6, 1, 'r1dot2_TS006_TC001')
data.setCell(6, 2, 'com.tutorialNinja.functionalTests.R1dot2_TS006_ProductCompareFunctionality')
data.setCell(6, 3, 15128);
data.setCell(7, 0, 7)
data.setCell(7, 1, 'r1dot1_TS001_TC003')
data.setCell(7, 2, 'com.tutorialNinja.functionalTests.R1dot1_TS001_RegisterFunctionality')
data.setCell(7, 3, 14524);
data.setCell(8, 0, 8)
data.setCell(8, 1, 'testHomePageNav')
data.setCell(8, 2, 'com.tutorialNinja.functionalTests.Draft')
data.setCell(8, 3, 13184);
data.setCell(9, 0, 9)
data.setCell(9, 1, 'r1dot1_TS004_TC002')
data.setCell(9, 2, 'com.tutorialNinja.functionalTests.R1dot1_TS004_ForgottenPasswordFunctionality')
data.setCell(9, 3, 13110);
data.setCell(10, 0, 10)
data.setCell(10, 1, 'draftfail')
data.setCell(10, 2, 'com.tutorialNinja.functionalTests.Draft')
data.setCell(10, 3, 12828);
data.setCell(11, 0, 11)
data.setCell(11, 1, 'R1dot3_TS012_TC001')
data.setCell(11, 2, 'com.tutorialNinja.functionalTests.R1dot3_TS012_CheckoutFunctionality')
data.setCell(11, 3, 12518);
data.setCell(12, 0, 12)
data.setCell(12, 1, 'r1dot1_TS003_TC001')
data.setCell(12, 2, 'com.tutorialNinja.functionalTests.R1dot1_TS003_LogoutFunctionality')
data.setCell(12, 3, 12351);
data.setCell(13, 0, 13)
data.setCell(13, 1, 'r1dot2_TS005_TC001')
data.setCell(13, 2, 'com.tutorialNinja.functionalTests.R1dot2_TS005_ProductSearchFunctionality')
data.setCell(13, 3, 11555);
data.setCell(14, 0, 14)
data.setCell(14, 1, 'testHomepageFeaturedProduct')
data.setCell(14, 2, 'com.tutorialNinja.functionalTests.Draft')
data.setCell(14, 3, 11509);
data.setCell(15, 0, 15)
data.setCell(15, 1, 'r1dot1_TS004_TC001')
data.setCell(15, 2, 'com.tutorialNinja.functionalTests.R1dot1_TS004_ForgottenPasswordFunctionality')
data.setCell(15, 3, 11488);
data.setCell(16, 0, 16)
data.setCell(16, 1, 'r1dot1_TS001_TC028')
data.setCell(16, 2, 'com.tutorialNinja.functionalTests.R1dot1_TS001_RegisterFunctionality')
data.setCell(16, 3, 11336);
data.setCell(17, 0, 17)
data.setCell(17, 1, 'r1dot1_TS002_TC003')
data.setCell(17, 2, 'com.tutorialNinja.functionalTests.R1dot1_TS002_LoginFunctionality')
data.setCell(17, 3, 11330);
data.setCell(18, 0, 18)
data.setCell(18, 1, 'r1dot1_TS002_TC002')
data.setCell(18, 2, 'com.tutorialNinja.functionalTests.R1dot1_TS002_LoginFunctionality')
data.setCell(18, 3, 10921);
data.setCell(19, 0, 19)
data.setCell(19, 1, 'r1dot1_TS002_TC002')
data.setCell(19, 2, 'com.tutorialNinja.functionalTests.R1dot1_TS002_LoginFunctionality')
data.setCell(19, 3, 10778);
data.setCell(20, 0, 20)
data.setCell(20, 1, 'r1dot1_TS003_TC002')
data.setCell(20, 2, 'com.tutorialNinja.functionalTests.R1dot1_TS003_LogoutFunctionality')
data.setCell(20, 3, 10775);
data.setCell(21, 0, 21)
data.setCell(21, 1, 'r1dot1_TS001_TC004')
data.setCell(21, 2, 'com.tutorialNinja.functionalTests.R1dot1_TS001_RegisterFunctionality')
data.setCell(21, 3, 10198);
data.setCell(22, 0, 22)
data.setCell(22, 1, 'r1dot1_TS002_TC002')
data.setCell(22, 2, 'com.tutorialNinja.functionalTests.R1dot1_TS002_LoginFunctionality')
data.setCell(22, 3, 9274);
data.setCell(23, 0, 23)
data.setCell(23, 1, 'r1dot1_TS002_TC003')
data.setCell(23, 2, 'com.tutorialNinja.functionalTests.R1dot1_TS002_LoginFunctionality')
data.setCell(23, 3, 9244);
data.setCell(24, 0, 24)
data.setCell(24, 1, 'R1dot2_TS005_TC024')
data.setCell(24, 2, 'com.tutorialNinja.functionalTests.R1dot2_TS005_ProductSearchFunctionality')
data.setCell(24, 3, 8118);
data.setCell(25, 0, 25)
data.setCell(25, 1, 'r1dot1_TS002_TC003')
data.setCell(25, 2, 'com.tutorialNinja.functionalTests.R1dot1_TS002_LoginFunctionality')
data.setCell(25, 3, 7977);
data.setCell(26, 0, 26)
data.setCell(26, 1, 'draftfail')
data.setCell(26, 2, 'com.tutorialNinja.functionalTests.Draft')
data.setCell(26, 3, 7860);
data.setCell(27, 0, 27)
data.setCell(27, 1, 'R1dot2_TS005_TC024')
data.setCell(27, 2, 'com.tutorialNinja.functionalTests.R1dot2_TS005_ProductSearchFunctionality')
data.setCell(27, 3, 7832);
data.setCell(28, 0, 28)
data.setCell(28, 1, 'loginPagefail')
data.setCell(28, 2, 'com.tutorialNinja.functionalTests.Draft')
data.setCell(28, 3, 7621);
data.setCell(29, 0, 29)
data.setCell(29, 1, 'R1dot2_TS005_TC024')
data.setCell(29, 2, 'com.tutorialNinja.functionalTests.R1dot2_TS005_ProductSearchFunctionality')
data.setCell(29, 3, 7616);
data.setCell(30, 0, 30)
data.setCell(30, 1, 'draftfail')
data.setCell(30, 2, 'com.tutorialNinja.functionalTests.Draft')
data.setCell(30, 3, 6967);
data.setCell(31, 0, 31)
data.setCell(31, 1, 'loginPagefail')
data.setCell(31, 2, 'com.tutorialNinja.functionalTests.Draft')
data.setCell(31, 3, 6784);
data.setCell(32, 0, 32)
data.setCell(32, 1, 'loginPagefail')
data.setCell(32, 2, 'com.tutorialNinja.functionalTests.Draft')
data.setCell(32, 3, 6401);
data.setCell(33, 0, 33)
data.setCell(33, 1, 'readExcelDraft')
data.setCell(33, 2, 'com.tutorialNinja.functionalTests.Draft')
data.setCell(33, 3, 2069);
window.suiteTableData['Suite']= { tableData: data, tableDiv: 'times-div-Suite'}
return data;
}
              </script>
              <span class="suite-total-time">Total running time: 6 minutes</span>
              <div id="times-div-Suite">
              </div> <!-- times-div-Suite -->
            </div> <!-- times-div -->
          </div> <!-- main-panel-content rounded-window-bottom -->
        </div> <!-- panel -->
        <div panel-name="reporter-Suite" class="panel">
          <div class="main-panel-header rounded-window-top">
            <span class="header-content">Reporter output for Suite</span>
          </div> <!-- main-panel-header rounded-window-top -->
          <div class="main-panel-content rounded-window-bottom">
          </div> <!-- main-panel-content rounded-window-bottom -->
        </div> <!-- panel -->
        <div panel-name="ignored-methods-Suite" class="panel">
          <div class="main-panel-header rounded-window-top">
            <span class="header-content">0 ignored methods</span>
          </div> <!-- main-panel-header rounded-window-top -->
          <div class="main-panel-content rounded-window-bottom">
          </div> <!-- main-panel-content rounded-window-bottom -->
        </div> <!-- panel -->
        <div panel-name="chronological-Suite" class="panel">
          <div class="main-panel-header rounded-window-top">
            <span class="header-content">Methods in chronological order</span>
          </div> <!-- main-panel-header rounded-window-top -->
          <div class="main-panel-content rounded-window-bottom">
            <div class="chronological-class">
              <div class="chronological-class-name">com.tutorialNinja.functionalTests.R1dot3_TS012_CheckoutFunctionality</div> <!-- chronological-class-name -->
              <div class="test-method">
                <span class="method-name">R1dot3_TS012_TC001</span>
                <span class="method-start">0 ms</span>
              </div> <!-- test-method -->
            </div> <!-- chronological-class -->
            <div class="chronological-class">
              <div class="chronological-class-name">com.tutorialNinja.functionalTests.R1dot1_TS002_LoginFunctionality</div> <!-- chronological-class-name -->
              <div class="test-method">
                <span class="method-name">r1dot1_TS002_TC001</span>
                <span class="method-start">0 ms</span>
              </div> <!-- test-method -->
            </div> <!-- chronological-class -->
            <div class="chronological-class">
              <div class="chronological-class-name">com.tutorialNinja.functionalTests.R1dot2_TS006_ProductCompareFunctionality</div> <!-- chronological-class-name -->
              <div class="test-method">
                <span class="method-name">r1dot2_TS006_TC001</span>
                <span class="method-start">0 ms</span>
              </div> <!-- test-method -->
            </div> <!-- chronological-class -->
            <div class="chronological-class">
              <div class="chronological-class-name">com.tutorialNinja.functionalTests.Draft</div> <!-- chronological-class-name -->
              <div class="test-method">
                <span class="method-name">draftfail</span>
                <span class="method-start">0 ms</span>
              </div> <!-- test-method -->
            </div> <!-- chronological-class -->
            <div class="chronological-class">
              <div class="chronological-class-name">com.tutorialNinja.functionalTests.R1dot1_TS001_RegisterFunctionality</div> <!-- chronological-class-name -->
              <div class="test-method">
                <span class="method-name">r1dot1_TS001_TC001</span>
                <span class="method-start">1 ms</span>
              </div> <!-- test-method -->
            </div> <!-- chronological-class -->
            <div class="chronological-class">
              <div class="chronological-class-name">com.tutorialNinja.functionalTests.R1dot3_TS012_CheckoutFunctionality</div> <!-- chronological-class-name -->
              <div class="configuration-method after">
                <span class="method-name">quitDriver</span>
                <span class="method-start">12549 ms</span>
              </div> <!-- configuration-method after -->
            </div> <!-- chronological-class -->
            <div class="chronological-class">
              <div class="chronological-class-name">com.tutorialNinja.functionalTests.Draft</div> <!-- chronological-class-name -->
              <div class="configuration-method after">
                <span class="method-name">quitDriver</span>
                <span class="method-start">12849 ms</span>
              </div> <!-- configuration-method after -->
            </div> <!-- chronological-class -->
            <div class="chronological-class">
              <div class="chronological-class-name">com.tutorialNinja.functionalTests.R1dot1_TS003_LogoutFunctionality</div> <!-- chronological-class-name -->
              <div class="test-method">
                <span class="method-name">r1dot1_TS003_TC001</span>
                <span class="method-start">13706 ms</span>
              </div> <!-- test-method -->
            </div> <!-- chronological-class -->
            <div class="chronological-class">
              <div class="chronological-class-name">com.tutorialNinja.functionalTests.Draft</div> <!-- chronological-class-name -->
              <div class="test-method">
                <span class="method-name">draftfail</span>
                <span class="method-start">13767 ms</span>
              </div> <!-- test-method -->
            </div> <!-- chronological-class -->
            <div class="chronological-class">
              <div class="chronological-class-name">com.tutorialNinja.functionalTests.R1dot2_TS006_ProductCompareFunctionality</div> <!-- chronological-class-name -->
              <div class="configuration-method after">
                <span class="method-name">quitDriver</span>
                <span class="method-start">15135 ms</span>
              </div> <!-- configuration-method after -->
            </div> <!-- chronological-class -->
            <div class="chronological-class">
              <div class="chronological-class-name">com.tutorialNinja.functionalTests.R1dot1_TS002_LoginFunctionality</div> <!-- chronological-class-name -->
              <div class="configuration-method after">
                <span class="method-name">quitDriver</span>
                <span class="method-start">15335 ms</span>
              </div> <!-- configuration-method after -->
            </div> <!-- chronological-class -->
            <div class="chronological-class">
              <div class="chronological-class-name">com.tutorialNinja.functionalTests.R1dot1_TS004_ForgottenPasswordFunctionality</div> <!-- chronological-class-name -->
              <div class="test-method">
                <span class="method-name">r1dot1_TS004_TC001</span>
                <span class="method-start">15420 ms</span>
              </div> <!-- test-method -->
            </div> <!-- chronological-class -->
            <div class="chronological-class">
              <div class="chronological-class-name">com.tutorialNinja.functionalTests.R1dot1_TS002_LoginFunctionality</div> <!-- chronological-class-name -->
              <div class="test-method">
                <span class="method-name">r1dot1_TS002_TC002</span>
                <span class="method-start">17357 ms</span>
              </div> <!-- test-method -->
            </div> <!-- chronological-class -->
            <div class="chronological-class">
              <div class="chronological-class-name">com.tutorialNinja.functionalTests.R1dot1_TS001_RegisterFunctionality</div> <!-- chronological-class-name -->
              <div class="configuration-method after">
                <span class="method-name">quitDriver</span>
                <span class="method-start">17777 ms</span>
              </div> <!-- configuration-method after -->
              <div class="test-method">
                <span class="method-name">r1dot1_TS001_TC003</span>
                <span class="method-start">18751 ms</span>
              </div> <!-- test-method -->
            </div> <!-- chronological-class -->
            <div class="chronological-class">
              <div class="chronological-class-name">com.tutorialNinja.functionalTests.Draft</div> <!-- chronological-class-name -->
              <div class="configuration-method after">
                <span class="method-name">quitDriver</span>
                <span class="method-start">21633 ms</span>
              </div> <!-- configuration-method after -->
              <div class="test-method">
                <img src="failed.png">
                </img>
                <span class="method-name">draftfail</span>
                <span class="method-start">21996 ms</span>
              </div> <!-- test-method -->
            </div> <!-- chronological-class -->
            <div class="chronological-class">
              <div class="chronological-class-name">com.tutorialNinja.functionalTests.R1dot1_TS003_LogoutFunctionality</div> <!-- chronological-class-name -->
              <div class="configuration-method after">
                <span class="method-name">quitDriver</span>
                <span class="method-start">26057 ms</span>
              </div> <!-- configuration-method after -->
              <div class="test-method">
                <span class="method-name">r1dot1_TS003_TC002</span>
                <span class="method-start">26277 ms</span>
              </div> <!-- test-method -->
            </div> <!-- chronological-class -->
            <div class="chronological-class">
              <div class="chronological-class-name">com.tutorialNinja.functionalTests.R1dot1_TS004_ForgottenPasswordFunctionality</div> <!-- chronological-class-name -->
              <div class="configuration-method after">
                <span class="method-name">quitDriver</span>
                <span class="method-start">26911 ms</span>
              </div> <!-- configuration-method after -->
              <div class="test-method">
                <span class="method-name">r1dot1_TS004_TC002</span>
                <span class="method-start">27222 ms</span>
              </div> <!-- test-method -->
            </div> <!-- chronological-class -->
            <div class="chronological-class">
              <div class="chronological-class-name">com.tutorialNinja.functionalTests.R1dot1_TS002_LoginFunctionality</div> <!-- chronological-class-name -->
              <div class="configuration-method after">
                <span class="method-name">quitDriver</span>
                <span class="method-start">28139 ms</span>
              </div> <!-- configuration-method after -->
              <div class="test-method">
                <span class="method-name">r1dot1_TS002_TC002</span>
                <span class="method-start">29339 ms</span>
              </div> <!-- test-method -->
            </div> <!-- chronological-class -->
            <div class="chronological-class">
              <div class="chronological-class-name">com.tutorialNinja.functionalTests.Draft</div> <!-- chronological-class-name -->
              <div class="configuration-method after">
                <span class="method-name">quitDriver</span>
                <span class="method-start">29428 ms</span>
              </div> <!-- configuration-method after -->
              <div class="test-method">
                <span class="method-name">loginPagefail</span>
                <span class="method-start">30652 ms</span>
              </div> <!-- test-method -->
            </div> <!-- chronological-class -->
            <div class="chronological-class">
              <div class="chronological-class-name">com.tutorialNinja.functionalTests.R1dot1_TS001_RegisterFunctionality</div> <!-- chronological-class-name -->
              <div class="configuration-method after">
                <span class="method-name">quitDriver</span>
                <span class="method-start">33277 ms</span>
              </div> <!-- configuration-method after -->
              <div class="test-method">
                <span class="method-name">r1dot1_TS001_TC004</span>
                <span class="method-start">33567 ms</span>
              </div> <!-- test-method -->
            </div> <!-- chronological-class -->
            <div class="chronological-class">
              <div class="chronological-class-name">com.tutorialNinja.functionalTests.R1dot1_TS003_LogoutFunctionality</div> <!-- chronological-class-name -->
              <div class="configuration-method after">
                <span class="method-name">quitDriver</span>
                <span class="method-start">37053 ms</span>
              </div> <!-- configuration-method after -->
            </div> <!-- chronological-class -->
            <div class="chronological-class">
              <div class="chronological-class-name">com.tutorialNinja.functionalTests.Draft</div> <!-- chronological-class-name -->
              <div class="configuration-method after">
                <span class="method-name">quitDriver</span>
                <span class="method-start">37055 ms</span>
              </div> <!-- configuration-method after -->
              <div class="test-method">
                <span class="method-name">loginPagefail</span>
                <span class="method-start">37707 ms</span>
              </div> <!-- test-method -->
            </div> <!-- chronological-class -->
            <div class="chronological-class">
              <div class="chronological-class-name">com.tutorialNinja.functionalTests.R1dot1_TS003_LogoutFunctionality</div> <!-- chronological-class-name -->
              <div class="test-method">
                <span class="method-name">r1dot1_TS003_TC003</span>
                <span class="method-start">37860 ms</span>
              </div> <!-- test-method -->
            </div> <!-- chronological-class -->
            <div class="chronological-class">
              <div class="chronological-class-name">com.tutorialNinja.functionalTests.R1dot1_TS002_LoginFunctionality</div> <!-- chronological-class-name -->
              <div class="configuration-method after">
                <span class="method-name">quitDriver</span>
                <span class="method-start">40273 ms</span>
              </div> <!-- configuration-method after -->
            </div> <!-- chronological-class -->
            <div class="chronological-class">
              <div class="chronological-class-name">com.tutorialNinja.functionalTests.R1dot1_TS004_ForgottenPasswordFunctionality</div> <!-- chronological-class-name -->
              <div class="configuration-method after">
                <span class="method-name">quitDriver</span>
                <span class="method-start">40333 ms</span>
              </div> <!-- configuration-method after -->
            </div> <!-- chronological-class -->
            <div class="chronological-class">
              <div class="chronological-class-name">com.tutorialNinja.functionalTests.R1dot1_TS002_LoginFunctionality</div> <!-- chronological-class-name -->
              <div class="test-method">
                <img src="failed.png">
                </img>
                <span class="method-name">r1dot1_TS002_TC002</span>
                <span class="method-start">40523 ms</span>
              </div> <!-- test-method -->
            </div> <!-- chronological-class -->
            <div class="chronological-class">
              <div class="chronological-class-name">com.tutorialNinja.functionalTests.R1dot2_TS005_ProductSearchFunctionality</div> <!-- chronological-class-name -->
              <div class="test-method">
                <span class="method-name">r1dot2_TS005_TC001</span>
                <span class="method-start">40959 ms</span>
              </div> <!-- test-method -->
            </div> <!-- chronological-class -->
            <div class="chronological-class">
              <div class="chronological-class-name">com.tutorialNinja.functionalTests.R1dot1_TS001_RegisterFunctionality</div> <!-- chronological-class-name -->
              <div class="configuration-method after">
                <span class="method-name">quitDriver</span>
                <span class="method-start">43766 ms</span>
              </div> <!-- configuration-method after -->
              <div class="test-method">
                <span class="method-name">r1dot1_TS001_TC028</span>
                <span class="method-start">44019 ms</span>
              </div> <!-- test-method -->
            </div> <!-- chronological-class -->
            <div class="chronological-class">
              <div class="chronological-class-name">com.tutorialNinja.functionalTests.Draft</div> <!-- chronological-class-name -->
              <div class="configuration-method after">
                <span class="method-name">quitDriver</span>
                <span class="method-start">44493 ms</span>
              </div> <!-- configuration-method after -->
              <div class="test-method">
                <img src="failed.png">
                </img>
                <span class="method-name">loginPagefail</span>
                <span class="method-start">44726 ms</span>
              </div> <!-- test-method -->
            </div> <!-- chronological-class -->
            <div class="chronological-class">
              <div class="chronological-class-name">com.tutorialNinja.functionalTests.R1dot1_TS002_LoginFunctionality</div> <!-- chronological-class-name -->
              <div class="configuration-method after">
                <span class="method-name">quitDriver</span>
                <span class="method-start">50021 ms</span>
              </div> <!-- configuration-method after -->
              <div class="test-method">
                <span class="method-name">r1dot1_TS002_TC003</span>
                <span class="method-start">50261 ms</span>
              </div> <!-- test-method -->
            </div> <!-- chronological-class -->
            <div class="chronological-class">
              <div class="chronological-class-name">com.tutorialNinja.functionalTests.R1dot2_TS005_ProductSearchFunctionality</div> <!-- chronological-class-name -->
              <div class="configuration-method after">
                <span class="method-name">quitDriver</span>
                <span class="method-start">52516 ms</span>
              </div> <!-- configuration-method after -->
            </div> <!-- chronological-class -->
            <div class="chronological-class">
              <div class="chronological-class-name">com.tutorialNinja.functionalTests.Draft</div> <!-- chronological-class-name -->
              <div class="configuration-method after">
                <span class="method-name">quitDriver</span>
                <span class="method-start">52731 ms</span>
              </div> <!-- configuration-method after -->
              <div class="test-method">
                <span class="method-name">readExcelDraft</span>
                <span class="method-start">53346 ms</span>
              </div> <!-- test-method -->
            </div> <!-- chronological-class -->
            <div class="chronological-class">
              <div class="chronological-class-name">com.tutorialNinja.functionalTests.R1dot2_TS005_ProductSearchFunctionality</div> <!-- chronological-class-name -->
              <div class="test-method">
                <span class="method-name">R1dot2_TS005_TC024(MacBook)</span>
                <span class="method-start">53363 ms</span>
              </div> <!-- test-method -->
            </div> <!-- chronological-class -->
            <div class="chronological-class">
              <div class="chronological-class-name">com.tutorialNinja.functionalTests.R1dot1_TS001_RegisterFunctionality</div> <!-- chronological-class-name -->
              <div class="configuration-method after">
                <span class="method-name">quitDriver</span>
                <span class="method-start">55356 ms</span>
              </div> <!-- configuration-method after -->
            </div> <!-- chronological-class -->
            <div class="chronological-class">
              <div class="chronological-class-name">com.tutorialNinja.functionalTests.Draft</div> <!-- chronological-class-name -->
              <div class="configuration-method after">
                <span class="method-name">quitDriver</span>
                <span class="method-start">55419 ms</span>
              </div> <!-- configuration-method after -->
              <div class="test-method">
                <span class="method-name">testHomePageNav</span>
                <span class="method-start">55420 ms</span>
              </div> <!-- test-method -->
            </div> <!-- chronological-class -->
            <div class="chronological-class">
              <div class="chronological-class-name">com.tutorialNinja.functionalTests.R1dot1_TS002_LoginFunctionality</div> <!-- chronological-class-name -->
              <div class="configuration-method after">
                <span class="method-name">quitDriver</span>
                <span class="method-start">59506 ms</span>
              </div> <!-- configuration-method after -->
              <div class="test-method">
                <span class="method-name">r1dot1_TS002_TC003</span>
                <span class="method-start">59698 ms</span>
              </div> <!-- test-method -->
            </div> <!-- chronological-class -->
            <div class="chronological-class">
              <div class="chronological-class-name">com.tutorialNinja.functionalTests.R1dot2_TS005_ProductSearchFunctionality</div> <!-- chronological-class-name -->
              <div class="configuration-method after">
                <span class="method-name">quitDriver</span>
                <span class="method-start">61198 ms</span>
              </div> <!-- configuration-method after -->
              <div class="test-method">
                <span class="method-name">R1dot2_TS005_TC024(iPhone)</span>
                <span class="method-start">61426 ms</span>
              </div> <!-- test-method -->
            </div> <!-- chronological-class -->
            <div class="chronological-class">
              <div class="chronological-class-name">com.tutorialNinja.functionalTests.R1dot1_TS003_LogoutFunctionality</div> <!-- chronological-class-name -->
              <div class="configuration-method after">
                <span class="method-name">quitDriver</span>
                <span class="method-start">67236 ms</span>
              </div> <!-- configuration-method after -->
              <div class="test-method">
                <span class="method-name">r1dot1_TS003_TC003</span>
                <span class="method-start">67469 ms</span>
              </div> <!-- test-method -->
            </div> <!-- chronological-class -->
            <div class="chronological-class">
              <div class="chronological-class-name">com.tutorialNinja.functionalTests.R1dot1_TS002_LoginFunctionality</div> <!-- chronological-class-name -->
              <div class="configuration-method after">
                <span class="method-name">quitDriver</span>
                <span class="method-start">67678 ms</span>
              </div> <!-- configuration-method after -->
              <div class="test-method">
                <img src="failed.png">
                </img>
                <span class="method-name">r1dot1_TS002_TC003</span>
                <span class="method-start">67884 ms</span>
              </div> <!-- test-method -->
            </div> <!-- chronological-class -->
            <div class="chronological-class">
              <div class="chronological-class-name">com.tutorialNinja.functionalTests.Draft</div> <!-- chronological-class-name -->
              <div class="configuration-method after">
                <span class="method-name">quitDriver</span>
                <span class="method-start">68605 ms</span>
              </div> <!-- configuration-method after -->
            </div> <!-- chronological-class -->
            <div class="chronological-class">
              <div class="chronological-class-name">com.tutorialNinja.functionalTests.R1dot2_TS005_ProductSearchFunctionality</div> <!-- chronological-class-name -->
              <div class="configuration-method after">
                <span class="method-name">quitDriver</span>
                <span class="method-start">69045 ms</span>
              </div> <!-- configuration-method after -->
            </div> <!-- chronological-class -->
            <div class="chronological-class">
              <div class="chronological-class-name">com.tutorialNinja.functionalTests.Draft</div> <!-- chronological-class-name -->
              <div class="test-method">
                <span class="method-name">testHomepageFeaturedProduct</span>
                <span class="method-start">70032 ms</span>
              </div> <!-- test-method -->
            </div> <!-- chronological-class -->
            <div class="chronological-class">
              <div class="chronological-class-name">com.tutorialNinja.functionalTests.R1dot2_TS005_ProductSearchFunctionality</div> <!-- chronological-class-name -->
              <div class="test-method">
                <span class="method-name">R1dot2_TS005_TC024(Apple Cinema 30")</span>
                <span class="method-start">70236 ms</span>
              </div> <!-- test-method -->
            </div> <!-- chronological-class -->
            <div class="chronological-class">
              <div class="chronological-class-name">com.tutorialNinja.functionalTests.R1dot1_TS002_LoginFunctionality</div> <!-- chronological-class-name -->
              <div class="configuration-method after">
                <span class="method-name">quitDriver</span>
                <span class="method-start">79532 ms</span>
              </div> <!-- configuration-method after -->
            </div> <!-- chronological-class -->
            <div class="chronological-class">
              <div class="chronological-class-name">com.tutorialNinja.functionalTests.Draft</div> <!-- chronological-class-name -->
              <div class="configuration-method after">
                <span class="method-name">quitDriver</span>
                <span class="method-start">81542 ms</span>
              </div> <!-- configuration-method after -->
            </div> <!-- chronological-class -->
            <div class="chronological-class">
              <div class="chronological-class-name">com.tutorialNinja.functionalTests.R1dot2_TS005_ProductSearchFunctionality</div> <!-- chronological-class-name -->
              <div class="configuration-method after">
                <span class="method-name">quitDriver</span>
                <span class="method-start">86331 ms</span>
              </div> <!-- configuration-method after -->
              <div class="test-method">
                <span class="method-name">R1dot2_TS005_TC024(Canon EOS 5D)</span>
                <span class="method-start">86504 ms</span>
              </div> <!-- test-method -->
            </div> <!-- chronological-class -->
            <div class="chronological-class">
              <div class="chronological-class-name">com.tutorialNinja.functionalTests.R1dot1_TS003_LogoutFunctionality</div> <!-- chronological-class-name -->
              <div class="configuration-method after">
                <span class="method-name">quitDriver</span>
                <span class="method-start">93880 ms</span>
              </div> <!-- configuration-method after -->
              <div class="test-method">
                <img src="failed.png">
                </img>
                <span class="method-name">r1dot1_TS003_TC003</span>
                <span class="method-start">94065 ms</span>
              </div> <!-- test-method -->
            </div> <!-- chronological-class -->
            <div class="chronological-class">
              <div class="chronological-class-name">com.tutorialNinja.functionalTests.R1dot2_TS005_ProductSearchFunctionality</div> <!-- chronological-class-name -->
              <div class="configuration-method after">
                <span class="method-name">quitDriver</span>
                <span class="method-start">94623 ms</span>
              </div> <!-- configuration-method after -->
            </div> <!-- chronological-class -->
            <div class="chronological-class">
              <div class="chronological-class-name">com.tutorialNinja.functionalTests.R1dot1_TS003_LogoutFunctionality</div> <!-- chronological-class-name -->
              <div class="configuration-method after">
                <span class="method-name">quitDriver</span>
                <span class="method-start">121786 ms</span>
              </div> <!-- configuration-method after -->
          </div> <!-- main-panel-content rounded-window-bottom -->
        </div> <!-- panel -->
      </div> <!-- main-panel-root -->
    </div> <!-- wrapper -->
  </body>
<script type="text/javascript" src="testng-reports2.js"></script>
</html>
